2024-08-05 17:44:38,749 - INFO - Output log file initialized
2024-08-05 17:44:38,749 - INFO - pyDeltaRCM version 2.1.4
2024-08-05 17:44:38,749 - INFO - Python version 3.11.9 | packaged by conda-forge | (main, Apr 19 2024, 18:36:13) [GCC 12.3.0]
2024-08-05 17:44:38,749 - INFO - Platform: Linux-6.8.0-1012-aws-x86_64-with-glibc2.39
2024-08-05 17:44:38,749 - INFO - Setting up model configuration
2024-08-05 17:44:38,749 - INFO - Model type is: VegetationModel
2024-08-05 17:44:38,749 - INFO - Configuration variable `out_dir`: ./vegetation_output
2024-08-05 17:44:38,749 - INFO - Configuration variable `verbose`: 1
2024-08-05 17:44:38,749 - INFO - Configuration variable `seed`: None
2024-08-05 17:44:38,749 - INFO - Configuration variable `Length`: 3000.0
2024-08-05 17:44:38,749 - INFO - Configuration variable `Width`: 6000.0
2024-08-05 17:44:38,749 - INFO - Configuration variable `dx`: 50
2024-08-05 17:44:38,749 - INFO - Configuration variable `L0_meters`: 150
2024-08-05 17:44:38,749 - INFO - Configuration variable `S0`: 0.00015
2024-08-05 17:44:38,749 - INFO - Configuration variable `itermax`: 2
2024-08-05 17:44:38,749 - INFO - Configuration variable `Np_water`: 500
2024-08-05 17:44:38,749 - INFO - Configuration variable `u0`: 1.1
2024-08-05 17:44:38,749 - INFO - Configuration variable `N0_meters`: 150
2024-08-05 17:44:38,749 - INFO - Configuration variable `h0`: 4
2024-08-05 17:44:38,749 - INFO - Configuration variable `hb`: None
2024-08-05 17:44:38,749 - INFO - Configuration variable `H_SL`: 0.0
2024-08-05 17:44:38,749 - INFO - Configuration variable `SLR`: 0.0
2024-08-05 17:44:38,749 - INFO - Configuration variable `Np_sed`: 500
2024-08-05 17:44:38,749 - INFO - Configuration variable `f_bedload`: 0.5
2024-08-05 17:44:38,749 - INFO - Configuration variable `active_layer_thickness`: None
2024-08-05 17:44:38,749 - INFO - Configuration variable `C0_percent`: 0.1
2024-08-05 17:44:38,749 - INFO - Configuration variable `Csmooth`: 0.9
2024-08-05 17:44:38,749 - INFO - Configuration variable `toggle_subsidence`: False
2024-08-05 17:44:38,749 - INFO - Configuration variable `subsidence_rate`: 2e-09
2024-08-05 17:44:38,749 - INFO - Configuration variable `start_subsidence`: 216000
2024-08-05 17:44:38,749 - INFO - Configuration variable `save_eta_figs`: True
2024-08-05 17:44:38,749 - INFO - Configuration variable `save_stage_figs`: False
2024-08-05 17:44:38,749 - INFO - Configuration variable `save_depth_figs`: False
2024-08-05 17:44:38,749 - INFO - Configuration variable `save_discharge_figs`: False
2024-08-05 17:44:38,749 - INFO - Configuration variable `save_velocity_figs`: False
2024-08-05 17:44:38,749 - INFO - Configuration variable `save_sedflux_figs`: False
2024-08-05 17:44:38,749 - INFO - Configuration variable `save_sandfrac_figs`: False
2024-08-05 17:44:38,749 - INFO - Configuration variable `save_figs_sequential`: True
2024-08-05 17:44:38,749 - INFO - Configuration variable `save_metadata`: False
2024-08-05 17:44:38,749 - INFO - Configuration variable `save_eta_grids`: True
2024-08-05 17:44:38,749 - INFO - Configuration variable `save_stage_grids`: False
2024-08-05 17:44:38,749 - INFO - Configuration variable `save_depth_grids`: False
2024-08-05 17:44:38,749 - INFO - Configuration variable `save_discharge_grids`: False
2024-08-05 17:44:38,749 - INFO - Configuration variable `save_velocity_grids`: True
2024-08-05 17:44:38,749 - INFO - Configuration variable `save_sedflux_grids`: False
2024-08-05 17:44:38,749 - INFO - Configuration variable `save_sandfrac_grids`: True
2024-08-05 17:44:38,749 - INFO - Configuration variable `save_discharge_components`: False
2024-08-05 17:44:38,749 - INFO - Configuration variable `save_velocity_components`: False
2024-08-05 17:44:38,749 - INFO - Configuration variable `save_dt`: 86400
2024-08-05 17:44:38,749 - INFO - Configuration variable `checkpoint_dt`: None
2024-08-05 17:44:38,749 - INFO - Configuration variable `save_checkpoint`: True
2024-08-05 17:44:38,749 - INFO - Configuration variable `resume_checkpoint`: False
2024-08-05 17:44:38,749 - INFO - Configuration variable `omega_sfc`: 0.1
2024-08-05 17:44:38,749 - INFO - Configuration variable `omega_flow`: 0.9
2024-08-05 17:44:38,750 - INFO - Configuration variable `Nsmooth`: 10
2024-08-05 17:44:38,750 - INFO - Configuration variable `theta_water`: 1.0
2024-08-05 17:44:38,750 - INFO - Configuration variable `coeff_theta_sand`: 2.0
2024-08-05 17:44:38,750 - INFO - Configuration variable `coeff_theta_mud`: 1.0
2024-08-05 17:44:38,750 - INFO - Configuration variable `beta`: 3
2024-08-05 17:44:38,750 - INFO - Configuration variable `sed_lag`: 1.0
2024-08-05 17:44:38,750 - INFO - Configuration variable `coeff_U_dep_mud`: 0.3
2024-08-05 17:44:38,750 - INFO - Configuration variable `coeff_U_ero_mud`: 1.5
2024-08-05 17:44:38,750 - INFO - Configuration variable `coeff_U_ero_sand`: 1.05
2024-08-05 17:44:38,750 - INFO - Configuration variable `alpha`: 0.1
2024-08-05 17:44:38,750 - INFO - Configuration variable `stepmax`: None
2024-08-05 17:44:38,750 - INFO - Configuration variable `sand_frac_bc`: 0
2024-08-05 17:44:38,750 - INFO - Configuration variable `clobber_netcdf`: True
2024-08-05 17:44:38,750 - INFO - Configuration variable `legacy_netcdf`: False
2024-08-05 17:44:38,750 - INFO - Configuration variable `vegetation`: True
2024-08-05 17:44:38,750 - INFO - Configuration variable `save_veg_frac_figs`: True
2024-08-05 17:44:38,750 - INFO - Configuration variable `p_veg_d_root`: 0.2
2024-08-05 17:44:38,750 - INFO - Configuration variable `p_veg_d_stem`: 0.06
2024-08-05 17:44:38,750 - INFO - Configuration variable `p_veg_K`: 800
2024-08-05 17:44:38,750 - INFO - Configuration variable `p_veg_r`: 1
2024-08-05 17:44:38,750 - INFO - Configuration variable `p_veg_est_flood_dur`: 3
2024-08-05 17:44:38,750 - INFO - Configuration variable `p_veg_est_inter_dur`: 100
2024-08-05 17:44:38,750 - INFO - Configuration variable `p_veg_est_depth`: 0.5
2024-08-05 17:44:38,750 - INFO - Configuration variable `p_veg_est_roc`: 0.01
2024-08-05 17:44:38,750 - INFO - Configuration variable `p_veg_est_init`: 0.05
2024-08-05 17:44:38,750 - INFO - Random seed is: 3870701295 
2024-08-05 17:44:38,750 - INFO - Setting other variables
2024-08-05 17:44:38,750 - INFO - Setting model constants
2024-08-05 17:44:38,750 - INFO - Creating model domain
2024-08-05 17:44:38,758 - INFO - Initializing sediment routers
2024-08-05 17:44:38,758 - INFO - Initializing subsidence
2024-08-05 17:44:38,758 - INFO - Initializing output NetCDF4 file
2024-08-05 17:44:38,758 - WARNING - Replacing existing netCDF file
2024-08-05 17:44:38,764 - INFO - Saving data to output file: 00000
2024-08-05 17:44:38,942 - INFO - Saving checkpoint
2024-08-05 17:44:38,945 - INFO - Model initialization complete
2024-08-05 17:44:38,945 - INFO - Time: 0.0; timestep: 0
2024-08-05 17:44:39,147 - INFO - Time: 13636.4; timestep: 1
2024-08-05 17:44:39,371 - INFO - Time: 27272.7; timestep: 2
2024-08-05 17:44:39,618 - INFO - Time: 40909.1; timestep: 3
2024-08-05 17:44:39,856 - INFO - Time: 54545.5; timestep: 4
2024-08-05 17:44:40,091 - INFO - Time: 68181.8; timestep: 5
2024-08-05 17:44:40,308 - INFO - Time: 81818.2; timestep: 6
2024-08-05 17:44:40,530 - INFO - Time: 95454.5; timestep: 7
2024-08-05 17:44:40,530 - INFO - Saving data to output file: 00001
2024-08-05 17:44:40,702 - INFO - Saving checkpoint
2024-08-05 17:44:40,912 - INFO - Time: 109090.9; timestep: 8
2024-08-05 17:44:41,130 - INFO - Time: 122727.3; timestep: 9
2024-08-05 17:44:41,349 - INFO - Time: 136363.6; timestep: 10
2024-08-05 17:44:41,585 - INFO - Time: 150000.0; timestep: 11
2024-08-05 17:44:41,835 - INFO - Time: 163636.4; timestep: 12
2024-08-05 17:44:42,105 - INFO - Time: 177272.7; timestep: 13
2024-08-05 17:44:42,325 - INFO - Time: 190909.1; timestep: 14
2024-08-05 17:44:42,325 - INFO - Saving data to output file: 00002
2024-08-05 17:44:43,995 - INFO - Saving checkpoint
2024-08-05 17:44:44,219 - INFO - Time: 204545.5; timestep: 15
2024-08-05 17:44:44,431 - INFO - Time: 218181.8; timestep: 16
2024-08-05 17:44:44,657 - INFO - Time: 231818.2; timestep: 17
2024-08-05 17:44:44,857 - INFO - Time: 245454.5; timestep: 18
2024-08-05 17:44:45,072 - INFO - Time: 259090.9; timestep: 19
2024-08-05 17:44:45,277 - INFO - Time: 272727.3; timestep: 20
2024-08-05 17:44:45,469 - INFO - Time: 286363.6; timestep: 21
2024-08-05 17:44:45,469 - INFO - Saving data to output file: 00003
2024-08-05 17:44:45,640 - INFO - Saving checkpoint
2024-08-05 17:44:45,874 - INFO - Time: 300000.0; timestep: 22
2024-08-05 17:44:46,065 - INFO - Time: 313636.4; timestep: 23
2024-08-05 17:44:46,259 - INFO - Time: 327272.7; timestep: 24
2024-08-05 17:44:46,446 - INFO - Time: 340909.1; timestep: 25
2024-08-05 17:44:46,627 - INFO - Time: 354545.5; timestep: 26
2024-08-05 17:44:46,798 - INFO - Time: 368181.8; timestep: 27
2024-08-05 17:44:46,975 - INFO - Time: 381818.2; timestep: 28
2024-08-05 17:44:46,975 - INFO - Saving data to output file: 00004
2024-08-05 17:44:47,138 - INFO - Saving checkpoint
2024-08-05 17:44:47,363 - INFO - Time: 395454.5; timestep: 29
2024-08-05 17:44:47,541 - INFO - Time: 409090.9; timestep: 30
2024-08-05 17:44:47,711 - INFO - Time: 422727.3; timestep: 31
2024-08-05 17:44:47,877 - INFO - Time: 436363.6; timestep: 32
2024-08-05 17:44:48,048 - INFO - Time: 450000.0; timestep: 33
2024-08-05 17:44:48,215 - INFO - Time: 463636.4; timestep: 34
2024-08-05 17:44:48,386 - INFO - Time: 477272.7; timestep: 35
2024-08-05 17:44:48,386 - INFO - Saving data to output file: 00005
2024-08-05 17:44:48,551 - INFO - Saving checkpoint
2024-08-05 17:44:48,763 - INFO - Time: 490909.1; timestep: 36
2024-08-05 17:44:48,929 - INFO - Time: 504545.5; timestep: 37
2024-08-05 17:44:49,105 - INFO - Time: 518181.8; timestep: 38
2024-08-05 17:44:49,270 - INFO - Time: 531818.2; timestep: 39
2024-08-05 17:44:49,429 - INFO - Time: 545454.5; timestep: 40
2024-08-05 17:44:49,593 - INFO - Time: 559090.9; timestep: 41
2024-08-05 17:44:49,757 - INFO - Time: 572727.3; timestep: 42
2024-08-05 17:44:49,757 - INFO - Saving data to output file: 00006
2024-08-05 17:44:49,923 - INFO - Saving checkpoint
2024-08-05 17:44:50,082 - INFO - Time: 586363.6; timestep: 43
2024-08-05 17:44:50,234 - INFO - Time: 600000.0; timestep: 44
2024-08-05 17:44:50,384 - INFO - Time: 613636.4; timestep: 45
2024-08-05 17:44:50,536 - INFO - Time: 627272.7; timestep: 46
2024-08-05 17:44:50,682 - INFO - Time: 640909.1; timestep: 47
2024-08-05 17:44:50,826 - INFO - Time: 654545.5; timestep: 48
2024-08-05 17:44:50,975 - INFO - Time: 668181.8; timestep: 49
2024-08-05 17:44:50,975 - INFO - Saving data to output file: 00007
2024-08-05 17:44:51,141 - INFO - Saving checkpoint
2024-08-05 17:44:51,332 - INFO - Time: 681818.2; timestep: 50
2024-08-05 17:44:51,479 - INFO - Time: 695454.5; timestep: 51
2024-08-05 17:44:51,633 - INFO - Time: 709090.9; timestep: 52
2024-08-05 17:44:51,777 - INFO - Time: 722727.3; timestep: 53
2024-08-05 17:44:51,924 - INFO - Time: 736363.6; timestep: 54
2024-08-05 17:44:52,068 - INFO - Time: 750000.0; timestep: 55
2024-08-05 17:44:52,215 - INFO - Time: 763636.4; timestep: 56
2024-08-05 17:44:52,215 - INFO - Saving data to output file: 00008
2024-08-05 17:44:52,355 - INFO - Saving checkpoint
2024-08-05 17:44:52,544 - INFO - Time: 777272.7; timestep: 57
2024-08-05 17:44:52,688 - INFO - Time: 790909.1; timestep: 58
2024-08-05 17:44:52,832 - INFO - Time: 804545.5; timestep: 59
2024-08-05 17:44:52,978 - INFO - Time: 818181.8; timestep: 60
2024-08-05 17:44:53,122 - INFO - Time: 831818.2; timestep: 61
2024-08-05 17:44:53,264 - INFO - Time: 845454.5; timestep: 62
2024-08-05 17:44:53,406 - INFO - Time: 859090.9; timestep: 63
2024-08-05 17:44:53,406 - INFO - Saving data to output file: 00009
2024-08-05 17:44:53,552 - INFO - Saving checkpoint
2024-08-05 17:44:53,732 - INFO - Time: 872727.3; timestep: 64
2024-08-05 17:44:53,876 - INFO - Time: 886363.6; timestep: 65
2024-08-05 17:44:54,019 - INFO - Time: 900000.0; timestep: 66
2024-08-05 17:44:54,163 - INFO - Time: 913636.4; timestep: 67
2024-08-05 17:44:54,308 - INFO - Time: 927272.7; timestep: 68
2024-08-05 17:44:54,454 - INFO - Time: 940909.1; timestep: 69
2024-08-05 17:44:54,598 - INFO - Time: 954545.5; timestep: 70
2024-08-05 17:44:54,598 - INFO - Saving data to output file: 00010
2024-08-05 17:44:54,745 - INFO - Saving checkpoint
2024-08-05 17:44:54,925 - INFO - Time: 968181.8; timestep: 71
2024-08-05 17:44:55,066 - INFO - Time: 981818.2; timestep: 72
2024-08-05 17:44:55,209 - INFO - Time: 995454.5; timestep: 73
2024-08-05 17:44:55,350 - INFO - Time: 1009090.9; timestep: 74
2024-08-05 17:44:55,491 - INFO - Time: 1022727.3; timestep: 75
2024-08-05 17:44:55,633 - INFO - Time: 1036363.6; timestep: 76
2024-08-05 17:44:55,780 - INFO - Time: 1050000.0; timestep: 77
2024-08-05 17:44:55,780 - INFO - Saving data to output file: 00011
2024-08-05 17:44:55,940 - INFO - Saving checkpoint
2024-08-05 17:44:56,127 - INFO - Time: 1063636.4; timestep: 78
2024-08-05 17:44:56,269 - INFO - Time: 1077272.7; timestep: 79
2024-08-05 17:44:56,413 - INFO - Time: 1090909.1; timestep: 80
2024-08-05 17:44:56,552 - INFO - Time: 1104545.5; timestep: 81
2024-08-05 17:44:56,693 - INFO - Time: 1118181.8; timestep: 82
2024-08-05 17:44:56,833 - INFO - Time: 1131818.2; timestep: 83
2024-08-05 17:44:56,976 - INFO - Time: 1145454.5; timestep: 84
2024-08-05 17:44:56,976 - INFO - Saving data to output file: 00012
2024-08-05 17:44:57,331 - INFO - Saving checkpoint
2024-08-05 17:44:57,491 - INFO - Time: 1159090.9; timestep: 85
2024-08-05 17:44:57,634 - INFO - Time: 1172727.3; timestep: 86
2024-08-05 17:44:57,775 - INFO - Time: 1186363.6; timestep: 87
2024-08-05 17:44:57,914 - INFO - Time: 1200000.0; timestep: 88
2024-08-05 17:44:58,057 - INFO - Time: 1213636.4; timestep: 89
2024-08-05 17:44:58,195 - INFO - Time: 1227272.7; timestep: 90
2024-08-05 17:44:58,336 - INFO - Time: 1240909.1; timestep: 91
2024-08-05 17:44:58,336 - INFO - Saving data to output file: 00013
2024-08-05 17:44:58,504 - INFO - Saving checkpoint
2024-08-05 17:44:58,653 - INFO - Time: 1254545.5; timestep: 92
2024-08-05 17:44:58,790 - INFO - Time: 1268181.8; timestep: 93
2024-08-05 17:44:58,930 - INFO - Time: 1281818.2; timestep: 94
2024-08-05 17:44:59,070 - INFO - Time: 1295454.5; timestep: 95
2024-08-05 17:44:59,208 - INFO - Time: 1309090.9; timestep: 96
2024-08-05 17:44:59,344 - INFO - Time: 1322727.3; timestep: 97
2024-08-05 17:44:59,485 - INFO - Time: 1336363.6; timestep: 98
2024-08-05 17:44:59,485 - INFO - Saving data to output file: 00014
2024-08-05 17:44:59,649 - INFO - Saving checkpoint
2024-08-05 17:44:59,833 - INFO - Time: 1350000.0; timestep: 99
2024-08-05 17:44:59,972 - INFO - Time: 1363636.4; timestep: 100
2024-08-05 17:45:00,114 - INFO - Time: 1377272.7; timestep: 101
2024-08-05 17:45:00,254 - INFO - Time: 1390909.1; timestep: 102
2024-08-05 17:45:00,395 - INFO - Time: 1404545.5; timestep: 103
2024-08-05 17:45:00,533 - INFO - Time: 1418181.8; timestep: 104
2024-08-05 17:45:00,675 - INFO - Time: 1431818.2; timestep: 105
2024-08-05 17:45:00,675 - INFO - Saving data to output file: 00015
2024-08-05 17:45:00,843 - INFO - Saving checkpoint
2024-08-05 17:45:01,026 - INFO - Time: 1445454.5; timestep: 106
2024-08-05 17:45:01,164 - INFO - Time: 1459090.9; timestep: 107
2024-08-05 17:45:01,304 - INFO - Time: 1472727.3; timestep: 108
2024-08-05 17:45:01,442 - INFO - Time: 1486363.6; timestep: 109
2024-08-05 17:45:01,583 - INFO - Time: 1500000.0; timestep: 110
2024-08-05 17:45:01,720 - INFO - Time: 1513636.4; timestep: 111
2024-08-05 17:45:01,862 - INFO - Time: 1527272.7; timestep: 112
2024-08-05 17:45:01,862 - INFO - Saving data to output file: 00016
2024-08-05 17:45:02,029 - INFO - Saving checkpoint
2024-08-05 17:45:02,187 - INFO - Time: 1540909.1; timestep: 113
2024-08-05 17:45:02,329 - INFO - Time: 1554545.5; timestep: 114
2024-08-05 17:45:02,473 - INFO - Time: 1568181.8; timestep: 115
2024-08-05 17:45:02,617 - INFO - Time: 1581818.2; timestep: 116
2024-08-05 17:45:02,767 - INFO - Time: 1595454.5; timestep: 117
2024-08-05 17:45:02,924 - INFO - Time: 1609090.9; timestep: 118
2024-08-05 17:45:03,077 - INFO - Time: 1622727.3; timestep: 119
2024-08-05 17:45:03,077 - INFO - Saving data to output file: 00017
2024-08-05 17:45:03,264 - INFO - Saving checkpoint
2024-08-05 17:45:03,456 - INFO - Time: 1636363.6; timestep: 120
2024-08-05 17:45:03,605 - INFO - Time: 1650000.0; timestep: 121
2024-08-05 17:45:03,753 - INFO - Time: 1663636.4; timestep: 122
2024-08-05 17:45:03,904 - INFO - Time: 1677272.7; timestep: 123
2024-08-05 17:45:04,057 - INFO - Time: 1690909.1; timestep: 124
2024-08-05 17:45:04,199 - INFO - Time: 1704545.5; timestep: 125
2024-08-05 17:45:04,342 - INFO - Time: 1718181.8; timestep: 126
2024-08-05 17:45:04,342 - INFO - Saving data to output file: 00018
2024-08-05 17:45:04,506 - INFO - Saving checkpoint
2024-08-05 17:45:04,657 - INFO - Time: 1731818.2; timestep: 127
2024-08-05 17:45:04,797 - INFO - Time: 1745454.5; timestep: 128
2024-08-05 17:45:04,942 - INFO - Time: 1759090.9; timestep: 129
2024-08-05 17:45:05,080 - INFO - Time: 1772727.3; timestep: 130
2024-08-05 17:45:05,218 - INFO - Time: 1786363.6; timestep: 131
2024-08-05 17:45:05,359 - INFO - Time: 1800000.0; timestep: 132
2024-08-05 17:45:05,502 - INFO - Time: 1813636.4; timestep: 133
2024-08-05 17:45:05,502 - INFO - Saving data to output file: 00019
2024-08-05 17:45:05,654 - INFO - Saving checkpoint
2024-08-05 17:45:05,839 - INFO - Time: 1827272.7; timestep: 134
2024-08-05 17:45:05,978 - INFO - Time: 1840909.1; timestep: 135
2024-08-05 17:45:06,119 - INFO - Time: 1854545.5; timestep: 136
2024-08-05 17:45:06,261 - INFO - Time: 1868181.8; timestep: 137
2024-08-05 17:45:06,403 - INFO - Time: 1881818.2; timestep: 138
2024-08-05 17:45:06,543 - INFO - Time: 1895454.5; timestep: 139
2024-08-05 17:45:06,685 - INFO - Time: 1909090.9; timestep: 140
2024-08-05 17:45:06,685 - INFO - Saving data to output file: 00020
2024-08-05 17:45:06,855 - INFO - Saving checkpoint
2024-08-05 17:45:07,040 - INFO - Time: 1922727.3; timestep: 141
2024-08-05 17:45:07,183 - INFO - Time: 1936363.6; timestep: 142
2024-08-05 17:45:07,325 - INFO - Time: 1950000.0; timestep: 143
2024-08-05 17:45:07,465 - INFO - Time: 1963636.4; timestep: 144
2024-08-05 17:45:07,604 - INFO - Time: 1977272.7; timestep: 145
2024-08-05 17:45:07,743 - INFO - Time: 1990909.1; timestep: 146
2024-08-05 17:45:07,885 - INFO - Time: 2004545.5; timestep: 147
2024-08-05 17:45:07,885 - INFO - Saving data to output file: 00021
2024-08-05 17:45:08,046 - INFO - Saving checkpoint
2024-08-05 17:45:08,227 - INFO - Time: 2018181.8; timestep: 148
2024-08-05 17:45:08,371 - INFO - Time: 2031818.2; timestep: 149
2024-08-05 17:45:08,512 - INFO - Time: 2045454.5; timestep: 150
2024-08-05 17:45:08,651 - INFO - Time: 2059090.9; timestep: 151
2024-08-05 17:45:08,789 - INFO - Time: 2072727.3; timestep: 152
2024-08-05 17:45:08,928 - INFO - Time: 2086363.6; timestep: 153
2024-08-05 17:45:09,069 - INFO - Time: 2100000.0; timestep: 154
2024-08-05 17:45:09,069 - INFO - Saving data to output file: 00022
2024-08-05 17:45:09,232 - INFO - Saving checkpoint
2024-08-05 17:45:09,405 - INFO - Time: 2113636.4; timestep: 155
2024-08-05 17:45:09,547 - INFO - Time: 2127272.7; timestep: 156
2024-08-05 17:45:09,697 - INFO - Time: 2140909.1; timestep: 157
2024-08-05 17:45:09,839 - INFO - Time: 2154545.5; timestep: 158
2024-08-05 17:45:09,981 - INFO - Time: 2168181.8; timestep: 159
2024-08-05 17:45:10,121 - INFO - Time: 2181818.2; timestep: 160
2024-08-05 17:45:10,264 - INFO - Time: 2195454.5; timestep: 161
2024-08-05 17:45:10,264 - INFO - Saving data to output file: 00023
2024-08-05 17:45:10,426 - INFO - Saving checkpoint
2024-08-05 17:45:10,589 - INFO - Time: 2209090.9; timestep: 162
2024-08-05 17:45:10,729 - INFO - Time: 2222727.3; timestep: 163
2024-08-05 17:45:10,871 - INFO - Time: 2236363.6; timestep: 164
2024-08-05 17:45:11,013 - INFO - Time: 2250000.0; timestep: 165
2024-08-05 17:45:11,155 - INFO - Time: 2263636.4; timestep: 166
2024-08-05 17:45:11,296 - INFO - Time: 2277272.7; timestep: 167
2024-08-05 17:45:11,438 - INFO - Time: 2290909.1; timestep: 168
2024-08-05 17:45:11,438 - INFO - Saving data to output file: 00024
2024-08-05 17:45:11,828 - INFO - Saving checkpoint
2024-08-05 17:45:12,010 - INFO - Time: 2304545.5; timestep: 169
2024-08-05 17:45:12,151 - INFO - Time: 2318181.8; timestep: 170
2024-08-05 17:45:12,293 - INFO - Time: 2331818.2; timestep: 171
2024-08-05 17:45:12,434 - INFO - Time: 2345454.5; timestep: 172
2024-08-05 17:45:12,575 - INFO - Time: 2359090.9; timestep: 173
2024-08-05 17:45:12,714 - INFO - Time: 2372727.3; timestep: 174
2024-08-05 17:45:12,855 - INFO - Time: 2386363.6; timestep: 175
2024-08-05 17:45:12,855 - INFO - Saving data to output file: 00025
2024-08-05 17:45:13,018 - INFO - Saving checkpoint
2024-08-05 17:45:13,166 - INFO - Time: 2400000.0; timestep: 176
2024-08-05 17:45:13,308 - INFO - Time: 2413636.4; timestep: 177
2024-08-05 17:45:13,450 - INFO - Time: 2427272.7; timestep: 178
2024-08-05 17:45:13,591 - INFO - Time: 2440909.1; timestep: 179
2024-08-05 17:45:13,732 - INFO - Time: 2454545.5; timestep: 180
2024-08-05 17:45:13,872 - INFO - Time: 2468181.8; timestep: 181
2024-08-05 17:45:14,011 - INFO - Time: 2481818.2; timestep: 182
2024-08-05 17:45:14,011 - INFO - Saving data to output file: 00026
2024-08-05 17:45:14,156 - INFO - Saving checkpoint
2024-08-05 17:45:14,334 - INFO - Time: 2495454.5; timestep: 183
2024-08-05 17:45:14,478 - INFO - Time: 2509090.9; timestep: 184
2024-08-05 17:45:14,620 - INFO - Time: 2522727.3; timestep: 185
2024-08-05 17:45:14,762 - INFO - Time: 2536363.6; timestep: 186
2024-08-05 17:45:14,905 - INFO - Time: 2550000.0; timestep: 187
2024-08-05 17:45:15,045 - INFO - Time: 2563636.4; timestep: 188
2024-08-05 17:45:15,188 - INFO - Time: 2577272.7; timestep: 189
2024-08-05 17:45:15,188 - INFO - Saving data to output file: 00027
2024-08-05 17:45:15,349 - INFO - Saving checkpoint
2024-08-05 17:45:15,532 - INFO - Time: 2590909.1; timestep: 190
2024-08-05 17:45:15,673 - INFO - Time: 2604545.5; timestep: 191
2024-08-05 17:45:15,816 - INFO - Time: 2618181.8; timestep: 192
2024-08-05 17:45:15,954 - INFO - Time: 2631818.2; timestep: 193
2024-08-05 17:45:16,094 - INFO - Time: 2645454.5; timestep: 194
2024-08-05 17:45:16,235 - INFO - Time: 2659090.9; timestep: 195
2024-08-05 17:45:16,375 - INFO - Time: 2672727.3; timestep: 196
2024-08-05 17:45:16,375 - INFO - Saving data to output file: 00028
2024-08-05 17:45:16,538 - INFO - Saving checkpoint
2024-08-05 17:45:16,720 - INFO - Time: 2686363.6; timestep: 197
2024-08-05 17:45:16,862 - INFO - Time: 2700000.0; timestep: 198
2024-08-05 17:45:17,005 - INFO - Time: 2713636.4; timestep: 199
2024-08-05 17:45:17,147 - INFO - Time: 2727272.7; timestep: 200
2024-08-05 17:45:17,289 - INFO - Time: 2740909.1; timestep: 201
2024-08-05 17:45:17,431 - INFO - Time: 2754545.5; timestep: 202
2024-08-05 17:45:17,574 - INFO - Time: 2768181.8; timestep: 203
2024-08-05 17:45:17,574 - INFO - Saving data to output file: 00029
2024-08-05 17:45:17,737 - INFO - Saving checkpoint
2024-08-05 17:45:17,919 - INFO - Time: 2781818.2; timestep: 204
2024-08-05 17:45:18,068 - INFO - Time: 2795454.5; timestep: 205
2024-08-05 17:45:18,210 - INFO - Time: 2809090.9; timestep: 206
2024-08-05 17:45:18,355 - INFO - Time: 2822727.3; timestep: 207
2024-08-05 17:45:18,499 - INFO - Time: 2836363.6; timestep: 208
2024-08-05 17:45:18,640 - INFO - Time: 2850000.0; timestep: 209
2024-08-05 17:45:18,784 - INFO - Time: 2863636.4; timestep: 210
2024-08-05 17:45:18,784 - INFO - Saving data to output file: 00030
2024-08-05 17:45:18,949 - INFO - Saving checkpoint
2024-08-05 17:45:19,134 - INFO - Time: 2877272.7; timestep: 211
2024-08-05 17:45:19,277 - INFO - Time: 2890909.1; timestep: 212
2024-08-05 17:45:19,426 - INFO - Time: 2904545.5; timestep: 213
2024-08-05 17:45:19,573 - INFO - Time: 2918181.8; timestep: 214
2024-08-05 17:45:19,722 - INFO - Time: 2931818.2; timestep: 215
2024-08-05 17:45:19,863 - INFO - Time: 2945454.5; timestep: 216
2024-08-05 17:45:20,007 - INFO - Time: 2959090.9; timestep: 217
2024-08-05 17:45:20,007 - INFO - Saving data to output file: 00031
2024-08-05 17:45:20,152 - INFO - Saving checkpoint
2024-08-05 17:45:20,341 - INFO - Time: 2972727.3; timestep: 218
2024-08-05 17:45:20,489 - INFO - Time: 2986363.6; timestep: 219
2024-08-05 17:45:20,634 - INFO - Time: 3000000.0; timestep: 220
2024-08-05 17:45:20,777 - INFO - Time: 3013636.4; timestep: 221
2024-08-05 17:45:20,920 - INFO - Time: 3027272.7; timestep: 222
2024-08-05 17:45:21,065 - INFO - Time: 3040909.1; timestep: 223
2024-08-05 17:45:21,214 - INFO - Time: 3054545.5; timestep: 224
2024-08-05 17:45:21,214 - INFO - Saving data to output file: 00032
2024-08-05 17:45:21,353 - INFO - Saving checkpoint
2024-08-05 17:45:21,548 - INFO - Time: 3068181.8; timestep: 225
2024-08-05 17:45:21,697 - INFO - Time: 3081818.2; timestep: 226
2024-08-05 17:45:21,848 - INFO - Time: 3095454.5; timestep: 227
2024-08-05 17:45:21,994 - INFO - Time: 3109090.9; timestep: 228
2024-08-05 17:45:22,145 - INFO - Time: 3122727.3; timestep: 229
2024-08-05 17:45:22,297 - INFO - Time: 3136363.6; timestep: 230
2024-08-05 17:45:22,440 - INFO - Time: 3150000.0; timestep: 231
2024-08-05 17:45:22,440 - INFO - Saving data to output file: 00033
2024-08-05 17:45:22,606 - INFO - Saving checkpoint
2024-08-05 17:45:22,757 - INFO - Time: 3163636.4; timestep: 232
2024-08-05 17:45:22,900 - INFO - Time: 3177272.7; timestep: 233
2024-08-05 17:45:23,042 - INFO - Time: 3190909.1; timestep: 234
2024-08-05 17:45:23,187 - INFO - Time: 3204545.5; timestep: 235
2024-08-05 17:45:23,331 - INFO - Time: 3218181.8; timestep: 236
2024-08-05 17:45:23,472 - INFO - Time: 3231818.2; timestep: 237
2024-08-05 17:45:23,619 - INFO - Time: 3245454.5; timestep: 238
2024-08-05 17:45:23,619 - INFO - Saving data to output file: 00034
2024-08-05 17:45:23,751 - INFO - Saving checkpoint
2024-08-05 17:45:23,936 - INFO - Time: 3259090.9; timestep: 239
2024-08-05 17:45:24,078 - INFO - Time: 3272727.3; timestep: 240
2024-08-05 17:45:24,224 - INFO - Time: 3286363.6; timestep: 241
2024-08-05 17:45:24,366 - INFO - Time: 3300000.0; timestep: 242
2024-08-05 17:45:24,508 - INFO - Time: 3313636.4; timestep: 243
2024-08-05 17:45:24,650 - INFO - Time: 3327272.7; timestep: 244
2024-08-05 17:45:24,795 - INFO - Time: 3340909.1; timestep: 245
2024-08-05 17:45:24,795 - INFO - Saving data to output file: 00035
2024-08-05 17:45:24,947 - INFO - Saving checkpoint
2024-08-05 17:45:25,128 - INFO - Time: 3354545.5; timestep: 246
2024-08-05 17:45:25,271 - INFO - Time: 3368181.8; timestep: 247
2024-08-05 17:45:25,415 - INFO - Time: 3381818.2; timestep: 248
2024-08-05 17:45:25,555 - INFO - Time: 3395454.5; timestep: 249
2024-08-05 17:45:25,697 - INFO - Time: 3409090.9; timestep: 250
2024-08-05 17:45:25,840 - INFO - Time: 3422727.3; timestep: 251
2024-08-05 17:45:25,985 - INFO - Time: 3436363.6; timestep: 252
2024-08-05 17:45:25,985 - INFO - Saving data to output file: 00036
2024-08-05 17:45:26,144 - INFO - Saving checkpoint
2024-08-05 17:45:26,331 - INFO - Time: 3450000.0; timestep: 253
2024-08-05 17:45:26,476 - INFO - Time: 3463636.4; timestep: 254
2024-08-05 17:45:26,621 - INFO - Time: 3477272.7; timestep: 255
2024-08-05 17:45:26,767 - INFO - Time: 3490909.1; timestep: 256
2024-08-05 17:45:26,909 - INFO - Time: 3504545.5; timestep: 257
2024-08-05 17:45:27,052 - INFO - Time: 3518181.8; timestep: 258
2024-08-05 17:45:27,202 - INFO - Time: 3531818.2; timestep: 259
2024-08-05 17:45:27,202 - INFO - Saving data to output file: 00037
2024-08-05 17:45:27,352 - INFO - Saving checkpoint
2024-08-05 17:45:27,537 - INFO - Time: 3545454.5; timestep: 260
2024-08-05 17:45:27,685 - INFO - Time: 3559090.9; timestep: 261
2024-08-05 17:45:27,835 - INFO - Time: 3572727.3; timestep: 262
2024-08-05 17:45:27,980 - INFO - Time: 3586363.6; timestep: 263
2024-08-05 17:45:28,125 - INFO - Time: 3600000.0; timestep: 264
2024-08-05 17:45:28,272 - INFO - Time: 3613636.4; timestep: 265
2024-08-05 17:45:28,419 - INFO - Time: 3627272.7; timestep: 266
2024-08-05 17:45:28,419 - INFO - Saving data to output file: 00038
2024-08-05 17:45:28,555 - INFO - Saving checkpoint
2024-08-05 17:45:28,742 - INFO - Time: 3640909.1; timestep: 267
2024-08-05 17:45:28,886 - INFO - Time: 3654545.5; timestep: 268
2024-08-05 17:45:29,036 - INFO - Time: 3668181.8; timestep: 269
2024-08-05 17:45:29,178 - INFO - Time: 3681818.2; timestep: 270
2024-08-05 17:45:29,320 - INFO - Time: 3695454.5; timestep: 271
2024-08-05 17:45:29,465 - INFO - Time: 3709090.9; timestep: 272
2024-08-05 17:45:29,613 - INFO - Time: 3722727.3; timestep: 273
2024-08-05 17:45:29,613 - INFO - Saving data to output file: 00039
2024-08-05 17:45:30,105 - INFO - Saving checkpoint
2024-08-05 17:45:30,255 - INFO - Time: 3736363.6; timestep: 274
2024-08-05 17:45:30,400 - INFO - Time: 3750000.0; timestep: 275
2024-08-05 17:45:30,549 - INFO - Time: 3763636.4; timestep: 276
2024-08-05 17:45:30,700 - INFO - Time: 3777272.7; timestep: 277
2024-08-05 17:45:30,845 - INFO - Time: 3790909.1; timestep: 278
2024-08-05 17:45:30,989 - INFO - Time: 3804545.5; timestep: 279
2024-08-05 17:45:31,136 - INFO - Time: 3818181.8; timestep: 280
2024-08-05 17:45:31,136 - INFO - Saving data to output file: 00040
2024-08-05 17:45:31,304 - INFO - Saving checkpoint
2024-08-05 17:45:31,459 - INFO - Time: 3831818.2; timestep: 281
2024-08-05 17:45:31,608 - INFO - Time: 3845454.5; timestep: 282
2024-08-05 17:45:31,757 - INFO - Time: 3859090.9; timestep: 283
2024-08-05 17:45:31,911 - INFO - Time: 3872727.3; timestep: 284
2024-08-05 17:45:32,062 - INFO - Time: 3886363.6; timestep: 285
2024-08-05 17:45:32,206 - INFO - Time: 3900000.0; timestep: 286
2024-08-05 17:45:32,363 - INFO - Time: 3913636.4; timestep: 287
2024-08-05 17:45:32,363 - INFO - Saving data to output file: 00041
2024-08-05 17:45:32,528 - INFO - Saving checkpoint
2024-08-05 17:45:32,699 - INFO - Time: 3927272.7; timestep: 288
2024-08-05 17:45:32,847 - INFO - Time: 3940909.1; timestep: 289
2024-08-05 17:45:32,998 - INFO - Time: 3954545.5; timestep: 290
2024-08-05 17:45:33,145 - INFO - Time: 3968181.8; timestep: 291
2024-08-05 17:45:33,291 - INFO - Time: 3981818.2; timestep: 292
2024-08-05 17:45:33,437 - INFO - Time: 3995454.5; timestep: 293
2024-08-05 17:45:33,582 - INFO - Time: 4009090.9; timestep: 294
2024-08-05 17:45:33,583 - INFO - Saving data to output file: 00042
2024-08-05 17:45:33,749 - INFO - Saving checkpoint
2024-08-05 17:45:33,937 - INFO - Time: 4022727.3; timestep: 295
2024-08-05 17:45:34,083 - INFO - Time: 4036363.6; timestep: 296
2024-08-05 17:45:34,236 - INFO - Time: 4050000.0; timestep: 297
2024-08-05 17:45:34,388 - INFO - Time: 4063636.4; timestep: 298
2024-08-05 17:45:34,543 - INFO - Time: 4077272.7; timestep: 299
2024-08-05 17:45:34,697 - INFO - Time: 4090909.1; timestep: 300
2024-08-05 17:45:34,856 - INFO - Time: 4104545.5; timestep: 301
2024-08-05 17:45:34,856 - INFO - Saving data to output file: 00043
2024-08-05 17:45:35,027 - INFO - Saving checkpoint
2024-08-05 17:45:35,186 - INFO - Time: 4118181.8; timestep: 302
2024-08-05 17:45:35,331 - INFO - Time: 4131818.2; timestep: 303
2024-08-05 17:45:35,477 - INFO - Time: 4145454.5; timestep: 304
2024-08-05 17:45:35,620 - INFO - Time: 4159090.9; timestep: 305
2024-08-05 17:45:35,766 - INFO - Time: 4172727.3; timestep: 306
2024-08-05 17:45:35,912 - INFO - Time: 4186363.6; timestep: 307
2024-08-05 17:45:36,060 - INFO - Time: 4200000.0; timestep: 308
2024-08-05 17:45:36,060 - INFO - Saving data to output file: 00044
2024-08-05 17:45:36,228 - INFO - Saving checkpoint
2024-08-05 17:45:36,387 - INFO - Time: 4213636.4; timestep: 309
2024-08-05 17:45:36,534 - INFO - Time: 4227272.7; timestep: 310
2024-08-05 17:45:36,681 - INFO - Time: 4240909.1; timestep: 311
2024-08-05 17:45:36,833 - INFO - Time: 4254545.5; timestep: 312
2024-08-05 17:45:36,980 - INFO - Time: 4268181.8; timestep: 313
2024-08-05 17:45:37,125 - INFO - Time: 4281818.2; timestep: 314
2024-08-05 17:45:37,274 - INFO - Time: 4295454.5; timestep: 315
2024-08-05 17:45:37,274 - INFO - Saving data to output file: 00045
2024-08-05 17:45:37,451 - INFO - Saving checkpoint
2024-08-05 17:45:37,634 - INFO - Time: 4309090.9; timestep: 316
2024-08-05 17:45:37,778 - INFO - Time: 4322727.3; timestep: 317
2024-08-05 17:45:37,924 - INFO - Time: 4336363.6; timestep: 318
2024-08-05 17:45:38,072 - INFO - Time: 4350000.0; timestep: 319
2024-08-05 17:45:38,222 - INFO - Time: 4363636.4; timestep: 320
2024-08-05 17:45:38,369 - INFO - Time: 4377272.7; timestep: 321
2024-08-05 17:45:38,519 - INFO - Time: 4390909.1; timestep: 322
2024-08-05 17:45:38,519 - INFO - Saving data to output file: 00046
2024-08-05 17:45:38,660 - INFO - Saving checkpoint
2024-08-05 17:45:38,856 - INFO - Time: 4404545.5; timestep: 323
2024-08-05 17:45:39,012 - INFO - Time: 4418181.8; timestep: 324
2024-08-05 17:45:39,172 - INFO - Time: 4431818.2; timestep: 325
2024-08-05 17:45:39,327 - INFO - Time: 4445454.5; timestep: 326
2024-08-05 17:45:39,497 - INFO - Time: 4459090.9; timestep: 327
2024-08-05 17:45:39,670 - INFO - Time: 4472727.3; timestep: 328
2024-08-05 17:45:39,834 - INFO - Time: 4486363.6; timestep: 329
2024-08-05 17:45:39,834 - INFO - Saving data to output file: 00047
2024-08-05 17:45:39,998 - INFO - Saving checkpoint
2024-08-05 17:45:40,171 - INFO - Time: 4500000.0; timestep: 330
2024-08-05 17:45:40,337 - INFO - Time: 4513636.4; timestep: 331
2024-08-05 17:45:40,491 - INFO - Time: 4527272.7; timestep: 332
2024-08-05 17:45:40,653 - INFO - Time: 4540909.1; timestep: 333
2024-08-05 17:45:40,812 - INFO - Time: 4554545.5; timestep: 334
2024-08-05 17:45:40,973 - INFO - Time: 4568181.8; timestep: 335
2024-08-05 17:45:41,125 - INFO - Time: 4581818.2; timestep: 336
2024-08-05 17:45:41,125 - INFO - Saving data to output file: 00048
2024-08-05 17:45:41,259 - INFO - Saving checkpoint
2024-08-05 17:45:41,450 - INFO - Time: 4595454.5; timestep: 337
2024-08-05 17:45:41,609 - INFO - Time: 4609090.9; timestep: 338
2024-08-05 17:45:41,765 - INFO - Time: 4622727.3; timestep: 339
2024-08-05 17:45:41,921 - INFO - Time: 4636363.6; timestep: 340
2024-08-05 17:45:42,075 - INFO - Time: 4650000.0; timestep: 341
2024-08-05 17:45:42,238 - INFO - Time: 4663636.4; timestep: 342
2024-08-05 17:45:42,409 - INFO - Time: 4677272.7; timestep: 343
2024-08-05 17:45:42,409 - INFO - Saving data to output file: 00049
2024-08-05 17:45:42,605 - INFO - Saving checkpoint
2024-08-05 17:45:42,764 - INFO - Time: 4690909.1; timestep: 344
2024-08-05 17:45:42,911 - INFO - Time: 4704545.5; timestep: 345
2024-08-05 17:45:43,065 - INFO - Time: 4718181.8; timestep: 346
2024-08-05 17:45:43,215 - INFO - Time: 4731818.2; timestep: 347
2024-08-05 17:45:43,359 - INFO - Time: 4745454.5; timestep: 348
2024-08-05 17:45:43,515 - INFO - Time: 4759090.9; timestep: 349
2024-08-05 17:45:43,663 - INFO - Time: 4772727.3; timestep: 350
2024-08-05 17:45:43,663 - INFO - Saving data to output file: 00050
2024-08-05 17:45:43,833 - INFO - Saving checkpoint
2024-08-05 17:45:44,006 - INFO - Time: 4786363.6; timestep: 351
2024-08-05 17:45:44,164 - INFO - Time: 4800000.0; timestep: 352
2024-08-05 17:45:44,314 - INFO - Time: 4813636.4; timestep: 353
2024-08-05 17:45:44,467 - INFO - Time: 4827272.7; timestep: 354
2024-08-05 17:45:44,616 - INFO - Time: 4840909.1; timestep: 355
2024-08-05 17:45:44,769 - INFO - Time: 4854545.5; timestep: 356
2024-08-05 17:45:44,919 - INFO - Time: 4868181.8; timestep: 357
2024-08-05 17:45:44,920 - INFO - Saving data to output file: 00051
2024-08-05 17:45:45,059 - INFO - Saving checkpoint
2024-08-05 17:45:45,248 - INFO - Time: 4881818.2; timestep: 358
2024-08-05 17:45:45,396 - INFO - Time: 4895454.5; timestep: 359
2024-08-05 17:45:45,545 - INFO - Time: 4909090.9; timestep: 360
2024-08-05 17:45:45,693 - INFO - Time: 4922727.3; timestep: 361
2024-08-05 17:45:45,840 - INFO - Time: 4936363.6; timestep: 362
2024-08-05 17:45:45,989 - INFO - Time: 4950000.0; timestep: 363
2024-08-05 17:45:46,138 - INFO - Time: 4963636.4; timestep: 364
2024-08-05 17:45:46,138 - INFO - Saving data to output file: 00052
2024-08-05 17:45:46,308 - INFO - Saving checkpoint
2024-08-05 17:45:46,463 - INFO - Time: 4977272.7; timestep: 365
2024-08-05 17:45:46,606 - INFO - Time: 4990909.1; timestep: 366
2024-08-05 17:45:46,751 - INFO - Time: 5004545.5; timestep: 367
2024-08-05 17:45:46,899 - INFO - Time: 5018181.8; timestep: 368
2024-08-05 17:45:47,043 - INFO - Time: 5031818.2; timestep: 369
2024-08-05 17:45:47,189 - INFO - Time: 5045454.5; timestep: 370
2024-08-05 17:45:47,337 - INFO - Time: 5059090.9; timestep: 371
2024-08-05 17:45:47,337 - INFO - Saving data to output file: 00053
2024-08-05 17:45:47,505 - INFO - Saving checkpoint
2024-08-05 17:45:47,665 - INFO - Time: 5072727.3; timestep: 372
2024-08-05 17:45:47,808 - INFO - Time: 5086363.6; timestep: 373
2024-08-05 17:45:47,958 - INFO - Time: 5100000.0; timestep: 374
2024-08-05 17:45:48,104 - INFO - Time: 5113636.4; timestep: 375
2024-08-05 17:45:48,252 - INFO - Time: 5127272.7; timestep: 376
2024-08-05 17:45:48,403 - INFO - Time: 5140909.1; timestep: 377
2024-08-05 17:45:48,546 - INFO - Time: 5154545.5; timestep: 378
2024-08-05 17:45:48,546 - INFO - Saving data to output file: 00054
2024-08-05 17:45:48,714 - INFO - Saving checkpoint
2024-08-05 17:45:48,868 - INFO - Time: 5168181.8; timestep: 379
2024-08-05 17:45:49,019 - INFO - Time: 5181818.2; timestep: 380
2024-08-05 17:45:49,169 - INFO - Time: 5195454.5; timestep: 381
2024-08-05 17:45:49,314 - INFO - Time: 5209090.9; timestep: 382
2024-08-05 17:45:49,464 - INFO - Time: 5222727.3; timestep: 383
2024-08-05 17:45:49,613 - INFO - Time: 5236363.6; timestep: 384
2024-08-05 17:45:49,762 - INFO - Time: 5250000.0; timestep: 385
2024-08-05 17:45:49,762 - INFO - Saving data to output file: 00055
2024-08-05 17:45:49,932 - INFO - Saving checkpoint
2024-08-05 17:45:50,094 - INFO - Time: 5263636.4; timestep: 386
2024-08-05 17:45:50,237 - INFO - Time: 5277272.7; timestep: 387
2024-08-05 17:45:50,381 - INFO - Time: 5290909.1; timestep: 388
2024-08-05 17:45:50,524 - INFO - Time: 5304545.5; timestep: 389
2024-08-05 17:45:50,668 - INFO - Time: 5318181.8; timestep: 390
2024-08-05 17:45:50,811 - INFO - Time: 5331818.2; timestep: 391
2024-08-05 17:45:50,954 - INFO - Time: 5345454.5; timestep: 392
2024-08-05 17:45:50,954 - INFO - Saving data to output file: 00056
2024-08-05 17:45:51,122 - INFO - Saving checkpoint
2024-08-05 17:45:51,273 - INFO - Time: 5359090.9; timestep: 393
2024-08-05 17:45:51,416 - INFO - Time: 5372727.3; timestep: 394
2024-08-05 17:45:51,561 - INFO - Time: 5386363.6; timestep: 395
2024-08-05 17:45:51,702 - INFO - Time: 5400000.0; timestep: 396
2024-08-05 17:45:51,845 - INFO - Time: 5413636.4; timestep: 397
2024-08-05 17:45:51,988 - INFO - Time: 5427272.7; timestep: 398
2024-08-05 17:45:52,130 - INFO - Time: 5440909.1; timestep: 399
2024-08-05 17:45:52,130 - INFO - Saving data to output file: 00057
2024-08-05 17:45:52,665 - INFO - Saving checkpoint
2024-08-05 17:45:52,841 - INFO - Time: 5454545.5; timestep: 400
2024-08-05 17:45:52,983 - INFO - Time: 5468181.8; timestep: 401
2024-08-05 17:45:53,123 - INFO - Time: 5481818.2; timestep: 402
2024-08-05 17:45:53,265 - INFO - Time: 5495454.5; timestep: 403
2024-08-05 17:45:53,409 - INFO - Time: 5509090.9; timestep: 404
2024-08-05 17:45:53,550 - INFO - Time: 5522727.3; timestep: 405
2024-08-05 17:45:53,691 - INFO - Time: 5536363.6; timestep: 406
2024-08-05 17:45:53,691 - INFO - Saving data to output file: 00058
2024-08-05 17:45:53,846 - INFO - Saving checkpoint
2024-08-05 17:45:54,036 - INFO - Time: 5550000.0; timestep: 407
2024-08-05 17:45:54,179 - INFO - Time: 5563636.4; timestep: 408
2024-08-05 17:45:54,324 - INFO - Time: 5577272.7; timestep: 409
2024-08-05 17:45:54,468 - INFO - Time: 5590909.1; timestep: 410
2024-08-05 17:45:54,612 - INFO - Time: 5604545.5; timestep: 411
2024-08-05 17:45:54,754 - INFO - Time: 5618181.8; timestep: 412
2024-08-05 17:45:54,896 - INFO - Time: 5631818.2; timestep: 413
2024-08-05 17:45:54,897 - INFO - Saving data to output file: 00059
2024-08-05 17:45:55,048 - INFO - Saving checkpoint
2024-08-05 17:45:55,232 - INFO - Time: 5645454.5; timestep: 414
2024-08-05 17:45:55,375 - INFO - Time: 5659090.9; timestep: 415
2024-08-05 17:45:55,517 - INFO - Time: 5672727.3; timestep: 416
2024-08-05 17:45:55,660 - INFO - Time: 5686363.6; timestep: 417
2024-08-05 17:45:55,805 - INFO - Time: 5700000.0; timestep: 418
2024-08-05 17:45:55,948 - INFO - Time: 5713636.4; timestep: 419
2024-08-05 17:45:56,092 - INFO - Time: 5727272.7; timestep: 420
2024-08-05 17:45:56,092 - INFO - Saving data to output file: 00060
2024-08-05 17:45:56,246 - INFO - Saving checkpoint
2024-08-05 17:45:56,430 - INFO - Time: 5740909.1; timestep: 421
2024-08-05 17:45:56,604 - INFO - Time: 5754545.5; timestep: 422
2024-08-05 17:45:56,749 - INFO - Time: 5768181.8; timestep: 423
2024-08-05 17:45:56,895 - INFO - Time: 5781818.2; timestep: 424
2024-08-05 17:45:57,048 - INFO - Time: 5795454.5; timestep: 425
2024-08-05 17:45:57,194 - INFO - Time: 5809090.9; timestep: 426
2024-08-05 17:45:57,343 - INFO - Time: 5822727.3; timestep: 427
2024-08-05 17:45:57,343 - INFO - Saving data to output file: 00061
2024-08-05 17:45:57,506 - INFO - Saving checkpoint
2024-08-05 17:45:57,663 - INFO - Time: 5836363.6; timestep: 428
2024-08-05 17:45:57,807 - INFO - Time: 5850000.0; timestep: 429
2024-08-05 17:45:57,952 - INFO - Time: 5863636.4; timestep: 430
2024-08-05 17:45:58,098 - INFO - Time: 5877272.7; timestep: 431
2024-08-05 17:45:58,243 - INFO - Time: 5890909.1; timestep: 432
2024-08-05 17:45:58,387 - INFO - Time: 5904545.5; timestep: 433
2024-08-05 17:45:58,533 - INFO - Time: 5918181.8; timestep: 434
2024-08-05 17:45:58,533 - INFO - Saving data to output file: 00062
2024-08-05 17:45:58,696 - INFO - Saving checkpoint
2024-08-05 17:45:58,846 - INFO - Time: 5931818.2; timestep: 435
2024-08-05 17:45:58,989 - INFO - Time: 5945454.5; timestep: 436
2024-08-05 17:45:59,134 - INFO - Time: 5959090.9; timestep: 437
2024-08-05 17:45:59,278 - INFO - Time: 5972727.3; timestep: 438
2024-08-05 17:45:59,419 - INFO - Time: 5986363.6; timestep: 439
2024-08-05 17:45:59,563 - INFO - Time: 6000000.0; timestep: 440
2024-08-05 17:45:59,713 - INFO - Time: 6013636.4; timestep: 441
2024-08-05 17:45:59,713 - INFO - Saving data to output file: 00063
2024-08-05 17:45:59,853 - INFO - Saving checkpoint
2024-08-05 17:46:00,042 - INFO - Time: 6027272.7; timestep: 442
2024-08-05 17:46:00,199 - INFO - Time: 6040909.1; timestep: 443
2024-08-05 17:46:00,343 - INFO - Time: 6054545.5; timestep: 444
2024-08-05 17:46:00,485 - INFO - Time: 6068181.8; timestep: 445
2024-08-05 17:46:00,634 - INFO - Time: 6081818.2; timestep: 446
2024-08-05 17:46:00,776 - INFO - Time: 6095454.5; timestep: 447
2024-08-05 17:46:00,920 - INFO - Time: 6109090.9; timestep: 448
2024-08-05 17:46:00,920 - INFO - Saving data to output file: 00064
2024-08-05 17:46:01,058 - INFO - Saving checkpoint
2024-08-05 17:46:01,246 - INFO - Time: 6122727.3; timestep: 449
2024-08-05 17:46:01,387 - INFO - Time: 6136363.6; timestep: 450
2024-08-05 17:46:01,535 - INFO - Time: 6150000.0; timestep: 451
2024-08-05 17:46:01,683 - INFO - Time: 6163636.4; timestep: 452
2024-08-05 17:46:01,829 - INFO - Time: 6177272.7; timestep: 453
2024-08-05 17:46:01,973 - INFO - Time: 6190909.1; timestep: 454
2024-08-05 17:46:02,118 - INFO - Time: 6204545.5; timestep: 455
2024-08-05 17:46:02,118 - INFO - Saving data to output file: 00065
2024-08-05 17:46:02,258 - INFO - Saving checkpoint
2024-08-05 17:46:02,446 - INFO - Time: 6218181.8; timestep: 456
2024-08-05 17:46:02,597 - INFO - Time: 6231818.2; timestep: 457
2024-08-05 17:46:02,742 - INFO - Time: 6245454.5; timestep: 458
2024-08-05 17:46:02,885 - INFO - Time: 6259090.9; timestep: 459
2024-08-05 17:46:03,034 - INFO - Time: 6272727.3; timestep: 460
2024-08-05 17:46:03,176 - INFO - Time: 6286363.6; timestep: 461
2024-08-05 17:46:03,327 - INFO - Time: 6300000.0; timestep: 462
2024-08-05 17:46:03,327 - INFO - Saving data to output file: 00066
2024-08-05 17:46:03,460 - INFO - Saving checkpoint
2024-08-05 17:46:03,654 - INFO - Time: 6313636.4; timestep: 463
2024-08-05 17:46:03,804 - INFO - Time: 6327272.7; timestep: 464
2024-08-05 17:46:03,955 - INFO - Time: 6340909.1; timestep: 465
2024-08-05 17:46:04,105 - INFO - Time: 6354545.5; timestep: 466
2024-08-05 17:46:04,255 - INFO - Time: 6368181.8; timestep: 467
2024-08-05 17:46:04,402 - INFO - Time: 6381818.2; timestep: 468
2024-08-05 17:46:04,552 - INFO - Time: 6395454.5; timestep: 469
2024-08-05 17:46:04,552 - INFO - Saving data to output file: 00067
2024-08-05 17:46:04,731 - INFO - Saving checkpoint
2024-08-05 17:46:04,904 - INFO - Time: 6409090.9; timestep: 470
2024-08-05 17:46:05,065 - INFO - Time: 6422727.3; timestep: 471
2024-08-05 17:46:05,219 - INFO - Time: 6436363.6; timestep: 472
2024-08-05 17:46:05,362 - INFO - Time: 6450000.0; timestep: 473
2024-08-05 17:46:05,507 - INFO - Time: 6463636.4; timestep: 474
2024-08-05 17:46:05,658 - INFO - Time: 6477272.7; timestep: 475
2024-08-05 17:46:05,805 - INFO - Time: 6490909.1; timestep: 476
2024-08-05 17:46:05,805 - INFO - Saving data to output file: 00068
2024-08-05 17:46:05,948 - INFO - Saving checkpoint
2024-08-05 17:46:06,136 - INFO - Time: 6504545.5; timestep: 477
2024-08-05 17:46:06,280 - INFO - Time: 6518181.8; timestep: 478
2024-08-05 17:46:06,425 - INFO - Time: 6531818.2; timestep: 479
2024-08-05 17:46:06,569 - INFO - Time: 6545454.5; timestep: 480
2024-08-05 17:46:06,720 - INFO - Time: 6559090.9; timestep: 481
2024-08-05 17:46:06,869 - INFO - Time: 6572727.3; timestep: 482
2024-08-05 17:46:07,012 - INFO - Time: 6586363.6; timestep: 483
2024-08-05 17:46:07,012 - INFO - Saving data to output file: 00069
2024-08-05 17:46:07,152 - INFO - Saving checkpoint
2024-08-05 17:46:07,340 - INFO - Time: 6600000.0; timestep: 484
2024-08-05 17:46:07,484 - INFO - Time: 6613636.4; timestep: 485
2024-08-05 17:46:07,636 - INFO - Time: 6627272.7; timestep: 486
2024-08-05 17:46:07,781 - INFO - Time: 6640909.1; timestep: 487
2024-08-05 17:46:07,926 - INFO - Time: 6654545.5; timestep: 488
2024-08-05 17:46:08,069 - INFO - Time: 6668181.8; timestep: 489
2024-08-05 17:46:08,215 - INFO - Time: 6681818.2; timestep: 490
2024-08-05 17:46:08,215 - INFO - Saving data to output file: 00070
2024-08-05 17:46:08,354 - INFO - Saving checkpoint
2024-08-05 17:46:08,543 - INFO - Time: 6695454.5; timestep: 491
2024-08-05 17:46:08,692 - INFO - Time: 6709090.9; timestep: 492
2024-08-05 17:46:08,839 - INFO - Time: 6722727.3; timestep: 493
2024-08-05 17:46:08,988 - INFO - Time: 6736363.6; timestep: 494
2024-08-05 17:46:09,132 - INFO - Time: 6750000.0; timestep: 495
2024-08-05 17:46:09,277 - INFO - Time: 6763636.4; timestep: 496
2024-08-05 17:46:09,423 - INFO - Time: 6777272.7; timestep: 497
2024-08-05 17:46:09,423 - INFO - Saving data to output file: 00071
2024-08-05 17:46:09,559 - INFO - Saving checkpoint
2024-08-05 17:46:09,744 - INFO - Time: 6790909.1; timestep: 498
2024-08-05 17:46:09,893 - INFO - Time: 6804545.5; timestep: 499
2024-08-05 17:46:10,050 - INFO - Time: 6818181.8; timestep: 500
2024-08-05 17:46:10,202 - INFO - Time: 6831818.2; timestep: 501
2024-08-05 17:46:10,356 - INFO - Time: 6845454.5; timestep: 502
2024-08-05 17:46:10,502 - INFO - Time: 6859090.9; timestep: 503
2024-08-05 17:46:10,650 - INFO - Time: 6872727.3; timestep: 504
2024-08-05 17:46:10,650 - INFO - Saving data to output file: 00072
2024-08-05 17:46:10,817 - INFO - Saving checkpoint
2024-08-05 17:46:10,974 - INFO - Time: 6886363.6; timestep: 505
2024-08-05 17:46:11,120 - INFO - Time: 6900000.0; timestep: 506
2024-08-05 17:46:11,265 - INFO - Time: 6913636.4; timestep: 507
2024-08-05 17:46:11,413 - INFO - Time: 6927272.7; timestep: 508
2024-08-05 17:46:11,560 - INFO - Time: 6940909.1; timestep: 509
2024-08-05 17:46:11,707 - INFO - Time: 6954545.5; timestep: 510
2024-08-05 17:46:11,856 - INFO - Time: 6968181.8; timestep: 511
2024-08-05 17:46:11,856 - INFO - Saving data to output file: 00073
2024-08-05 17:46:12,020 - INFO - Saving checkpoint
2024-08-05 17:46:12,178 - INFO - Time: 6981818.2; timestep: 512
2024-08-05 17:46:12,324 - INFO - Time: 6995454.5; timestep: 513
2024-08-05 17:46:12,471 - INFO - Time: 7009090.9; timestep: 514
2024-08-05 17:46:12,619 - INFO - Time: 7022727.3; timestep: 515
2024-08-05 17:46:12,765 - INFO - Time: 7036363.6; timestep: 516
2024-08-05 17:46:12,910 - INFO - Time: 7050000.0; timestep: 517
2024-08-05 17:46:13,057 - INFO - Time: 7063636.4; timestep: 518
2024-08-05 17:46:13,057 - INFO - Saving data to output file: 00074
2024-08-05 17:46:13,224 - INFO - Saving checkpoint
2024-08-05 17:46:13,378 - INFO - Time: 7077272.7; timestep: 519
2024-08-05 17:46:13,525 - INFO - Time: 7090909.1; timestep: 520
2024-08-05 17:46:13,672 - INFO - Time: 7104545.5; timestep: 521
2024-08-05 17:46:13,817 - INFO - Time: 7118181.8; timestep: 522
2024-08-05 17:46:13,969 - INFO - Time: 7131818.2; timestep: 523
2024-08-05 17:46:14,114 - INFO - Time: 7145454.5; timestep: 524
2024-08-05 17:46:14,263 - INFO - Time: 7159090.9; timestep: 525
2024-08-05 17:46:14,263 - INFO - Saving data to output file: 00075
2024-08-05 17:46:14,427 - INFO - Saving checkpoint
2024-08-05 17:46:14,596 - INFO - Time: 7172727.3; timestep: 526
2024-08-05 17:46:14,741 - INFO - Time: 7186363.6; timestep: 527
2024-08-05 17:46:14,887 - INFO - Time: 7200000.0; timestep: 528
2024-08-05 17:46:15,041 - INFO - Time: 7213636.4; timestep: 529
2024-08-05 17:46:15,191 - INFO - Time: 7227272.7; timestep: 530
2024-08-05 17:46:15,345 - INFO - Time: 7240909.1; timestep: 531
2024-08-05 17:46:15,500 - INFO - Time: 7254545.5; timestep: 532
2024-08-05 17:46:15,500 - INFO - Saving data to output file: 00076
2024-08-05 17:46:15,651 - INFO - Saving checkpoint
2024-08-05 17:46:15,838 - INFO - Time: 7268181.8; timestep: 533
2024-08-05 17:46:15,984 - INFO - Time: 7281818.2; timestep: 534
2024-08-05 17:46:16,134 - INFO - Time: 7295454.5; timestep: 535
2024-08-05 17:46:16,282 - INFO - Time: 7309090.9; timestep: 536
2024-08-05 17:46:16,431 - INFO - Time: 7322727.3; timestep: 537
2024-08-05 17:46:16,581 - INFO - Time: 7336363.6; timestep: 538
2024-08-05 17:46:16,737 - INFO - Time: 7350000.0; timestep: 539
2024-08-05 17:46:16,738 - INFO - Saving data to output file: 00077
2024-08-05 17:46:16,901 - INFO - Saving checkpoint
2024-08-05 17:46:17,070 - INFO - Time: 7363636.4; timestep: 540
2024-08-05 17:46:17,220 - INFO - Time: 7377272.7; timestep: 541
2024-08-05 17:46:17,368 - INFO - Time: 7390909.1; timestep: 542
2024-08-05 17:46:17,523 - INFO - Time: 7404545.5; timestep: 543
2024-08-05 17:46:17,676 - INFO - Time: 7418181.8; timestep: 544
2024-08-05 17:46:17,828 - INFO - Time: 7431818.2; timestep: 545
2024-08-05 17:46:17,978 - INFO - Time: 7445454.5; timestep: 546
2024-08-05 17:46:17,978 - INFO - Saving data to output file: 00078
2024-08-05 17:46:18,154 - INFO - Saving checkpoint
2024-08-05 17:46:18,345 - INFO - Time: 7459090.9; timestep: 547
2024-08-05 17:46:18,497 - INFO - Time: 7472727.3; timestep: 548
2024-08-05 17:46:18,649 - INFO - Time: 7486363.6; timestep: 549
2024-08-05 17:46:18,800 - INFO - Time: 7500000.0; timestep: 550
2024-08-05 17:46:18,955 - INFO - Time: 7513636.4; timestep: 551
2024-08-05 17:46:19,112 - INFO - Time: 7527272.7; timestep: 552
2024-08-05 17:46:19,262 - INFO - Time: 7540909.1; timestep: 553
2024-08-05 17:46:19,262 - INFO - Saving data to output file: 00079
2024-08-05 17:46:19,422 - INFO - Saving checkpoint
2024-08-05 17:46:19,588 - INFO - Time: 7554545.5; timestep: 554
2024-08-05 17:46:19,745 - INFO - Time: 7568181.8; timestep: 555
2024-08-05 17:46:19,900 - INFO - Time: 7581818.2; timestep: 556
2024-08-05 17:46:20,060 - INFO - Time: 7595454.5; timestep: 557
2024-08-05 17:46:20,214 - INFO - Time: 7609090.9; timestep: 558
2024-08-05 17:46:20,370 - INFO - Time: 7622727.3; timestep: 559
2024-08-05 17:46:20,528 - INFO - Time: 7636363.6; timestep: 560
2024-08-05 17:46:20,528 - INFO - Saving data to output file: 00080
2024-08-05 17:46:21,158 - INFO - Saving checkpoint
2024-08-05 17:46:21,346 - INFO - Time: 7650000.0; timestep: 561
2024-08-05 17:46:21,507 - INFO - Time: 7663636.4; timestep: 562
2024-08-05 17:46:21,670 - INFO - Time: 7677272.7; timestep: 563
2024-08-05 17:46:21,833 - INFO - Time: 7690909.1; timestep: 564
2024-08-05 17:46:21,994 - INFO - Time: 7704545.5; timestep: 565
2024-08-05 17:46:22,143 - INFO - Time: 7718181.8; timestep: 566
2024-08-05 17:46:22,299 - INFO - Time: 7731818.2; timestep: 567
2024-08-05 17:46:22,299 - INFO - Saving data to output file: 00081
2024-08-05 17:46:22,450 - INFO - Saving checkpoint
2024-08-05 17:46:22,648 - INFO - Time: 7745454.5; timestep: 568
2024-08-05 17:46:22,802 - INFO - Time: 7759090.9; timestep: 569
2024-08-05 17:46:22,961 - INFO - Time: 7772727.3; timestep: 570
2024-08-05 17:46:23,116 - INFO - Time: 7786363.6; timestep: 571
2024-08-05 17:46:23,273 - INFO - Time: 7800000.0; timestep: 572
2024-08-05 17:46:23,423 - INFO - Time: 7813636.4; timestep: 573
2024-08-05 17:46:23,576 - INFO - Time: 7827272.7; timestep: 574
2024-08-05 17:46:23,576 - INFO - Saving data to output file: 00082
2024-08-05 17:46:23,741 - INFO - Saving checkpoint
2024-08-05 17:46:23,950 - INFO - Time: 7840909.1; timestep: 575
2024-08-05 17:46:24,118 - INFO - Time: 7854545.5; timestep: 576
2024-08-05 17:46:24,275 - INFO - Time: 7868181.8; timestep: 577
2024-08-05 17:46:24,430 - INFO - Time: 7881818.2; timestep: 578
2024-08-05 17:46:24,581 - INFO - Time: 7895454.5; timestep: 579
2024-08-05 17:46:24,738 - INFO - Time: 7909090.9; timestep: 580
2024-08-05 17:46:24,898 - INFO - Time: 7922727.3; timestep: 581
2024-08-05 17:46:24,899 - INFO - Saving data to output file: 00083
2024-08-05 17:46:25,048 - INFO - Saving checkpoint
2024-08-05 17:46:25,240 - INFO - Time: 7936363.6; timestep: 582
2024-08-05 17:46:25,390 - INFO - Time: 7950000.0; timestep: 583
2024-08-05 17:46:25,554 - INFO - Time: 7963636.4; timestep: 584
2024-08-05 17:46:25,705 - INFO - Time: 7977272.7; timestep: 585
2024-08-05 17:46:25,857 - INFO - Time: 7990909.1; timestep: 586
2024-08-05 17:46:26,005 - INFO - Time: 8004545.5; timestep: 587
2024-08-05 17:46:26,165 - INFO - Time: 8018181.8; timestep: 588
2024-08-05 17:46:26,166 - INFO - Saving data to output file: 00084
2024-08-05 17:46:26,329 - INFO - Saving checkpoint
2024-08-05 17:46:26,509 - INFO - Time: 8031818.2; timestep: 589
2024-08-05 17:46:26,663 - INFO - Time: 8045454.5; timestep: 590
2024-08-05 17:46:26,813 - INFO - Time: 8059090.9; timestep: 591
2024-08-05 17:46:26,971 - INFO - Time: 8072727.3; timestep: 592
2024-08-05 17:46:27,127 - INFO - Time: 8086363.6; timestep: 593
2024-08-05 17:46:27,280 - INFO - Time: 8100000.0; timestep: 594
2024-08-05 17:46:27,435 - INFO - Time: 8113636.4; timestep: 595
2024-08-05 17:46:27,435 - INFO - Saving data to output file: 00085
2024-08-05 17:46:27,599 - INFO - Saving checkpoint
2024-08-05 17:46:27,759 - INFO - Time: 8127272.7; timestep: 596
2024-08-05 17:46:27,910 - INFO - Time: 8140909.1; timestep: 597
2024-08-05 17:46:28,064 - INFO - Time: 8154545.5; timestep: 598
2024-08-05 17:46:28,224 - INFO - Time: 8168181.8; timestep: 599
2024-08-05 17:46:28,385 - INFO - Time: 8181818.2; timestep: 600
2024-08-05 17:46:28,547 - INFO - Time: 8195454.5; timestep: 601
2024-08-05 17:46:28,706 - INFO - Time: 8209090.9; timestep: 602
2024-08-05 17:46:28,706 - INFO - Saving data to output file: 00086
2024-08-05 17:46:28,852 - INFO - Saving checkpoint
2024-08-05 17:46:29,051 - INFO - Time: 8222727.3; timestep: 603
2024-08-05 17:46:29,209 - INFO - Time: 8236363.6; timestep: 604
2024-08-05 17:46:29,370 - INFO - Time: 8250000.0; timestep: 605
2024-08-05 17:46:29,534 - INFO - Time: 8263636.4; timestep: 606
2024-08-05 17:46:29,693 - INFO - Time: 8277272.7; timestep: 607
2024-08-05 17:46:29,857 - INFO - Time: 8290909.1; timestep: 608
2024-08-05 17:46:30,012 - INFO - Time: 8304545.5; timestep: 609
2024-08-05 17:46:30,012 - INFO - Saving data to output file: 00087
2024-08-05 17:46:30,152 - INFO - Saving checkpoint
2024-08-05 17:46:30,342 - INFO - Time: 8318181.8; timestep: 610
2024-08-05 17:46:30,496 - INFO - Time: 8331818.2; timestep: 611
2024-08-05 17:46:30,655 - INFO - Time: 8345454.5; timestep: 612
2024-08-05 17:46:30,813 - INFO - Time: 8359090.9; timestep: 613
2024-08-05 17:46:30,969 - INFO - Time: 8372727.3; timestep: 614
2024-08-05 17:46:31,121 - INFO - Time: 8386363.6; timestep: 615
2024-08-05 17:46:31,273 - INFO - Time: 8400000.0; timestep: 616
2024-08-05 17:46:31,273 - INFO - Saving data to output file: 00088
2024-08-05 17:46:31,434 - INFO - Saving checkpoint
2024-08-05 17:46:31,627 - INFO - Time: 8413636.4; timestep: 617
2024-08-05 17:46:31,776 - INFO - Time: 8427272.7; timestep: 618
2024-08-05 17:46:31,925 - INFO - Time: 8440909.1; timestep: 619
2024-08-05 17:46:32,077 - INFO - Time: 8454545.5; timestep: 620
2024-08-05 17:46:32,229 - INFO - Time: 8468181.8; timestep: 621
2024-08-05 17:46:32,384 - INFO - Time: 8481818.2; timestep: 622
2024-08-05 17:46:32,537 - INFO - Time: 8495454.5; timestep: 623
2024-08-05 17:46:32,537 - INFO - Saving data to output file: 00089
2024-08-05 17:46:32,701 - INFO - Saving checkpoint
2024-08-05 17:46:32,865 - INFO - Time: 8509090.9; timestep: 624
2024-08-05 17:46:33,026 - INFO - Time: 8522727.3; timestep: 625
2024-08-05 17:46:33,186 - INFO - Time: 8536363.6; timestep: 626
2024-08-05 17:46:33,348 - INFO - Time: 8550000.0; timestep: 627
2024-08-05 17:46:33,501 - INFO - Time: 8563636.4; timestep: 628
2024-08-05 17:46:33,658 - INFO - Time: 8577272.7; timestep: 629
2024-08-05 17:46:33,809 - INFO - Time: 8590909.1; timestep: 630
2024-08-05 17:46:33,809 - INFO - Saving data to output file: 00090
2024-08-05 17:46:33,951 - INFO - Saving checkpoint
2024-08-05 17:46:34,144 - INFO - Time: 8604545.5; timestep: 631
2024-08-05 17:46:34,302 - INFO - Time: 8618181.8; timestep: 632
2024-08-05 17:46:34,457 - INFO - Time: 8631818.2; timestep: 633
2024-08-05 17:46:34,613 - INFO - Time: 8645454.5; timestep: 634
2024-08-05 17:46:34,762 - INFO - Time: 8659090.9; timestep: 635
2024-08-05 17:46:34,906 - INFO - Time: 8672727.3; timestep: 636
2024-08-05 17:46:35,061 - INFO - Time: 8686363.6; timestep: 637
2024-08-05 17:46:35,061 - INFO - Saving data to output file: 00091
2024-08-05 17:46:35,223 - INFO - Saving checkpoint
2024-08-05 17:46:35,397 - INFO - Time: 8700000.0; timestep: 638
2024-08-05 17:46:35,556 - INFO - Time: 8713636.4; timestep: 639
2024-08-05 17:46:35,714 - INFO - Time: 8727272.7; timestep: 640
2024-08-05 17:46:35,880 - INFO - Time: 8740909.1; timestep: 641
2024-08-05 17:46:36,037 - INFO - Time: 8754545.5; timestep: 642
2024-08-05 17:46:36,199 - INFO - Time: 8768181.8; timestep: 643
2024-08-05 17:46:36,354 - INFO - Time: 8781818.2; timestep: 644
2024-08-05 17:46:36,354 - INFO - Saving data to output file: 00092
2024-08-05 17:46:36,512 - INFO - Saving checkpoint
2024-08-05 17:46:36,672 - INFO - Time: 8795454.5; timestep: 645
2024-08-05 17:46:36,824 - INFO - Time: 8809090.9; timestep: 646
2024-08-05 17:46:36,972 - INFO - Time: 8822727.3; timestep: 647
2024-08-05 17:46:37,121 - INFO - Time: 8836363.6; timestep: 648
2024-08-05 17:46:37,277 - INFO - Time: 8850000.0; timestep: 649
2024-08-05 17:46:37,425 - INFO - Time: 8863636.4; timestep: 650
2024-08-05 17:46:37,575 - INFO - Time: 8877272.7; timestep: 651
2024-08-05 17:46:37,575 - INFO - Saving data to output file: 00093
2024-08-05 17:46:37,739 - INFO - Saving checkpoint
2024-08-05 17:46:37,930 - INFO - Time: 8890909.1; timestep: 652
2024-08-05 17:46:38,081 - INFO - Time: 8904545.5; timestep: 653
2024-08-05 17:46:38,235 - INFO - Time: 8918181.8; timestep: 654
2024-08-05 17:46:38,397 - INFO - Time: 8931818.2; timestep: 655
2024-08-05 17:46:38,565 - INFO - Time: 8945454.5; timestep: 656
2024-08-05 17:46:38,728 - INFO - Time: 8959090.9; timestep: 657
2024-08-05 17:46:38,882 - INFO - Time: 8972727.3; timestep: 658
2024-08-05 17:46:38,882 - INFO - Saving data to output file: 00094
2024-08-05 17:46:39,044 - INFO - Saving checkpoint
2024-08-05 17:46:39,246 - INFO - Time: 8986363.6; timestep: 659
2024-08-05 17:46:39,396 - INFO - Time: 9000000.0; timestep: 660
2024-08-05 17:46:39,543 - INFO - Time: 9013636.4; timestep: 661
2024-08-05 17:46:39,692 - INFO - Time: 9027272.7; timestep: 662
2024-08-05 17:46:39,845 - INFO - Time: 9040909.1; timestep: 663
2024-08-05 17:46:39,996 - INFO - Time: 9054545.5; timestep: 664
2024-08-05 17:46:40,146 - INFO - Time: 9068181.8; timestep: 665
2024-08-05 17:46:40,146 - INFO - Saving data to output file: 00095
2024-08-05 17:46:40,311 - INFO - Saving checkpoint
2024-08-05 17:46:40,470 - INFO - Time: 9081818.2; timestep: 666
2024-08-05 17:46:40,626 - INFO - Time: 9095454.5; timestep: 667
2024-08-05 17:46:40,785 - INFO - Time: 9109090.9; timestep: 668
2024-08-05 17:46:40,941 - INFO - Time: 9122727.3; timestep: 669
2024-08-05 17:46:41,101 - INFO - Time: 9136363.6; timestep: 670
2024-08-05 17:46:41,257 - INFO - Time: 9150000.0; timestep: 671
2024-08-05 17:46:41,410 - INFO - Time: 9163636.4; timestep: 672
2024-08-05 17:46:41,410 - INFO - Saving data to output file: 00096
2024-08-05 17:46:41,552 - INFO - Saving checkpoint
2024-08-05 17:46:41,754 - INFO - Time: 9177272.7; timestep: 673
2024-08-05 17:46:41,908 - INFO - Time: 9190909.1; timestep: 674
2024-08-05 17:46:42,067 - INFO - Time: 9204545.5; timestep: 675
2024-08-05 17:46:42,222 - INFO - Time: 9218181.8; timestep: 676
2024-08-05 17:46:42,377 - INFO - Time: 9231818.2; timestep: 677
2024-08-05 17:46:42,531 - INFO - Time: 9245454.5; timestep: 678
2024-08-05 17:46:42,684 - INFO - Time: 9259090.9; timestep: 679
2024-08-05 17:46:42,684 - INFO - Saving data to output file: 00097
2024-08-05 17:46:42,845 - INFO - Saving checkpoint
2024-08-05 17:46:43,036 - INFO - Time: 9272727.3; timestep: 680
2024-08-05 17:46:43,187 - INFO - Time: 9286363.6; timestep: 681
2024-08-05 17:46:43,339 - INFO - Time: 9300000.0; timestep: 682
2024-08-05 17:46:43,495 - INFO - Time: 9313636.4; timestep: 683
2024-08-05 17:46:43,641 - INFO - Time: 9327272.7; timestep: 684
2024-08-05 17:46:43,794 - INFO - Time: 9340909.1; timestep: 685
2024-08-05 17:46:43,945 - INFO - Time: 9354545.5; timestep: 686
2024-08-05 17:46:43,945 - INFO - Saving data to output file: 00098
2024-08-05 17:46:44,106 - INFO - Saving checkpoint
2024-08-05 17:46:44,261 - INFO - Time: 9368181.8; timestep: 687
2024-08-05 17:46:44,417 - INFO - Time: 9381818.2; timestep: 688
2024-08-05 17:46:44,564 - INFO - Time: 9395454.5; timestep: 689
2024-08-05 17:46:44,714 - INFO - Time: 9409090.9; timestep: 690
2024-08-05 17:46:44,867 - INFO - Time: 9422727.3; timestep: 691
2024-08-05 17:46:45,022 - INFO - Time: 9436363.6; timestep: 692
2024-08-05 17:46:45,183 - INFO - Time: 9450000.0; timestep: 693
2024-08-05 17:46:45,183 - INFO - Saving data to output file: 00099
2024-08-05 17:46:45,344 - INFO - Saving checkpoint
2024-08-05 17:46:45,542 - INFO - Time: 9463636.4; timestep: 694
2024-08-05 17:46:45,700 - INFO - Time: 9477272.7; timestep: 695
2024-08-05 17:46:45,855 - INFO - Time: 9490909.1; timestep: 696
2024-08-05 17:46:46,012 - INFO - Time: 9504545.5; timestep: 697
2024-08-05 17:46:46,177 - INFO - Time: 9518181.8; timestep: 698
2024-08-05 17:46:46,331 - INFO - Time: 9531818.2; timestep: 699
2024-08-05 17:46:46,486 - INFO - Time: 9545454.5; timestep: 700
2024-08-05 17:46:46,486 - INFO - Saving data to output file: 00100
2024-08-05 17:46:46,643 - INFO - Saving checkpoint
2024-08-05 17:46:46,842 - INFO - Time: 9559090.9; timestep: 701
2024-08-05 17:46:46,990 - INFO - Time: 9572727.3; timestep: 702
2024-08-05 17:46:47,140 - INFO - Time: 9586363.6; timestep: 703
2024-08-05 17:46:47,292 - INFO - Time: 9600000.0; timestep: 704
2024-08-05 17:46:47,444 - INFO - Time: 9613636.4; timestep: 705
2024-08-05 17:46:47,604 - INFO - Time: 9627272.7; timestep: 706
2024-08-05 17:46:47,765 - INFO - Time: 9640909.1; timestep: 707
2024-08-05 17:46:47,765 - INFO - Saving data to output file: 00101
2024-08-05 17:46:47,928 - INFO - Saving checkpoint
2024-08-05 17:46:48,122 - INFO - Time: 9654545.5; timestep: 708
2024-08-05 17:46:48,284 - INFO - Time: 9668181.8; timestep: 709
2024-08-05 17:46:48,449 - INFO - Time: 9681818.2; timestep: 710
2024-08-05 17:46:48,611 - INFO - Time: 9695454.5; timestep: 711
2024-08-05 17:46:48,769 - INFO - Time: 9709090.9; timestep: 712
2024-08-05 17:46:48,930 - INFO - Time: 9722727.3; timestep: 713
2024-08-05 17:46:49,090 - INFO - Time: 9736363.6; timestep: 714
2024-08-05 17:46:49,090 - INFO - Saving data to output file: 00102
2024-08-05 17:46:49,244 - INFO - Saving checkpoint
2024-08-05 17:46:49,451 - INFO - Time: 9750000.0; timestep: 715
2024-08-05 17:46:49,604 - INFO - Time: 9763636.4; timestep: 716
2024-08-05 17:46:49,755 - INFO - Time: 9777272.7; timestep: 717
2024-08-05 17:46:49,908 - INFO - Time: 9790909.1; timestep: 718
2024-08-05 17:46:50,058 - INFO - Time: 9804545.5; timestep: 719
2024-08-05 17:46:50,205 - INFO - Time: 9818181.8; timestep: 720
2024-08-05 17:46:50,362 - INFO - Time: 9831818.2; timestep: 721
2024-08-05 17:46:50,362 - INFO - Saving data to output file: 00103
2024-08-05 17:46:50,522 - INFO - Saving checkpoint
2024-08-05 17:46:50,684 - INFO - Time: 9845454.5; timestep: 722
2024-08-05 17:46:50,833 - INFO - Time: 9859090.9; timestep: 723
2024-08-05 17:46:50,982 - INFO - Time: 9872727.3; timestep: 724
2024-08-05 17:46:51,131 - INFO - Time: 9886363.6; timestep: 725
2024-08-05 17:46:51,279 - INFO - Time: 9900000.0; timestep: 726
2024-08-05 17:46:51,439 - INFO - Time: 9913636.4; timestep: 727
2024-08-05 17:46:51,595 - INFO - Time: 9927272.7; timestep: 728
2024-08-05 17:46:51,595 - INFO - Saving data to output file: 00104
2024-08-05 17:46:51,747 - INFO - Saving checkpoint
2024-08-05 17:46:51,944 - INFO - Time: 9940909.1; timestep: 729
2024-08-05 17:46:52,089 - INFO - Time: 9954545.5; timestep: 730
2024-08-05 17:46:52,234 - INFO - Time: 9968181.8; timestep: 731
2024-08-05 17:46:52,380 - INFO - Time: 9981818.2; timestep: 732
2024-08-05 17:46:52,546 - INFO - Time: 9995454.5; timestep: 733
2024-08-05 17:46:52,694 - INFO - Time: 10009090.9; timestep: 734
2024-08-05 17:46:52,863 - INFO - Time: 10022727.3; timestep: 735
2024-08-05 17:46:52,863 - INFO - Saving data to output file: 00105
2024-08-05 17:46:53,025 - INFO - Saving checkpoint
2024-08-05 17:46:53,192 - INFO - Time: 10036363.6; timestep: 736
2024-08-05 17:46:53,344 - INFO - Time: 10050000.0; timestep: 737
2024-08-05 17:46:53,500 - INFO - Time: 10063636.4; timestep: 738
2024-08-05 17:46:53,654 - INFO - Time: 10077272.7; timestep: 739
2024-08-05 17:46:53,810 - INFO - Time: 10090909.1; timestep: 740
2024-08-05 17:46:53,962 - INFO - Time: 10104545.5; timestep: 741
2024-08-05 17:46:54,114 - INFO - Time: 10118181.8; timestep: 742
2024-08-05 17:46:54,114 - INFO - Saving data to output file: 00106
2024-08-05 17:46:54,253 - INFO - Saving checkpoint
2024-08-05 17:46:54,451 - INFO - Time: 10131818.2; timestep: 743
2024-08-05 17:46:54,602 - INFO - Time: 10145454.5; timestep: 744
2024-08-05 17:46:54,755 - INFO - Time: 10159090.9; timestep: 745
2024-08-05 17:46:54,910 - INFO - Time: 10172727.3; timestep: 746
2024-08-05 17:46:55,067 - INFO - Time: 10186363.6; timestep: 747
2024-08-05 17:46:55,231 - INFO - Time: 10200000.0; timestep: 748
2024-08-05 17:46:55,391 - INFO - Time: 10213636.4; timestep: 749
2024-08-05 17:46:55,392 - INFO - Saving data to output file: 00107
2024-08-05 17:46:55,547 - INFO - Saving checkpoint
2024-08-05 17:46:55,741 - INFO - Time: 10227272.7; timestep: 750
2024-08-05 17:46:55,895 - INFO - Time: 10240909.1; timestep: 751
2024-08-05 17:46:56,050 - INFO - Time: 10254545.5; timestep: 752
2024-08-05 17:46:56,209 - INFO - Time: 10268181.8; timestep: 753
2024-08-05 17:46:56,363 - INFO - Time: 10281818.2; timestep: 754
2024-08-05 17:46:56,519 - INFO - Time: 10295454.5; timestep: 755
2024-08-05 17:46:56,677 - INFO - Time: 10309090.9; timestep: 756
2024-08-05 17:46:56,677 - INFO - Saving data to output file: 00108
2024-08-05 17:46:56,841 - INFO - Saving checkpoint
2024-08-05 17:46:57,041 - INFO - Time: 10322727.3; timestep: 757
2024-08-05 17:46:57,204 - INFO - Time: 10336363.6; timestep: 758
2024-08-05 17:46:57,360 - INFO - Time: 10350000.0; timestep: 759
2024-08-05 17:46:57,520 - INFO - Time: 10363636.4; timestep: 760
2024-08-05 17:46:57,676 - INFO - Time: 10377272.7; timestep: 761
2024-08-05 17:46:57,831 - INFO - Time: 10390909.1; timestep: 762
2024-08-05 17:46:57,997 - INFO - Time: 10404545.5; timestep: 763
2024-08-05 17:46:57,997 - INFO - Saving data to output file: 00109
2024-08-05 17:46:58,803 - INFO - Saving checkpoint
2024-08-05 17:46:59,022 - INFO - Time: 10418181.8; timestep: 764
2024-08-05 17:46:59,176 - INFO - Time: 10431818.2; timestep: 765
2024-08-05 17:46:59,330 - INFO - Time: 10445454.5; timestep: 766
2024-08-05 17:46:59,487 - INFO - Time: 10459090.9; timestep: 767
2024-08-05 17:46:59,643 - INFO - Time: 10472727.3; timestep: 768
2024-08-05 17:46:59,798 - INFO - Time: 10486363.6; timestep: 769
2024-08-05 17:46:59,955 - INFO - Time: 10500000.0; timestep: 770
2024-08-05 17:46:59,955 - INFO - Saving data to output file: 00110
2024-08-05 17:47:00,123 - INFO - Saving checkpoint
2024-08-05 17:47:00,286 - INFO - Time: 10513636.4; timestep: 771
2024-08-05 17:47:00,446 - INFO - Time: 10527272.7; timestep: 772
2024-08-05 17:47:00,601 - INFO - Time: 10540909.1; timestep: 773
2024-08-05 17:47:00,761 - INFO - Time: 10554545.5; timestep: 774
2024-08-05 17:47:00,923 - INFO - Time: 10568181.8; timestep: 775
2024-08-05 17:47:01,080 - INFO - Time: 10581818.2; timestep: 776
2024-08-05 17:47:01,237 - INFO - Time: 10595454.5; timestep: 777
2024-08-05 17:47:01,237 - INFO - Saving data to output file: 00111
2024-08-05 17:47:01,404 - INFO - Saving checkpoint
2024-08-05 17:47:01,568 - INFO - Time: 10609090.9; timestep: 778
2024-08-05 17:47:01,729 - INFO - Time: 10622727.3; timestep: 779
2024-08-05 17:47:01,893 - INFO - Time: 10636363.6; timestep: 780
2024-08-05 17:47:02,053 - INFO - Time: 10650000.0; timestep: 781
2024-08-05 17:47:02,219 - INFO - Time: 10663636.4; timestep: 782
2024-08-05 17:47:02,381 - INFO - Time: 10677272.7; timestep: 783
2024-08-05 17:47:02,549 - INFO - Time: 10690909.1; timestep: 784
2024-08-05 17:47:02,550 - INFO - Saving data to output file: 00112
2024-08-05 17:47:02,719 - INFO - Saving checkpoint
2024-08-05 17:47:02,887 - INFO - Time: 10704545.5; timestep: 785
2024-08-05 17:47:03,043 - INFO - Time: 10718181.8; timestep: 786
2024-08-05 17:47:03,204 - INFO - Time: 10731818.2; timestep: 787
2024-08-05 17:47:03,357 - INFO - Time: 10745454.5; timestep: 788
2024-08-05 17:47:03,509 - INFO - Time: 10759090.9; timestep: 789
2024-08-05 17:47:03,657 - INFO - Time: 10772727.3; timestep: 790
2024-08-05 17:47:03,812 - INFO - Time: 10786363.6; timestep: 791
2024-08-05 17:47:03,812 - INFO - Saving data to output file: 00113
2024-08-05 17:47:04,002 - INFO - Saving checkpoint
2024-08-05 17:47:04,163 - INFO - Time: 10800000.0; timestep: 792
2024-08-05 17:47:04,314 - INFO - Time: 10813636.4; timestep: 793
2024-08-05 17:47:04,466 - INFO - Time: 10827272.7; timestep: 794
2024-08-05 17:47:04,617 - INFO - Time: 10840909.1; timestep: 795
2024-08-05 17:47:04,768 - INFO - Time: 10854545.5; timestep: 796
2024-08-05 17:47:04,923 - INFO - Time: 10868181.8; timestep: 797
2024-08-05 17:47:05,074 - INFO - Time: 10881818.2; timestep: 798
2024-08-05 17:47:05,074 - INFO - Saving data to output file: 00114
2024-08-05 17:47:05,235 - INFO - Saving checkpoint
2024-08-05 17:47:05,432 - INFO - Time: 10895454.5; timestep: 799
2024-08-05 17:47:05,588 - INFO - Time: 10909090.9; timestep: 800
2024-08-05 17:47:05,738 - INFO - Time: 10922727.3; timestep: 801
2024-08-05 17:47:05,899 - INFO - Time: 10936363.6; timestep: 802
2024-08-05 17:47:06,060 - INFO - Time: 10950000.0; timestep: 803
2024-08-05 17:47:06,211 - INFO - Time: 10963636.4; timestep: 804
2024-08-05 17:47:06,363 - INFO - Time: 10977272.7; timestep: 805
2024-08-05 17:47:06,363 - INFO - Saving data to output file: 00115
2024-08-05 17:47:06,524 - INFO - Saving checkpoint
2024-08-05 17:47:06,700 - INFO - Time: 10990909.1; timestep: 806
2024-08-05 17:47:06,856 - INFO - Time: 11004545.5; timestep: 807
2024-08-05 17:47:07,009 - INFO - Time: 11018181.8; timestep: 808
2024-08-05 17:47:07,159 - INFO - Time: 11031818.2; timestep: 809
2024-08-05 17:47:07,306 - INFO - Time: 11045454.5; timestep: 810
2024-08-05 17:47:07,459 - INFO - Time: 11059090.9; timestep: 811
2024-08-05 17:47:07,609 - INFO - Time: 11072727.3; timestep: 812
2024-08-05 17:47:07,610 - INFO - Saving data to output file: 00116
2024-08-05 17:47:07,753 - INFO - Saving checkpoint
2024-08-05 17:47:07,946 - INFO - Time: 11086363.6; timestep: 813
2024-08-05 17:47:08,101 - INFO - Time: 11100000.0; timestep: 814
2024-08-05 17:47:08,249 - INFO - Time: 11113636.4; timestep: 815
2024-08-05 17:47:08,398 - INFO - Time: 11127272.7; timestep: 816
2024-08-05 17:47:08,543 - INFO - Time: 11140909.1; timestep: 817
2024-08-05 17:47:08,696 - INFO - Time: 11154545.5; timestep: 818
2024-08-05 17:47:08,847 - INFO - Time: 11168181.8; timestep: 819
2024-08-05 17:47:08,847 - INFO - Saving data to output file: 00117
2024-08-05 17:47:09,019 - INFO - Saving checkpoint
2024-08-05 17:47:09,180 - INFO - Time: 11181818.2; timestep: 820
2024-08-05 17:47:09,327 - INFO - Time: 11195454.5; timestep: 821
2024-08-05 17:47:09,481 - INFO - Time: 11209090.9; timestep: 822
2024-08-05 17:47:09,628 - INFO - Time: 11222727.3; timestep: 823
2024-08-05 17:47:09,780 - INFO - Time: 11236363.6; timestep: 824
2024-08-05 17:47:09,928 - INFO - Time: 11250000.0; timestep: 825
2024-08-05 17:47:10,078 - INFO - Time: 11263636.4; timestep: 826
2024-08-05 17:47:10,078 - INFO - Saving data to output file: 00118
2024-08-05 17:47:10,244 - INFO - Saving checkpoint
2024-08-05 17:47:10,436 - INFO - Time: 11277272.7; timestep: 827
2024-08-05 17:47:10,585 - INFO - Time: 11290909.1; timestep: 828
2024-08-05 17:47:10,737 - INFO - Time: 11304545.5; timestep: 829
2024-08-05 17:47:10,884 - INFO - Time: 11318181.8; timestep: 830
2024-08-05 17:47:11,035 - INFO - Time: 11331818.2; timestep: 831
2024-08-05 17:47:11,189 - INFO - Time: 11345454.5; timestep: 832
2024-08-05 17:47:11,336 - INFO - Time: 11359090.9; timestep: 833
2024-08-05 17:47:11,337 - INFO - Saving data to output file: 00119
2024-08-05 17:47:11,504 - INFO - Saving checkpoint
2024-08-05 17:47:11,659 - INFO - Time: 11372727.3; timestep: 834
2024-08-05 17:47:11,805 - INFO - Time: 11386363.6; timestep: 835
2024-08-05 17:47:11,952 - INFO - Time: 11400000.0; timestep: 836
2024-08-05 17:47:12,099 - INFO - Time: 11413636.4; timestep: 837
2024-08-05 17:47:12,248 - INFO - Time: 11427272.7; timestep: 838
2024-08-05 17:47:12,402 - INFO - Time: 11440909.1; timestep: 839
2024-08-05 17:47:12,551 - INFO - Time: 11454545.5; timestep: 840
2024-08-05 17:47:12,551 - INFO - Saving data to output file: 00120
2024-08-05 17:47:12,714 - INFO - Saving checkpoint
2024-08-05 17:47:12,874 - INFO - Time: 11468181.8; timestep: 841
2024-08-05 17:47:13,033 - INFO - Time: 11481818.2; timestep: 842
2024-08-05 17:47:13,187 - INFO - Time: 11495454.5; timestep: 843
2024-08-05 17:47:13,341 - INFO - Time: 11509090.9; timestep: 844
2024-08-05 17:47:13,493 - INFO - Time: 11522727.3; timestep: 845
2024-08-05 17:47:13,640 - INFO - Time: 11536363.6; timestep: 846
2024-08-05 17:47:13,798 - INFO - Time: 11550000.0; timestep: 847
2024-08-05 17:47:13,799 - INFO - Saving data to output file: 00121
2024-08-05 17:47:13,949 - INFO - Saving checkpoint
2024-08-05 17:47:14,139 - INFO - Time: 11563636.4; timestep: 848
2024-08-05 17:47:14,289 - INFO - Time: 11577272.7; timestep: 849
2024-08-05 17:47:14,446 - INFO - Time: 11590909.1; timestep: 850
2024-08-05 17:47:14,597 - INFO - Time: 11604545.5; timestep: 851
2024-08-05 17:47:14,748 - INFO - Time: 11618181.8; timestep: 852
2024-08-05 17:47:14,901 - INFO - Time: 11631818.2; timestep: 853
2024-08-05 17:47:15,052 - INFO - Time: 11645454.5; timestep: 854
2024-08-05 17:47:15,052 - INFO - Saving data to output file: 00122
2024-08-05 17:47:15,218 - INFO - Saving checkpoint
2024-08-05 17:47:15,375 - INFO - Time: 11659090.9; timestep: 855
2024-08-05 17:47:15,524 - INFO - Time: 11672727.3; timestep: 856
2024-08-05 17:47:15,678 - INFO - Time: 11686363.6; timestep: 857
2024-08-05 17:47:15,830 - INFO - Time: 11700000.0; timestep: 858
2024-08-05 17:47:15,982 - INFO - Time: 11713636.4; timestep: 859
2024-08-05 17:47:16,135 - INFO - Time: 11727272.7; timestep: 860
2024-08-05 17:47:16,285 - INFO - Time: 11740909.1; timestep: 861
2024-08-05 17:47:16,286 - INFO - Saving data to output file: 00123
2024-08-05 17:47:16,450 - INFO - Saving checkpoint
2024-08-05 17:47:16,641 - INFO - Time: 11754545.5; timestep: 862
2024-08-05 17:47:16,792 - INFO - Time: 11768181.8; timestep: 863
2024-08-05 17:47:16,946 - INFO - Time: 11781818.2; timestep: 864
2024-08-05 17:47:17,098 - INFO - Time: 11795454.5; timestep: 865
2024-08-05 17:47:17,248 - INFO - Time: 11809090.9; timestep: 866
2024-08-05 17:47:17,404 - INFO - Time: 11822727.3; timestep: 867
2024-08-05 17:47:17,560 - INFO - Time: 11836363.6; timestep: 868
2024-08-05 17:47:17,560 - INFO - Saving data to output file: 00124
2024-08-05 17:47:17,722 - INFO - Saving checkpoint
2024-08-05 17:47:17,890 - INFO - Time: 11850000.0; timestep: 869
2024-08-05 17:47:18,044 - INFO - Time: 11863636.4; timestep: 870
2024-08-05 17:47:18,193 - INFO - Time: 11877272.7; timestep: 871
2024-08-05 17:47:18,342 - INFO - Time: 11890909.1; timestep: 872
2024-08-05 17:47:18,492 - INFO - Time: 11904545.5; timestep: 873
2024-08-05 17:47:18,644 - INFO - Time: 11918181.8; timestep: 874
2024-08-05 17:47:18,796 - INFO - Time: 11931818.2; timestep: 875
2024-08-05 17:47:18,796 - INFO - Saving data to output file: 00125
2024-08-05 17:47:18,948 - INFO - Saving checkpoint
2024-08-05 17:47:19,142 - INFO - Time: 11945454.5; timestep: 876
2024-08-05 17:47:19,291 - INFO - Time: 11959090.9; timestep: 877
2024-08-05 17:47:19,443 - INFO - Time: 11972727.3; timestep: 878
2024-08-05 17:47:19,590 - INFO - Time: 11986363.6; timestep: 879
2024-08-05 17:47:19,738 - INFO - Time: 12000000.0; timestep: 880
2024-08-05 17:47:19,888 - INFO - Time: 12013636.4; timestep: 881
2024-08-05 17:47:20,036 - INFO - Time: 12027272.7; timestep: 882
2024-08-05 17:47:20,037 - INFO - Saving data to output file: 00126
2024-08-05 17:47:20,204 - INFO - Saving checkpoint
2024-08-05 17:47:20,362 - INFO - Time: 12040909.1; timestep: 883
2024-08-05 17:47:20,521 - INFO - Time: 12054545.5; timestep: 884
2024-08-05 17:47:20,672 - INFO - Time: 12068181.8; timestep: 885
2024-08-05 17:47:20,822 - INFO - Time: 12081818.2; timestep: 886
2024-08-05 17:47:20,973 - INFO - Time: 12095454.5; timestep: 887
2024-08-05 17:47:21,123 - INFO - Time: 12109090.9; timestep: 888
2024-08-05 17:47:21,272 - INFO - Time: 12122727.3; timestep: 889
2024-08-05 17:47:21,272 - INFO - Saving data to output file: 00127
2024-08-05 17:47:21,438 - INFO - Saving checkpoint
2024-08-05 17:47:21,627 - INFO - Time: 12136363.6; timestep: 890
2024-08-05 17:47:21,776 - INFO - Time: 12150000.0; timestep: 891
2024-08-05 17:47:21,930 - INFO - Time: 12163636.4; timestep: 892
2024-08-05 17:47:22,079 - INFO - Time: 12177272.7; timestep: 893
2024-08-05 17:47:22,231 - INFO - Time: 12190909.1; timestep: 894
2024-08-05 17:47:22,381 - INFO - Time: 12204545.5; timestep: 895
2024-08-05 17:47:22,532 - INFO - Time: 12218181.8; timestep: 896
2024-08-05 17:47:22,532 - INFO - Saving data to output file: 00128
2024-08-05 17:47:22,697 - INFO - Saving checkpoint
2024-08-05 17:47:22,854 - INFO - Time: 12231818.2; timestep: 897
2024-08-05 17:47:23,007 - INFO - Time: 12245454.5; timestep: 898
2024-08-05 17:47:23,158 - INFO - Time: 12259090.9; timestep: 899
2024-08-05 17:47:23,304 - INFO - Time: 12272727.3; timestep: 900
2024-08-05 17:47:23,456 - INFO - Time: 12286363.6; timestep: 901
2024-08-05 17:47:23,607 - INFO - Time: 12300000.0; timestep: 902
2024-08-05 17:47:23,755 - INFO - Time: 12313636.4; timestep: 903
2024-08-05 17:47:23,755 - INFO - Saving data to output file: 00129
2024-08-05 17:47:23,925 - INFO - Saving checkpoint
2024-08-05 17:47:24,082 - INFO - Time: 12327272.7; timestep: 904
2024-08-05 17:47:24,236 - INFO - Time: 12340909.1; timestep: 905
2024-08-05 17:47:24,386 - INFO - Time: 12354545.5; timestep: 906
2024-08-05 17:47:24,540 - INFO - Time: 12368181.8; timestep: 907
2024-08-05 17:47:24,691 - INFO - Time: 12381818.2; timestep: 908
2024-08-05 17:47:24,845 - INFO - Time: 12395454.5; timestep: 909
2024-08-05 17:47:25,000 - INFO - Time: 12409090.9; timestep: 910
2024-08-05 17:47:25,000 - INFO - Saving data to output file: 00130
2024-08-05 17:47:25,154 - INFO - Saving checkpoint
2024-08-05 17:47:25,345 - INFO - Time: 12422727.3; timestep: 911
2024-08-05 17:47:25,498 - INFO - Time: 12436363.6; timestep: 912
2024-08-05 17:47:25,655 - INFO - Time: 12450000.0; timestep: 913
2024-08-05 17:47:25,808 - INFO - Time: 12463636.4; timestep: 914
2024-08-05 17:47:25,959 - INFO - Time: 12477272.7; timestep: 915
2024-08-05 17:47:26,108 - INFO - Time: 12490909.1; timestep: 916
2024-08-05 17:47:26,261 - INFO - Time: 12504545.5; timestep: 917
2024-08-05 17:47:26,261 - INFO - Saving data to output file: 00131
2024-08-05 17:47:26,433 - INFO - Saving checkpoint
2024-08-05 17:47:26,607 - INFO - Time: 12518181.8; timestep: 918
2024-08-05 17:47:26,758 - INFO - Time: 12531818.2; timestep: 919
2024-08-05 17:47:26,911 - INFO - Time: 12545454.5; timestep: 920
2024-08-05 17:47:27,064 - INFO - Time: 12559090.9; timestep: 921
2024-08-05 17:47:27,213 - INFO - Time: 12572727.3; timestep: 922
2024-08-05 17:47:27,361 - INFO - Time: 12586363.6; timestep: 923
2024-08-05 17:47:27,510 - INFO - Time: 12600000.0; timestep: 924
2024-08-05 17:47:27,510 - INFO - Saving data to output file: 00132
2024-08-05 17:47:27,657 - INFO - Saving checkpoint
2024-08-05 17:47:27,847 - INFO - Time: 12613636.4; timestep: 925
2024-08-05 17:47:27,997 - INFO - Time: 12627272.7; timestep: 926
2024-08-05 17:47:28,148 - INFO - Time: 12640909.1; timestep: 927
2024-08-05 17:47:28,300 - INFO - Time: 12654545.5; timestep: 928
2024-08-05 17:47:28,452 - INFO - Time: 12668181.8; timestep: 929
2024-08-05 17:47:28,599 - INFO - Time: 12681818.2; timestep: 930
2024-08-05 17:47:28,745 - INFO - Time: 12695454.5; timestep: 931
2024-08-05 17:47:28,745 - INFO - Saving data to output file: 00133
2024-08-05 17:47:28,910 - INFO - Saving checkpoint
2024-08-05 17:47:29,065 - INFO - Time: 12709090.9; timestep: 932
2024-08-05 17:47:29,215 - INFO - Time: 12722727.3; timestep: 933
2024-08-05 17:47:29,366 - INFO - Time: 12736363.6; timestep: 934
2024-08-05 17:47:29,517 - INFO - Time: 12750000.0; timestep: 935
2024-08-05 17:47:29,670 - INFO - Time: 12763636.4; timestep: 936
2024-08-05 17:47:29,824 - INFO - Time: 12777272.7; timestep: 937
2024-08-05 17:47:29,979 - INFO - Time: 12790909.1; timestep: 938
2024-08-05 17:47:29,979 - INFO - Saving data to output file: 00134
2024-08-05 17:47:30,144 - INFO - Saving checkpoint
2024-08-05 17:47:30,337 - INFO - Time: 12804545.5; timestep: 939
2024-08-05 17:47:30,488 - INFO - Time: 12818181.8; timestep: 940
2024-08-05 17:47:30,638 - INFO - Time: 12831818.2; timestep: 941
2024-08-05 17:47:30,788 - INFO - Time: 12845454.5; timestep: 942
2024-08-05 17:47:30,938 - INFO - Time: 12859090.9; timestep: 943
2024-08-05 17:47:31,087 - INFO - Time: 12872727.3; timestep: 944
2024-08-05 17:47:31,237 - INFO - Time: 12886363.6; timestep: 945
2024-08-05 17:47:31,237 - INFO - Saving data to output file: 00135
2024-08-05 17:47:31,404 - INFO - Saving checkpoint
2024-08-05 17:47:31,561 - INFO - Time: 12900000.0; timestep: 946
2024-08-05 17:47:31,710 - INFO - Time: 12913636.4; timestep: 947
2024-08-05 17:47:31,861 - INFO - Time: 12927272.7; timestep: 948
2024-08-05 17:47:32,008 - INFO - Time: 12940909.1; timestep: 949
2024-08-05 17:47:32,157 - INFO - Time: 12954545.5; timestep: 950
2024-08-05 17:47:32,304 - INFO - Time: 12968181.8; timestep: 951
2024-08-05 17:47:32,450 - INFO - Time: 12981818.2; timestep: 952
2024-08-05 17:47:32,450 - INFO - Saving data to output file: 00136
2024-08-05 17:47:32,613 - INFO - Saving checkpoint
2024-08-05 17:47:32,768 - INFO - Time: 12995454.5; timestep: 953
2024-08-05 17:47:32,915 - INFO - Time: 13009090.9; timestep: 954
2024-08-05 17:47:33,060 - INFO - Time: 13022727.3; timestep: 955
2024-08-05 17:47:33,207 - INFO - Time: 13036363.6; timestep: 956
2024-08-05 17:47:33,356 - INFO - Time: 13050000.0; timestep: 957
2024-08-05 17:47:33,503 - INFO - Time: 13063636.4; timestep: 958
2024-08-05 17:47:33,650 - INFO - Time: 13077272.7; timestep: 959
2024-08-05 17:47:33,650 - INFO - Saving data to output file: 00137
2024-08-05 17:47:33,816 - INFO - Saving checkpoint
2024-08-05 17:47:33,997 - INFO - Time: 13090909.1; timestep: 960
2024-08-05 17:47:34,148 - INFO - Time: 13104545.5; timestep: 961
2024-08-05 17:47:34,296 - INFO - Time: 13118181.8; timestep: 962
2024-08-05 17:47:34,445 - INFO - Time: 13131818.2; timestep: 963
2024-08-05 17:47:34,596 - INFO - Time: 13145454.5; timestep: 964
2024-08-05 17:47:34,747 - INFO - Time: 13159090.9; timestep: 965
2024-08-05 17:47:34,896 - INFO - Time: 13172727.3; timestep: 966
2024-08-05 17:47:34,896 - INFO - Saving data to output file: 00138
2024-08-05 17:47:35,048 - INFO - Saving checkpoint
2024-08-05 17:47:35,236 - INFO - Time: 13186363.6; timestep: 967
2024-08-05 17:47:35,384 - INFO - Time: 13200000.0; timestep: 968
2024-08-05 17:47:35,529 - INFO - Time: 13213636.4; timestep: 969
2024-08-05 17:47:35,677 - INFO - Time: 13227272.7; timestep: 970
2024-08-05 17:47:35,825 - INFO - Time: 13240909.1; timestep: 971
2024-08-05 17:47:35,973 - INFO - Time: 13254545.5; timestep: 972
2024-08-05 17:47:36,124 - INFO - Time: 13268181.8; timestep: 973
2024-08-05 17:47:36,124 - INFO - Saving data to output file: 00139
2024-08-05 17:47:36,258 - INFO - Saving checkpoint
2024-08-05 17:47:36,451 - INFO - Time: 13281818.2; timestep: 974
2024-08-05 17:47:36,603 - INFO - Time: 13295454.5; timestep: 975
2024-08-05 17:47:36,754 - INFO - Time: 13309090.9; timestep: 976
2024-08-05 17:47:36,903 - INFO - Time: 13322727.3; timestep: 977
2024-08-05 17:47:37,054 - INFO - Time: 13336363.6; timestep: 978
2024-08-05 17:47:37,205 - INFO - Time: 13350000.0; timestep: 979
2024-08-05 17:47:37,358 - INFO - Time: 13363636.4; timestep: 980
2024-08-05 17:47:37,359 - INFO - Saving data to output file: 00140
2024-08-05 17:47:37,517 - INFO - Saving checkpoint
2024-08-05 17:47:37,678 - INFO - Time: 13377272.7; timestep: 981
2024-08-05 17:47:37,832 - INFO - Time: 13390909.1; timestep: 982
2024-08-05 17:47:37,984 - INFO - Time: 13404545.5; timestep: 983
2024-08-05 17:47:38,138 - INFO - Time: 13418181.8; timestep: 984
2024-08-05 17:47:38,292 - INFO - Time: 13431818.2; timestep: 985
2024-08-05 17:47:38,448 - INFO - Time: 13445454.5; timestep: 986
2024-08-05 17:47:38,604 - INFO - Time: 13459090.9; timestep: 987
2024-08-05 17:47:38,604 - INFO - Saving data to output file: 00141
2024-08-05 17:47:38,751 - INFO - Saving checkpoint
2024-08-05 17:47:38,948 - INFO - Time: 13472727.3; timestep: 988
2024-08-05 17:47:39,107 - INFO - Time: 13486363.6; timestep: 989
2024-08-05 17:47:39,263 - INFO - Time: 13500000.0; timestep: 990
2024-08-05 17:47:39,419 - INFO - Time: 13513636.4; timestep: 991
2024-08-05 17:47:39,577 - INFO - Time: 13527272.7; timestep: 992
2024-08-05 17:47:39,739 - INFO - Time: 13540909.1; timestep: 993
2024-08-05 17:47:39,898 - INFO - Time: 13554545.5; timestep: 994
2024-08-05 17:47:39,898 - INFO - Saving data to output file: 00142
2024-08-05 17:47:40,051 - INFO - Saving checkpoint
2024-08-05 17:47:40,248 - INFO - Time: 13568181.8; timestep: 995
2024-08-05 17:47:40,406 - INFO - Time: 13581818.2; timestep: 996
2024-08-05 17:47:40,565 - INFO - Time: 13595454.5; timestep: 997
2024-08-05 17:47:40,721 - INFO - Time: 13609090.9; timestep: 998
2024-08-05 17:47:40,879 - INFO - Time: 13622727.3; timestep: 999
2024-08-05 17:47:41,034 - INFO - Time: 13636363.6; timestep: 1000
2024-08-05 17:47:41,034 - INFO - Finalize the model run
2024-08-05 17:47:41,035 - INFO - Closed output NetCDF4 file
