2024-08-05 17:17:18,370 - INFO - Output log file initialized
2024-08-05 17:17:18,370 - INFO - pyDeltaRCM version 2.1.4
2024-08-05 17:17:18,370 - INFO - Python version 3.11.9 | packaged by conda-forge | (main, Apr 19 2024, 18:36:13) [GCC 12.3.0]
2024-08-05 17:17:18,370 - INFO - Platform: Linux-6.8.0-1011-aws-x86_64-with-glibc2.39
2024-08-05 17:17:18,370 - INFO - Setting up model configuration
2024-08-05 17:17:18,370 - INFO - Model type is: VegetationModel
2024-08-05 17:17:18,370 - INFO - Configuration variable `out_dir`: ./no_vegetation_output
2024-08-05 17:17:18,370 - INFO - Configuration variable `verbose`: 1
2024-08-05 17:17:18,370 - INFO - Configuration variable `seed`: None
2024-08-05 17:17:18,370 - INFO - Configuration variable `Length`: 3000.0
2024-08-05 17:17:18,370 - INFO - Configuration variable `Width`: 6000.0
2024-08-05 17:17:18,370 - INFO - Configuration variable `dx`: 50
2024-08-05 17:17:18,370 - INFO - Configuration variable `L0_meters`: 150
2024-08-05 17:17:18,370 - INFO - Configuration variable `S0`: 0.00015
2024-08-05 17:17:18,370 - INFO - Configuration variable `itermax`: 2
2024-08-05 17:17:18,370 - INFO - Configuration variable `Np_water`: 500
2024-08-05 17:17:18,370 - INFO - Configuration variable `u0`: 1.1
2024-08-05 17:17:18,370 - INFO - Configuration variable `N0_meters`: 150
2024-08-05 17:17:18,370 - INFO - Configuration variable `h0`: 4
2024-08-05 17:17:18,370 - INFO - Configuration variable `hb`: None
2024-08-05 17:17:18,370 - INFO - Configuration variable `H_SL`: 0.0
2024-08-05 17:17:18,370 - INFO - Configuration variable `SLR`: 0.0
2024-08-05 17:17:18,370 - INFO - Configuration variable `Np_sed`: 500
2024-08-05 17:17:18,370 - INFO - Configuration variable `f_bedload`: 0.5
2024-08-05 17:17:18,370 - INFO - Configuration variable `active_layer_thickness`: None
2024-08-05 17:17:18,370 - INFO - Configuration variable `C0_percent`: 0.1
2024-08-05 17:17:18,370 - INFO - Configuration variable `Csmooth`: 0.9
2024-08-05 17:17:18,370 - INFO - Configuration variable `toggle_subsidence`: False
2024-08-05 17:17:18,370 - INFO - Configuration variable `subsidence_rate`: 2e-09
2024-08-05 17:17:18,370 - INFO - Configuration variable `start_subsidence`: 216000
2024-08-05 17:17:18,370 - INFO - Configuration variable `save_eta_figs`: True
2024-08-05 17:17:18,370 - INFO - Configuration variable `save_stage_figs`: False
2024-08-05 17:17:18,370 - INFO - Configuration variable `save_depth_figs`: False
2024-08-05 17:17:18,370 - INFO - Configuration variable `save_discharge_figs`: False
2024-08-05 17:17:18,370 - INFO - Configuration variable `save_velocity_figs`: False
2024-08-05 17:17:18,370 - INFO - Configuration variable `save_sedflux_figs`: False
2024-08-05 17:17:18,370 - INFO - Configuration variable `save_sandfrac_figs`: False
2024-08-05 17:17:18,370 - INFO - Configuration variable `save_figs_sequential`: True
2024-08-05 17:17:18,370 - INFO - Configuration variable `save_metadata`: False
2024-08-05 17:17:18,370 - INFO - Configuration variable `save_eta_grids`: True
2024-08-05 17:17:18,371 - INFO - Configuration variable `save_stage_grids`: False
2024-08-05 17:17:18,371 - INFO - Configuration variable `save_depth_grids`: False
2024-08-05 17:17:18,371 - INFO - Configuration variable `save_discharge_grids`: False
2024-08-05 17:17:18,371 - INFO - Configuration variable `save_velocity_grids`: True
2024-08-05 17:17:18,371 - INFO - Configuration variable `save_sedflux_grids`: False
2024-08-05 17:17:18,371 - INFO - Configuration variable `save_sandfrac_grids`: True
2024-08-05 17:17:18,371 - INFO - Configuration variable `save_discharge_components`: False
2024-08-05 17:17:18,371 - INFO - Configuration variable `save_velocity_components`: False
2024-08-05 17:17:18,371 - INFO - Configuration variable `save_dt`: 86400
2024-08-05 17:17:18,371 - INFO - Configuration variable `checkpoint_dt`: None
2024-08-05 17:17:18,371 - INFO - Configuration variable `save_checkpoint`: True
2024-08-05 17:17:18,371 - INFO - Configuration variable `resume_checkpoint`: False
2024-08-05 17:17:18,371 - INFO - Configuration variable `omega_sfc`: 0.1
2024-08-05 17:17:18,371 - INFO - Configuration variable `omega_flow`: 0.9
2024-08-05 17:17:18,371 - INFO - Configuration variable `Nsmooth`: 10
2024-08-05 17:17:18,371 - INFO - Configuration variable `theta_water`: 1.0
2024-08-05 17:17:18,371 - INFO - Configuration variable `coeff_theta_sand`: 2.0
2024-08-05 17:17:18,371 - INFO - Configuration variable `coeff_theta_mud`: 1.0
2024-08-05 17:17:18,371 - INFO - Configuration variable `beta`: 3
2024-08-05 17:17:18,371 - INFO - Configuration variable `sed_lag`: 1.0
2024-08-05 17:17:18,371 - INFO - Configuration variable `coeff_U_dep_mud`: 0.3
2024-08-05 17:17:18,371 - INFO - Configuration variable `coeff_U_ero_mud`: 1.5
2024-08-05 17:17:18,371 - INFO - Configuration variable `coeff_U_ero_sand`: 1.05
2024-08-05 17:17:18,371 - INFO - Configuration variable `alpha`: 0.1
2024-08-05 17:17:18,371 - INFO - Configuration variable `stepmax`: None
2024-08-05 17:17:18,371 - INFO - Configuration variable `sand_frac_bc`: 0
2024-08-05 17:17:18,371 - INFO - Configuration variable `clobber_netcdf`: True
2024-08-05 17:17:18,371 - INFO - Configuration variable `legacy_netcdf`: False
2024-08-05 17:17:18,371 - INFO - Configuration variable `vegetation`: False
2024-08-05 17:17:18,371 - INFO - Configuration variable `save_veg_frac_figs`: True
2024-08-05 17:17:18,371 - INFO - Configuration variable `p_veg_d_root`: 0.2
2024-08-05 17:17:18,371 - INFO - Configuration variable `p_veg_d_stem`: 0.06
2024-08-05 17:17:18,371 - INFO - Configuration variable `p_veg_K`: 800
2024-08-05 17:17:18,371 - INFO - Configuration variable `p_veg_r`: 1
2024-08-05 17:17:18,371 - INFO - Configuration variable `p_veg_est_flood_dur`: 3
2024-08-05 17:17:18,371 - INFO - Configuration variable `p_veg_est_inter_dur`: 100
2024-08-05 17:17:18,371 - INFO - Configuration variable `p_veg_est_depth`: 0.5
2024-08-05 17:17:18,371 - INFO - Configuration variable `p_veg_est_roc`: 0.01
2024-08-05 17:17:18,371 - INFO - Configuration variable `p_veg_est_init`: 0.05
2024-08-05 17:17:18,422 - INFO - Random seed is: 4264962650 
2024-08-05 17:17:18,422 - INFO - Setting other variables
2024-08-05 17:17:18,422 - INFO - Setting model constants
2024-08-05 17:17:18,422 - INFO - Creating model domain
2024-08-05 17:17:18,431 - INFO - Initializing sediment routers
2024-08-05 17:17:22,263 - INFO - Initializing subsidence
2024-08-05 17:17:22,263 - INFO - Initializing output NetCDF4 file
2024-08-05 17:17:22,263 - WARNING - Replacing existing netCDF file
2024-08-05 17:17:22,272 - INFO - Saving data to output file: 00000
2024-08-05 17:17:22,485 - INFO - Saving checkpoint
2024-08-05 17:17:22,488 - INFO - Model initialization complete
2024-08-05 17:17:22,488 - INFO - Time: 0.0; timestep: 0
2024-08-05 17:17:45,673 - INFO - Time: 13636.4; timestep: 1
2024-08-05 17:17:45,998 - INFO - Time: 27272.7; timestep: 2
2024-08-05 17:17:46,387 - INFO - Time: 40909.1; timestep: 3
2024-08-05 17:17:46,826 - INFO - Time: 54545.5; timestep: 4
2024-08-05 17:17:47,311 - INFO - Time: 68181.8; timestep: 5
2024-08-05 17:17:47,723 - INFO - Time: 81818.2; timestep: 6
2024-08-05 17:17:48,115 - INFO - Time: 95454.5; timestep: 7
2024-08-05 17:17:48,115 - INFO - Saving data to output file: 00001
2024-08-05 17:17:48,289 - INFO - Saving checkpoint
2024-08-05 17:17:48,700 - INFO - Time: 109090.9; timestep: 8
2024-08-05 17:17:49,075 - INFO - Time: 122727.3; timestep: 9
2024-08-05 17:17:49,428 - INFO - Time: 136363.6; timestep: 10
2024-08-05 17:17:49,757 - INFO - Time: 150000.0; timestep: 11
2024-08-05 17:17:50,062 - INFO - Time: 163636.4; timestep: 12
2024-08-05 17:17:50,380 - INFO - Time: 177272.7; timestep: 13
2024-08-05 17:17:50,662 - INFO - Time: 190909.1; timestep: 14
2024-08-05 17:17:50,662 - INFO - Saving data to output file: 00002
2024-08-05 17:17:50,826 - INFO - Saving checkpoint
2024-08-05 17:17:51,149 - INFO - Time: 204545.5; timestep: 15
2024-08-05 17:17:51,429 - INFO - Time: 218181.8; timestep: 16
2024-08-05 17:17:51,684 - INFO - Time: 231818.2; timestep: 17
2024-08-05 17:17:51,932 - INFO - Time: 245454.5; timestep: 18
2024-08-05 17:17:52,172 - INFO - Time: 259090.9; timestep: 19
2024-08-05 17:17:52,411 - INFO - Time: 272727.3; timestep: 20
2024-08-05 17:17:52,651 - INFO - Time: 286363.6; timestep: 21
2024-08-05 17:17:52,652 - INFO - Saving data to output file: 00003
2024-08-05 17:17:52,821 - INFO - Saving checkpoint
2024-08-05 17:17:53,114 - INFO - Time: 300000.0; timestep: 22
2024-08-05 17:17:53,352 - INFO - Time: 313636.4; timestep: 23
2024-08-05 17:17:53,575 - INFO - Time: 327272.7; timestep: 24
2024-08-05 17:17:53,814 - INFO - Time: 340909.1; timestep: 25
2024-08-05 17:17:54,058 - INFO - Time: 354545.5; timestep: 26
2024-08-05 17:17:54,288 - INFO - Time: 368181.8; timestep: 27
2024-08-05 17:17:54,503 - INFO - Time: 381818.2; timestep: 28
2024-08-05 17:17:54,503 - INFO - Saving data to output file: 00004
2024-08-05 17:17:54,678 - INFO - Saving checkpoint
2024-08-05 17:17:54,916 - INFO - Time: 395454.5; timestep: 29
2024-08-05 17:17:55,129 - INFO - Time: 409090.9; timestep: 30
2024-08-05 17:17:55,336 - INFO - Time: 422727.3; timestep: 31
2024-08-05 17:17:55,554 - INFO - Time: 436363.6; timestep: 32
2024-08-05 17:17:55,774 - INFO - Time: 450000.0; timestep: 33
2024-08-05 17:17:55,996 - INFO - Time: 463636.4; timestep: 34
2024-08-05 17:17:56,223 - INFO - Time: 477272.7; timestep: 35
2024-08-05 17:17:56,223 - INFO - Saving data to output file: 00005
2024-08-05 17:17:56,394 - INFO - Saving checkpoint
2024-08-05 17:17:56,608 - INFO - Time: 490909.1; timestep: 36
2024-08-05 17:17:56,818 - INFO - Time: 504545.5; timestep: 37
2024-08-05 17:17:57,029 - INFO - Time: 518181.8; timestep: 38
2024-08-05 17:17:57,237 - INFO - Time: 531818.2; timestep: 39
2024-08-05 17:17:57,436 - INFO - Time: 545454.5; timestep: 40
2024-08-05 17:17:57,645 - INFO - Time: 559090.9; timestep: 41
2024-08-05 17:17:57,843 - INFO - Time: 572727.3; timestep: 42
2024-08-05 17:17:57,843 - INFO - Saving data to output file: 00006
2024-08-05 17:17:58,018 - INFO - Saving checkpoint
2024-08-05 17:17:58,253 - INFO - Time: 586363.6; timestep: 43
2024-08-05 17:17:58,452 - INFO - Time: 600000.0; timestep: 44
2024-08-05 17:17:58,647 - INFO - Time: 613636.4; timestep: 45
2024-08-05 17:17:58,848 - INFO - Time: 627272.7; timestep: 46
2024-08-05 17:17:59,040 - INFO - Time: 640909.1; timestep: 47
2024-08-05 17:17:59,236 - INFO - Time: 654545.5; timestep: 48
2024-08-05 17:17:59,430 - INFO - Time: 668181.8; timestep: 49
2024-08-05 17:17:59,430 - INFO - Saving data to output file: 00007
2024-08-05 17:17:59,724 - INFO - Saving checkpoint
2024-08-05 17:17:59,958 - INFO - Time: 681818.2; timestep: 50
2024-08-05 17:18:00,142 - INFO - Time: 695454.5; timestep: 51
2024-08-05 17:18:00,335 - INFO - Time: 709090.9; timestep: 52
2024-08-05 17:18:00,525 - INFO - Time: 722727.3; timestep: 53
2024-08-05 17:18:00,711 - INFO - Time: 736363.6; timestep: 54
2024-08-05 17:18:00,893 - INFO - Time: 750000.0; timestep: 55
2024-08-05 17:18:01,084 - INFO - Time: 763636.4; timestep: 56
2024-08-05 17:18:01,084 - INFO - Saving data to output file: 00008
2024-08-05 17:18:01,264 - INFO - Saving checkpoint
2024-08-05 17:18:01,460 - INFO - Time: 777272.7; timestep: 57
2024-08-05 17:18:01,640 - INFO - Time: 790909.1; timestep: 58
2024-08-05 17:18:01,819 - INFO - Time: 804545.5; timestep: 59
2024-08-05 17:18:01,998 - INFO - Time: 818181.8; timestep: 60
2024-08-05 17:18:02,175 - INFO - Time: 831818.2; timestep: 61
2024-08-05 17:18:02,354 - INFO - Time: 845454.5; timestep: 62
2024-08-05 17:18:02,539 - INFO - Time: 859090.9; timestep: 63
2024-08-05 17:18:02,539 - INFO - Saving data to output file: 00009
2024-08-05 17:18:02,710 - INFO - Saving checkpoint
2024-08-05 17:18:02,922 - INFO - Time: 872727.3; timestep: 64
2024-08-05 17:18:03,109 - INFO - Time: 886363.6; timestep: 65
2024-08-05 17:18:03,300 - INFO - Time: 900000.0; timestep: 66
2024-08-05 17:18:03,493 - INFO - Time: 913636.4; timestep: 67
2024-08-05 17:18:03,674 - INFO - Time: 927272.7; timestep: 68
2024-08-05 17:18:03,864 - INFO - Time: 940909.1; timestep: 69
2024-08-05 17:18:04,042 - INFO - Time: 954545.5; timestep: 70
2024-08-05 17:18:04,043 - INFO - Saving data to output file: 00010
2024-08-05 17:18:04,218 - INFO - Saving checkpoint
2024-08-05 17:18:04,438 - INFO - Time: 968181.8; timestep: 71
2024-08-05 17:18:04,622 - INFO - Time: 981818.2; timestep: 72
2024-08-05 17:18:04,807 - INFO - Time: 995454.5; timestep: 73
2024-08-05 17:18:04,992 - INFO - Time: 1009090.9; timestep: 74
2024-08-05 17:18:05,177 - INFO - Time: 1022727.3; timestep: 75
2024-08-05 17:18:05,364 - INFO - Time: 1036363.6; timestep: 76
2024-08-05 17:18:05,547 - INFO - Time: 1050000.0; timestep: 77
2024-08-05 17:18:05,547 - INFO - Saving data to output file: 00011
2024-08-05 17:18:05,718 - INFO - Saving checkpoint
2024-08-05 17:18:05,950 - INFO - Time: 1063636.4; timestep: 78
2024-08-05 17:18:06,143 - INFO - Time: 1077272.7; timestep: 79
2024-08-05 17:18:06,333 - INFO - Time: 1090909.1; timestep: 80
2024-08-05 17:18:06,524 - INFO - Time: 1104545.5; timestep: 81
2024-08-05 17:18:06,709 - INFO - Time: 1118181.8; timestep: 82
2024-08-05 17:18:06,892 - INFO - Time: 1131818.2; timestep: 83
2024-08-05 17:18:07,080 - INFO - Time: 1145454.5; timestep: 84
2024-08-05 17:18:07,081 - INFO - Saving data to output file: 00012
2024-08-05 17:18:07,229 - INFO - Saving checkpoint
2024-08-05 17:18:07,446 - INFO - Time: 1159090.9; timestep: 85
2024-08-05 17:18:07,632 - INFO - Time: 1172727.3; timestep: 86
2024-08-05 17:18:07,821 - INFO - Time: 1186363.6; timestep: 87
2024-08-05 17:18:08,004 - INFO - Time: 1200000.0; timestep: 88
2024-08-05 17:18:08,187 - INFO - Time: 1213636.4; timestep: 89
2024-08-05 17:18:08,364 - INFO - Time: 1227272.7; timestep: 90
2024-08-05 17:18:08,552 - INFO - Time: 1240909.1; timestep: 91
2024-08-05 17:18:08,552 - INFO - Saving data to output file: 00013
2024-08-05 17:18:08,724 - INFO - Saving checkpoint
2024-08-05 17:18:08,945 - INFO - Time: 1254545.5; timestep: 92
2024-08-05 17:18:09,131 - INFO - Time: 1268181.8; timestep: 93
2024-08-05 17:18:09,316 - INFO - Time: 1281818.2; timestep: 94
2024-08-05 17:18:09,498 - INFO - Time: 1295454.5; timestep: 95
2024-08-05 17:18:09,683 - INFO - Time: 1309090.9; timestep: 96
2024-08-05 17:18:09,868 - INFO - Time: 1322727.3; timestep: 97
2024-08-05 17:18:10,058 - INFO - Time: 1336363.6; timestep: 98
2024-08-05 17:18:10,058 - INFO - Saving data to output file: 00014
2024-08-05 17:18:10,222 - INFO - Saving checkpoint
2024-08-05 17:18:10,445 - INFO - Time: 1350000.0; timestep: 99
2024-08-05 17:18:10,631 - INFO - Time: 1363636.4; timestep: 100
2024-08-05 17:18:10,813 - INFO - Time: 1377272.7; timestep: 101
2024-08-05 17:18:10,994 - INFO - Time: 1390909.1; timestep: 102
2024-08-05 17:18:11,182 - INFO - Time: 1404545.5; timestep: 103
2024-08-05 17:18:11,369 - INFO - Time: 1418181.8; timestep: 104
2024-08-05 17:18:11,552 - INFO - Time: 1431818.2; timestep: 105
2024-08-05 17:18:11,552 - INFO - Saving data to output file: 00015
2024-08-05 17:18:11,719 - INFO - Saving checkpoint
2024-08-05 17:18:11,942 - INFO - Time: 1445454.5; timestep: 106
2024-08-05 17:18:12,126 - INFO - Time: 1459090.9; timestep: 107
2024-08-05 17:18:12,312 - INFO - Time: 1472727.3; timestep: 108
2024-08-05 17:18:12,500 - INFO - Time: 1486363.6; timestep: 109
2024-08-05 17:18:12,685 - INFO - Time: 1500000.0; timestep: 110
2024-08-05 17:18:12,871 - INFO - Time: 1513636.4; timestep: 111
2024-08-05 17:18:13,059 - INFO - Time: 1527272.7; timestep: 112
2024-08-05 17:18:13,059 - INFO - Saving data to output file: 00016
2024-08-05 17:18:13,385 - INFO - Saving checkpoint
2024-08-05 17:18:13,608 - INFO - Time: 1540909.1; timestep: 113
2024-08-05 17:18:13,800 - INFO - Time: 1554545.5; timestep: 114
2024-08-05 17:18:13,992 - INFO - Time: 1568181.8; timestep: 115
2024-08-05 17:18:14,174 - INFO - Time: 1581818.2; timestep: 116
2024-08-05 17:18:14,360 - INFO - Time: 1595454.5; timestep: 117
2024-08-05 17:18:14,552 - INFO - Time: 1609090.9; timestep: 118
2024-08-05 17:18:14,745 - INFO - Time: 1622727.3; timestep: 119
2024-08-05 17:18:14,745 - INFO - Saving data to output file: 00017
2024-08-05 17:18:14,919 - INFO - Saving checkpoint
2024-08-05 17:18:15,147 - INFO - Time: 1636363.6; timestep: 120
2024-08-05 17:18:15,334 - INFO - Time: 1650000.0; timestep: 121
2024-08-05 17:18:15,527 - INFO - Time: 1663636.4; timestep: 122
2024-08-05 17:18:15,717 - INFO - Time: 1677272.7; timestep: 123
2024-08-05 17:18:15,900 - INFO - Time: 1690909.1; timestep: 124
2024-08-05 17:18:16,079 - INFO - Time: 1704545.5; timestep: 125
2024-08-05 17:18:16,262 - INFO - Time: 1718181.8; timestep: 126
2024-08-05 17:18:16,262 - INFO - Saving data to output file: 00018
2024-08-05 17:18:16,423 - INFO - Saving checkpoint
2024-08-05 17:18:16,649 - INFO - Time: 1731818.2; timestep: 127
2024-08-05 17:18:16,834 - INFO - Time: 1745454.5; timestep: 128
2024-08-05 17:18:17,012 - INFO - Time: 1759090.9; timestep: 129
2024-08-05 17:18:17,195 - INFO - Time: 1772727.3; timestep: 130
2024-08-05 17:18:17,380 - INFO - Time: 1786363.6; timestep: 131
2024-08-05 17:18:17,566 - INFO - Time: 1800000.0; timestep: 132
2024-08-05 17:18:17,756 - INFO - Time: 1813636.4; timestep: 133
2024-08-05 17:18:17,756 - INFO - Saving data to output file: 00019
2024-08-05 17:18:17,920 - INFO - Saving checkpoint
2024-08-05 17:18:18,148 - INFO - Time: 1827272.7; timestep: 134
2024-08-05 17:18:18,334 - INFO - Time: 1840909.1; timestep: 135
2024-08-05 17:18:18,525 - INFO - Time: 1854545.5; timestep: 136
2024-08-05 17:18:18,704 - INFO - Time: 1868181.8; timestep: 137
2024-08-05 17:18:18,886 - INFO - Time: 1881818.2; timestep: 138
2024-08-05 17:18:19,067 - INFO - Time: 1895454.5; timestep: 139
2024-08-05 17:18:19,256 - INFO - Time: 1909090.9; timestep: 140
2024-08-05 17:18:19,256 - INFO - Saving data to output file: 00020
2024-08-05 17:18:19,422 - INFO - Saving checkpoint
2024-08-05 17:18:19,644 - INFO - Time: 1922727.3; timestep: 141
2024-08-05 17:18:19,829 - INFO - Time: 1936363.6; timestep: 142
2024-08-05 17:18:20,023 - INFO - Time: 1950000.0; timestep: 143
2024-08-05 17:18:20,204 - INFO - Time: 1963636.4; timestep: 144
2024-08-05 17:18:20,389 - INFO - Time: 1977272.7; timestep: 145
2024-08-05 17:18:20,581 - INFO - Time: 1990909.1; timestep: 146
2024-08-05 17:18:20,771 - INFO - Time: 2004545.5; timestep: 147
2024-08-05 17:18:20,771 - INFO - Saving data to output file: 00021
2024-08-05 17:18:20,925 - INFO - Saving checkpoint
2024-08-05 17:18:21,157 - INFO - Time: 2018181.8; timestep: 148
2024-08-05 17:18:21,345 - INFO - Time: 2031818.2; timestep: 149
2024-08-05 17:18:21,538 - INFO - Time: 2045454.5; timestep: 150
2024-08-05 17:18:21,733 - INFO - Time: 2059090.9; timestep: 151
2024-08-05 17:18:21,927 - INFO - Time: 2072727.3; timestep: 152
2024-08-05 17:18:22,116 - INFO - Time: 2086363.6; timestep: 153
2024-08-05 17:18:22,310 - INFO - Time: 2100000.0; timestep: 154
2024-08-05 17:18:22,310 - INFO - Saving data to output file: 00022
2024-08-05 17:18:22,484 - INFO - Saving checkpoint
2024-08-05 17:18:22,678 - INFO - Time: 2113636.4; timestep: 155
2024-08-05 17:18:22,868 - INFO - Time: 2127272.7; timestep: 156
2024-08-05 17:18:23,056 - INFO - Time: 2140909.1; timestep: 157
2024-08-05 17:18:23,259 - INFO - Time: 2154545.5; timestep: 158
2024-08-05 17:18:23,452 - INFO - Time: 2168181.8; timestep: 159
2024-08-05 17:18:23,644 - INFO - Time: 2181818.2; timestep: 160
2024-08-05 17:18:23,839 - INFO - Time: 2195454.5; timestep: 161
2024-08-05 17:18:23,839 - INFO - Saving data to output file: 00023
2024-08-05 17:18:24,013 - INFO - Saving checkpoint
2024-08-05 17:18:24,220 - INFO - Time: 2209090.9; timestep: 162
2024-08-05 17:18:24,405 - INFO - Time: 2222727.3; timestep: 163
2024-08-05 17:18:24,594 - INFO - Time: 2236363.6; timestep: 164
2024-08-05 17:18:24,785 - INFO - Time: 2250000.0; timestep: 165
2024-08-05 17:18:24,972 - INFO - Time: 2263636.4; timestep: 166
2024-08-05 17:18:25,158 - INFO - Time: 2277272.7; timestep: 167
2024-08-05 17:18:25,352 - INFO - Time: 2290909.1; timestep: 168
2024-08-05 17:18:25,352 - INFO - Saving data to output file: 00024
2024-08-05 17:18:25,527 - INFO - Saving checkpoint
2024-08-05 17:18:25,740 - INFO - Time: 2304545.5; timestep: 169
2024-08-05 17:18:25,930 - INFO - Time: 2318181.8; timestep: 170
2024-08-05 17:18:26,121 - INFO - Time: 2331818.2; timestep: 171
2024-08-05 17:18:26,310 - INFO - Time: 2345454.5; timestep: 172
2024-08-05 17:18:26,498 - INFO - Time: 2359090.9; timestep: 173
2024-08-05 17:18:26,686 - INFO - Time: 2372727.3; timestep: 174
2024-08-05 17:18:26,871 - INFO - Time: 2386363.6; timestep: 175
2024-08-05 17:18:26,871 - INFO - Saving data to output file: 00025
2024-08-05 17:18:27,028 - INFO - Saving checkpoint
2024-08-05 17:18:27,256 - INFO - Time: 2400000.0; timestep: 176
2024-08-05 17:18:27,437 - INFO - Time: 2413636.4; timestep: 177
2024-08-05 17:18:27,626 - INFO - Time: 2427272.7; timestep: 178
2024-08-05 17:18:27,809 - INFO - Time: 2440909.1; timestep: 179
2024-08-05 17:18:27,998 - INFO - Time: 2454545.5; timestep: 180
2024-08-05 17:18:28,183 - INFO - Time: 2468181.8; timestep: 181
2024-08-05 17:18:28,367 - INFO - Time: 2481818.2; timestep: 182
2024-08-05 17:18:28,367 - INFO - Saving data to output file: 00026
2024-08-05 17:18:28,527 - INFO - Saving checkpoint
2024-08-05 17:18:28,754 - INFO - Time: 2495454.5; timestep: 183
2024-08-05 17:18:28,940 - INFO - Time: 2509090.9; timestep: 184
2024-08-05 17:18:29,122 - INFO - Time: 2522727.3; timestep: 185
2024-08-05 17:18:29,300 - INFO - Time: 2536363.6; timestep: 186
2024-08-05 17:18:29,486 - INFO - Time: 2550000.0; timestep: 187
2024-08-05 17:18:29,672 - INFO - Time: 2563636.4; timestep: 188
2024-08-05 17:18:29,856 - INFO - Time: 2577272.7; timestep: 189
2024-08-05 17:18:29,856 - INFO - Saving data to output file: 00027
2024-08-05 17:18:30,024 - INFO - Saving checkpoint
2024-08-05 17:18:30,240 - INFO - Time: 2590909.1; timestep: 190
2024-08-05 17:18:30,422 - INFO - Time: 2604545.5; timestep: 191
2024-08-05 17:18:30,615 - INFO - Time: 2618181.8; timestep: 192
2024-08-05 17:18:30,812 - INFO - Time: 2631818.2; timestep: 193
2024-08-05 17:18:31,001 - INFO - Time: 2645454.5; timestep: 194
2024-08-05 17:18:31,196 - INFO - Time: 2659090.9; timestep: 195
2024-08-05 17:18:31,385 - INFO - Time: 2672727.3; timestep: 196
2024-08-05 17:18:31,385 - INFO - Saving data to output file: 00028
2024-08-05 17:18:31,765 - INFO - Saving checkpoint
2024-08-05 17:18:31,967 - INFO - Time: 2686363.6; timestep: 197
2024-08-05 17:18:32,163 - INFO - Time: 2700000.0; timestep: 198
2024-08-05 17:18:32,352 - INFO - Time: 2713636.4; timestep: 199
2024-08-05 17:18:32,537 - INFO - Time: 2727272.7; timestep: 200
2024-08-05 17:18:32,734 - INFO - Time: 2740909.1; timestep: 201
2024-08-05 17:18:32,935 - INFO - Time: 2754545.5; timestep: 202
2024-08-05 17:18:33,122 - INFO - Time: 2768181.8; timestep: 203
2024-08-05 17:18:33,122 - INFO - Saving data to output file: 00029
2024-08-05 17:18:33,294 - INFO - Saving checkpoint
2024-08-05 17:18:33,486 - INFO - Time: 2781818.2; timestep: 204
2024-08-05 17:18:33,675 - INFO - Time: 2795454.5; timestep: 205
2024-08-05 17:18:33,859 - INFO - Time: 2809090.9; timestep: 206
2024-08-05 17:18:34,042 - INFO - Time: 2822727.3; timestep: 207
2024-08-05 17:18:34,227 - INFO - Time: 2836363.6; timestep: 208
2024-08-05 17:18:34,413 - INFO - Time: 2850000.0; timestep: 209
2024-08-05 17:18:34,598 - INFO - Time: 2863636.4; timestep: 210
2024-08-05 17:18:34,598 - INFO - Saving data to output file: 00030
2024-08-05 17:18:34,771 - INFO - Saving checkpoint
2024-08-05 17:18:34,968 - INFO - Time: 2877272.7; timestep: 211
2024-08-05 17:18:35,147 - INFO - Time: 2890909.1; timestep: 212
2024-08-05 17:18:35,334 - INFO - Time: 2904545.5; timestep: 213
2024-08-05 17:18:35,520 - INFO - Time: 2918181.8; timestep: 214
2024-08-05 17:18:35,703 - INFO - Time: 2931818.2; timestep: 215
2024-08-05 17:18:35,894 - INFO - Time: 2945454.5; timestep: 216
2024-08-05 17:18:36,071 - INFO - Time: 2959090.9; timestep: 217
2024-08-05 17:18:36,071 - INFO - Saving data to output file: 00031
2024-08-05 17:18:36,229 - INFO - Saving checkpoint
2024-08-05 17:18:36,453 - INFO - Time: 2972727.3; timestep: 218
2024-08-05 17:18:36,635 - INFO - Time: 2986363.6; timestep: 219
2024-08-05 17:18:36,816 - INFO - Time: 3000000.0; timestep: 220
2024-08-05 17:18:37,002 - INFO - Time: 3013636.4; timestep: 221
2024-08-05 17:18:37,193 - INFO - Time: 3027272.7; timestep: 222
2024-08-05 17:18:37,372 - INFO - Time: 3040909.1; timestep: 223
2024-08-05 17:18:37,553 - INFO - Time: 3054545.5; timestep: 224
2024-08-05 17:18:37,554 - INFO - Saving data to output file: 00032
2024-08-05 17:18:37,722 - INFO - Saving checkpoint
2024-08-05 17:18:37,956 - INFO - Time: 3068181.8; timestep: 225
2024-08-05 17:18:38,142 - INFO - Time: 3081818.2; timestep: 226
2024-08-05 17:18:38,324 - INFO - Time: 3095454.5; timestep: 227
2024-08-05 17:18:38,521 - INFO - Time: 3109090.9; timestep: 228
2024-08-05 17:18:38,728 - INFO - Time: 3122727.3; timestep: 229
2024-08-05 17:18:38,917 - INFO - Time: 3136363.6; timestep: 230
2024-08-05 17:18:39,121 - INFO - Time: 3150000.0; timestep: 231
2024-08-05 17:18:39,121 - INFO - Saving data to output file: 00033
2024-08-05 17:18:39,291 - INFO - Saving checkpoint
2024-08-05 17:18:39,489 - INFO - Time: 3163636.4; timestep: 232
2024-08-05 17:18:39,684 - INFO - Time: 3177272.7; timestep: 233
2024-08-05 17:18:39,870 - INFO - Time: 3190909.1; timestep: 234
2024-08-05 17:18:40,057 - INFO - Time: 3204545.5; timestep: 235
2024-08-05 17:18:40,249 - INFO - Time: 3218181.8; timestep: 236
2024-08-05 17:18:40,446 - INFO - Time: 3231818.2; timestep: 237
2024-08-05 17:18:40,644 - INFO - Time: 3245454.5; timestep: 238
2024-08-05 17:18:40,644 - INFO - Saving data to output file: 00034
2024-08-05 17:18:40,817 - INFO - Saving checkpoint
2024-08-05 17:18:41,045 - INFO - Time: 3259090.9; timestep: 239
2024-08-05 17:18:41,237 - INFO - Time: 3272727.3; timestep: 240
2024-08-05 17:18:41,425 - INFO - Time: 3286363.6; timestep: 241
2024-08-05 17:18:41,616 - INFO - Time: 3300000.0; timestep: 242
2024-08-05 17:18:41,803 - INFO - Time: 3313636.4; timestep: 243
2024-08-05 17:18:41,983 - INFO - Time: 3327272.7; timestep: 244
2024-08-05 17:18:42,164 - INFO - Time: 3340909.1; timestep: 245
2024-08-05 17:18:42,164 - INFO - Saving data to output file: 00035
2024-08-05 17:18:42,321 - INFO - Saving checkpoint
2024-08-05 17:18:42,550 - INFO - Time: 3354545.5; timestep: 246
2024-08-05 17:18:42,736 - INFO - Time: 3368181.8; timestep: 247
2024-08-05 17:18:42,932 - INFO - Time: 3381818.2; timestep: 248
2024-08-05 17:18:43,111 - INFO - Time: 3395454.5; timestep: 249
2024-08-05 17:18:43,300 - INFO - Time: 3409090.9; timestep: 250
2024-08-05 17:18:43,487 - INFO - Time: 3422727.3; timestep: 251
2024-08-05 17:18:43,679 - INFO - Time: 3436363.6; timestep: 252
2024-08-05 17:18:43,679 - INFO - Saving data to output file: 00036
2024-08-05 17:18:43,826 - INFO - Saving checkpoint
2024-08-05 17:18:44,060 - INFO - Time: 3450000.0; timestep: 253
2024-08-05 17:18:44,246 - INFO - Time: 3463636.4; timestep: 254
2024-08-05 17:18:44,434 - INFO - Time: 3477272.7; timestep: 255
2024-08-05 17:18:44,626 - INFO - Time: 3490909.1; timestep: 256
2024-08-05 17:18:44,814 - INFO - Time: 3504545.5; timestep: 257
2024-08-05 17:18:45,004 - INFO - Time: 3518181.8; timestep: 258
2024-08-05 17:18:45,187 - INFO - Time: 3531818.2; timestep: 259
2024-08-05 17:18:45,187 - INFO - Saving data to output file: 00037
2024-08-05 17:18:45,363 - INFO - Saving checkpoint
2024-08-05 17:18:45,558 - INFO - Time: 3545454.5; timestep: 260
2024-08-05 17:18:45,749 - INFO - Time: 3559090.9; timestep: 261
2024-08-05 17:18:45,933 - INFO - Time: 3572727.3; timestep: 262
2024-08-05 17:18:46,116 - INFO - Time: 3586363.6; timestep: 263
2024-08-05 17:18:46,303 - INFO - Time: 3600000.0; timestep: 264
2024-08-05 17:18:46,502 - INFO - Time: 3613636.4; timestep: 265
2024-08-05 17:18:46,685 - INFO - Time: 3627272.7; timestep: 266
2024-08-05 17:18:46,685 - INFO - Saving data to output file: 00038
2024-08-05 17:18:46,882 - INFO - Saving checkpoint
2024-08-05 17:18:47,088 - INFO - Time: 3640909.1; timestep: 267
2024-08-05 17:18:47,282 - INFO - Time: 3654545.5; timestep: 268
2024-08-05 17:18:47,478 - INFO - Time: 3668181.8; timestep: 269
2024-08-05 17:18:47,675 - INFO - Time: 3681818.2; timestep: 270
2024-08-05 17:18:47,865 - INFO - Time: 3695454.5; timestep: 271
2024-08-05 17:18:48,054 - INFO - Time: 3709090.9; timestep: 272
2024-08-05 17:18:48,235 - INFO - Time: 3722727.3; timestep: 273
2024-08-05 17:18:48,236 - INFO - Saving data to output file: 00039
2024-08-05 17:18:48,406 - INFO - Saving checkpoint
2024-08-05 17:18:48,619 - INFO - Time: 3736363.6; timestep: 274
2024-08-05 17:18:48,809 - INFO - Time: 3750000.0; timestep: 275
2024-08-05 17:18:49,005 - INFO - Time: 3763636.4; timestep: 276
2024-08-05 17:18:49,189 - INFO - Time: 3777272.7; timestep: 277
2024-08-05 17:18:49,381 - INFO - Time: 3790909.1; timestep: 278
2024-08-05 17:18:49,567 - INFO - Time: 3804545.5; timestep: 279
2024-08-05 17:18:49,759 - INFO - Time: 3818181.8; timestep: 280
2024-08-05 17:18:49,759 - INFO - Saving data to output file: 00040
2024-08-05 17:18:49,924 - INFO - Saving checkpoint
2024-08-05 17:18:50,155 - INFO - Time: 3831818.2; timestep: 281
2024-08-05 17:18:50,342 - INFO - Time: 3845454.5; timestep: 282
2024-08-05 17:18:50,539 - INFO - Time: 3859090.9; timestep: 283
2024-08-05 17:18:50,727 - INFO - Time: 3872727.3; timestep: 284
2024-08-05 17:18:50,924 - INFO - Time: 3886363.6; timestep: 285
2024-08-05 17:18:51,128 - INFO - Time: 3900000.0; timestep: 286
2024-08-05 17:18:51,325 - INFO - Time: 3913636.4; timestep: 287
2024-08-05 17:18:51,325 - INFO - Saving data to output file: 00041
2024-08-05 17:18:51,500 - INFO - Saving checkpoint
2024-08-05 17:18:51,706 - INFO - Time: 3927272.7; timestep: 288
2024-08-05 17:18:51,893 - INFO - Time: 3940909.1; timestep: 289
2024-08-05 17:18:52,091 - INFO - Time: 3954545.5; timestep: 290
2024-08-05 17:18:52,290 - INFO - Time: 3968181.8; timestep: 291
2024-08-05 17:18:52,483 - INFO - Time: 3981818.2; timestep: 292
2024-08-05 17:18:52,670 - INFO - Time: 3995454.5; timestep: 293
2024-08-05 17:18:52,866 - INFO - Time: 4009090.9; timestep: 294
2024-08-05 17:18:52,866 - INFO - Saving data to output file: 00042
2024-08-05 17:18:53,024 - INFO - Saving checkpoint
2024-08-05 17:18:53,257 - INFO - Time: 4022727.3; timestep: 295
2024-08-05 17:18:53,453 - INFO - Time: 4036363.6; timestep: 296
2024-08-05 17:18:53,639 - INFO - Time: 4050000.0; timestep: 297
2024-08-05 17:18:53,831 - INFO - Time: 4063636.4; timestep: 298
2024-08-05 17:18:54,018 - INFO - Time: 4077272.7; timestep: 299
2024-08-05 17:18:54,205 - INFO - Time: 4090909.1; timestep: 300
2024-08-05 17:18:54,399 - INFO - Time: 4104545.5; timestep: 301
2024-08-05 17:18:54,399 - INFO - Saving data to output file: 00043
2024-08-05 17:18:54,815 - INFO - Saving checkpoint
2024-08-05 17:18:55,048 - INFO - Time: 4118181.8; timestep: 302
2024-08-05 17:18:55,257 - INFO - Time: 4131818.2; timestep: 303
2024-08-05 17:18:55,467 - INFO - Time: 4145454.5; timestep: 304
2024-08-05 17:18:55,660 - INFO - Time: 4159090.9; timestep: 305
2024-08-05 17:18:55,849 - INFO - Time: 4172727.3; timestep: 306
2024-08-05 17:18:56,050 - INFO - Time: 4186363.6; timestep: 307
2024-08-05 17:18:56,242 - INFO - Time: 4200000.0; timestep: 308
2024-08-05 17:18:56,242 - INFO - Saving data to output file: 00044
2024-08-05 17:18:56,416 - INFO - Saving checkpoint
2024-08-05 17:18:56,659 - INFO - Time: 4213636.4; timestep: 309
2024-08-05 17:18:56,859 - INFO - Time: 4227272.7; timestep: 310
2024-08-05 17:18:57,065 - INFO - Time: 4240909.1; timestep: 311
2024-08-05 17:18:57,248 - INFO - Time: 4254545.5; timestep: 312
2024-08-05 17:18:57,438 - INFO - Time: 4268181.8; timestep: 313
2024-08-05 17:18:57,626 - INFO - Time: 4281818.2; timestep: 314
2024-08-05 17:18:57,819 - INFO - Time: 4295454.5; timestep: 315
2024-08-05 17:18:57,819 - INFO - Saving data to output file: 00045
2024-08-05 17:18:58,000 - INFO - Saving checkpoint
2024-08-05 17:18:58,194 - INFO - Time: 4309090.9; timestep: 316
2024-08-05 17:18:58,389 - INFO - Time: 4322727.3; timestep: 317
2024-08-05 17:18:58,586 - INFO - Time: 4336363.6; timestep: 318
2024-08-05 17:18:58,777 - INFO - Time: 4350000.0; timestep: 319
2024-08-05 17:18:58,973 - INFO - Time: 4363636.4; timestep: 320
2024-08-05 17:18:59,190 - INFO - Time: 4377272.7; timestep: 321
2024-08-05 17:18:59,378 - INFO - Time: 4390909.1; timestep: 322
2024-08-05 17:18:59,378 - INFO - Saving data to output file: 00046
2024-08-05 17:18:59,563 - INFO - Saving checkpoint
2024-08-05 17:18:59,761 - INFO - Time: 4404545.5; timestep: 323
2024-08-05 17:18:59,966 - INFO - Time: 4418181.8; timestep: 324
2024-08-05 17:19:00,176 - INFO - Time: 4431818.2; timestep: 325
2024-08-05 17:19:00,383 - INFO - Time: 4445454.5; timestep: 326
2024-08-05 17:19:00,571 - INFO - Time: 4459090.9; timestep: 327
2024-08-05 17:19:00,763 - INFO - Time: 4472727.3; timestep: 328
2024-08-05 17:19:00,961 - INFO - Time: 4486363.6; timestep: 329
2024-08-05 17:19:00,961 - INFO - Saving data to output file: 00047
2024-08-05 17:19:01,163 - INFO - Saving checkpoint
2024-08-05 17:19:01,382 - INFO - Time: 4500000.0; timestep: 330
2024-08-05 17:19:01,579 - INFO - Time: 4513636.4; timestep: 331
2024-08-05 17:19:01,776 - INFO - Time: 4527272.7; timestep: 332
2024-08-05 17:19:01,969 - INFO - Time: 4540909.1; timestep: 333
2024-08-05 17:19:02,165 - INFO - Time: 4554545.5; timestep: 334
2024-08-05 17:19:02,357 - INFO - Time: 4568181.8; timestep: 335
2024-08-05 17:19:02,553 - INFO - Time: 4581818.2; timestep: 336
2024-08-05 17:19:02,553 - INFO - Saving data to output file: 00048
2024-08-05 17:19:02,722 - INFO - Saving checkpoint
2024-08-05 17:19:02,962 - INFO - Time: 4595454.5; timestep: 337
2024-08-05 17:19:03,156 - INFO - Time: 4609090.9; timestep: 338
2024-08-05 17:19:03,356 - INFO - Time: 4622727.3; timestep: 339
2024-08-05 17:19:03,551 - INFO - Time: 4636363.6; timestep: 340
2024-08-05 17:19:03,743 - INFO - Time: 4650000.0; timestep: 341
2024-08-05 17:19:03,935 - INFO - Time: 4663636.4; timestep: 342
2024-08-05 17:19:04,138 - INFO - Time: 4677272.7; timestep: 343
2024-08-05 17:19:04,138 - INFO - Saving data to output file: 00049
2024-08-05 17:19:04,312 - INFO - Saving checkpoint
2024-08-05 17:19:04,523 - INFO - Time: 4690909.1; timestep: 344
2024-08-05 17:19:04,708 - INFO - Time: 4704545.5; timestep: 345
2024-08-05 17:19:04,897 - INFO - Time: 4718181.8; timestep: 346
2024-08-05 17:19:05,087 - INFO - Time: 4731818.2; timestep: 347
2024-08-05 17:19:05,285 - INFO - Time: 4745454.5; timestep: 348
2024-08-05 17:19:05,482 - INFO - Time: 4759090.9; timestep: 349
2024-08-05 17:19:05,685 - INFO - Time: 4772727.3; timestep: 350
2024-08-05 17:19:05,685 - INFO - Saving data to output file: 00050
2024-08-05 17:19:05,864 - INFO - Saving checkpoint
2024-08-05 17:19:06,084 - INFO - Time: 4786363.6; timestep: 351
2024-08-05 17:19:06,269 - INFO - Time: 4800000.0; timestep: 352
2024-08-05 17:19:06,466 - INFO - Time: 4813636.4; timestep: 353
2024-08-05 17:19:06,657 - INFO - Time: 4827272.7; timestep: 354
2024-08-05 17:19:06,849 - INFO - Time: 4840909.1; timestep: 355
2024-08-05 17:19:07,030 - INFO - Time: 4854545.5; timestep: 356
2024-08-05 17:19:07,219 - INFO - Time: 4868181.8; timestep: 357
2024-08-05 17:19:07,219 - INFO - Saving data to output file: 00051
2024-08-05 17:19:07,416 - INFO - Saving checkpoint
2024-08-05 17:19:07,653 - INFO - Time: 4881818.2; timestep: 358
2024-08-05 17:19:07,842 - INFO - Time: 4895454.5; timestep: 359
2024-08-05 17:19:08,050 - INFO - Time: 4909090.9; timestep: 360
2024-08-05 17:19:08,247 - INFO - Time: 4922727.3; timestep: 361
2024-08-05 17:19:08,447 - INFO - Time: 4936363.6; timestep: 362
2024-08-05 17:19:08,641 - INFO - Time: 4950000.0; timestep: 363
2024-08-05 17:19:08,834 - INFO - Time: 4963636.4; timestep: 364
2024-08-05 17:19:08,835 - INFO - Saving data to output file: 00052
2024-08-05 17:19:09,011 - INFO - Saving checkpoint
2024-08-05 17:19:09,214 - INFO - Time: 4977272.7; timestep: 365
2024-08-05 17:19:09,410 - INFO - Time: 4990909.1; timestep: 366
2024-08-05 17:19:09,602 - INFO - Time: 5004545.5; timestep: 367
2024-08-05 17:19:09,793 - INFO - Time: 5018181.8; timestep: 368
2024-08-05 17:19:09,984 - INFO - Time: 5031818.2; timestep: 369
2024-08-05 17:19:10,192 - INFO - Time: 5045454.5; timestep: 370
2024-08-05 17:19:10,402 - INFO - Time: 5059090.9; timestep: 371
2024-08-05 17:19:10,402 - INFO - Saving data to output file: 00053
2024-08-05 17:19:10,595 - INFO - Saving checkpoint
2024-08-05 17:19:10,788 - INFO - Time: 5072727.3; timestep: 372
2024-08-05 17:19:10,981 - INFO - Time: 5086363.6; timestep: 373
2024-08-05 17:19:11,179 - INFO - Time: 5100000.0; timestep: 374
2024-08-05 17:19:11,379 - INFO - Time: 5113636.4; timestep: 375
2024-08-05 17:19:11,566 - INFO - Time: 5127272.7; timestep: 376
2024-08-05 17:19:11,759 - INFO - Time: 5140909.1; timestep: 377
2024-08-05 17:19:11,963 - INFO - Time: 5154545.5; timestep: 378
2024-08-05 17:19:11,963 - INFO - Saving data to output file: 00054
2024-08-05 17:19:12,188 - INFO - Saving checkpoint
2024-08-05 17:19:12,401 - INFO - Time: 5168181.8; timestep: 379
2024-08-05 17:19:12,601 - INFO - Time: 5181818.2; timestep: 380
2024-08-05 17:19:12,792 - INFO - Time: 5195454.5; timestep: 381
2024-08-05 17:19:12,980 - INFO - Time: 5209090.9; timestep: 382
2024-08-05 17:19:13,167 - INFO - Time: 5222727.3; timestep: 383
2024-08-05 17:19:13,369 - INFO - Time: 5236363.6; timestep: 384
2024-08-05 17:19:13,568 - INFO - Time: 5250000.0; timestep: 385
2024-08-05 17:19:13,568 - INFO - Saving data to output file: 00055
2024-08-05 17:19:13,801 - INFO - Saving checkpoint
2024-08-05 17:19:14,018 - INFO - Time: 5263636.4; timestep: 386
2024-08-05 17:19:14,205 - INFO - Time: 5277272.7; timestep: 387
2024-08-05 17:19:14,402 - INFO - Time: 5290909.1; timestep: 388
2024-08-05 17:19:14,595 - INFO - Time: 5304545.5; timestep: 389
2024-08-05 17:19:14,800 - INFO - Time: 5318181.8; timestep: 390
2024-08-05 17:19:15,015 - INFO - Time: 5331818.2; timestep: 391
2024-08-05 17:19:15,214 - INFO - Time: 5345454.5; timestep: 392
2024-08-05 17:19:15,214 - INFO - Saving data to output file: 00056
2024-08-05 17:19:15,399 - INFO - Saving checkpoint
2024-08-05 17:19:15,614 - INFO - Time: 5359090.9; timestep: 393
2024-08-05 17:19:15,810 - INFO - Time: 5372727.3; timestep: 394
2024-08-05 17:19:16,039 - INFO - Time: 5386363.6; timestep: 395
2024-08-05 17:19:16,238 - INFO - Time: 5400000.0; timestep: 396
2024-08-05 17:19:16,453 - INFO - Time: 5413636.4; timestep: 397
2024-08-05 17:19:16,663 - INFO - Time: 5427272.7; timestep: 398
2024-08-05 17:19:16,867 - INFO - Time: 5440909.1; timestep: 399
2024-08-05 17:19:16,867 - INFO - Saving data to output file: 00057
2024-08-05 17:19:17,079 - INFO - Saving checkpoint
2024-08-05 17:19:17,284 - INFO - Time: 5454545.5; timestep: 400
2024-08-05 17:19:17,488 - INFO - Time: 5468181.8; timestep: 401
2024-08-05 17:19:17,708 - INFO - Time: 5481818.2; timestep: 402
2024-08-05 17:19:17,903 - INFO - Time: 5495454.5; timestep: 403
2024-08-05 17:19:18,117 - INFO - Time: 5509090.9; timestep: 404
2024-08-05 17:19:18,325 - INFO - Time: 5522727.3; timestep: 405
2024-08-05 17:19:18,524 - INFO - Time: 5536363.6; timestep: 406
2024-08-05 17:19:18,524 - INFO - Saving data to output file: 00058
2024-08-05 17:19:18,711 - INFO - Saving checkpoint
2024-08-05 17:19:18,923 - INFO - Time: 5550000.0; timestep: 407
2024-08-05 17:19:19,134 - INFO - Time: 5563636.4; timestep: 408
2024-08-05 17:19:19,358 - INFO - Time: 5577272.7; timestep: 409
2024-08-05 17:19:19,580 - INFO - Time: 5590909.1; timestep: 410
2024-08-05 17:19:19,793 - INFO - Time: 5604545.5; timestep: 411
2024-08-05 17:19:20,004 - INFO - Time: 5618181.8; timestep: 412
2024-08-05 17:19:20,199 - INFO - Time: 5631818.2; timestep: 413
2024-08-05 17:19:20,199 - INFO - Saving data to output file: 00059
2024-08-05 17:19:20,390 - INFO - Saving checkpoint
2024-08-05 17:19:20,604 - INFO - Time: 5645454.5; timestep: 414
2024-08-05 17:19:20,804 - INFO - Time: 5659090.9; timestep: 415
2024-08-05 17:19:21,015 - INFO - Time: 5672727.3; timestep: 416
2024-08-05 17:19:21,211 - INFO - Time: 5686363.6; timestep: 417
2024-08-05 17:19:21,416 - INFO - Time: 5700000.0; timestep: 418
2024-08-05 17:19:21,610 - INFO - Time: 5713636.4; timestep: 419
2024-08-05 17:19:21,811 - INFO - Time: 5727272.7; timestep: 420
2024-08-05 17:19:21,812 - INFO - Saving data to output file: 00060
2024-08-05 17:19:22,059 - INFO - Saving checkpoint
2024-08-05 17:19:22,283 - INFO - Time: 5740909.1; timestep: 421
2024-08-05 17:19:22,478 - INFO - Time: 5754545.5; timestep: 422
2024-08-05 17:19:22,680 - INFO - Time: 5768181.8; timestep: 423
2024-08-05 17:19:22,886 - INFO - Time: 5781818.2; timestep: 424
2024-08-05 17:19:23,085 - INFO - Time: 5795454.5; timestep: 425
2024-08-05 17:19:23,293 - INFO - Time: 5809090.9; timestep: 426
2024-08-05 17:19:23,510 - INFO - Time: 5822727.3; timestep: 427
2024-08-05 17:19:23,511 - INFO - Saving data to output file: 00061
2024-08-05 17:19:24,089 - INFO - Saving checkpoint
2024-08-05 17:19:24,323 - INFO - Time: 5836363.6; timestep: 428
2024-08-05 17:19:24,521 - INFO - Time: 5850000.0; timestep: 429
2024-08-05 17:19:24,733 - INFO - Time: 5863636.4; timestep: 430
2024-08-05 17:19:24,931 - INFO - Time: 5877272.7; timestep: 431
2024-08-05 17:19:25,144 - INFO - Time: 5890909.1; timestep: 432
2024-08-05 17:19:25,348 - INFO - Time: 5904545.5; timestep: 433
2024-08-05 17:19:25,549 - INFO - Time: 5918181.8; timestep: 434
2024-08-05 17:19:25,549 - INFO - Saving data to output file: 00062
2024-08-05 17:19:25,716 - INFO - Saving checkpoint
2024-08-05 17:19:25,966 - INFO - Time: 5931818.2; timestep: 435
2024-08-05 17:19:26,178 - INFO - Time: 5945454.5; timestep: 436
2024-08-05 17:19:26,388 - INFO - Time: 5959090.9; timestep: 437
2024-08-05 17:19:26,605 - INFO - Time: 5972727.3; timestep: 438
2024-08-05 17:19:26,821 - INFO - Time: 5986363.6; timestep: 439
2024-08-05 17:19:27,044 - INFO - Time: 6000000.0; timestep: 440
2024-08-05 17:19:27,253 - INFO - Time: 6013636.4; timestep: 441
2024-08-05 17:19:27,254 - INFO - Saving data to output file: 00063
2024-08-05 17:19:27,498 - INFO - Saving checkpoint
2024-08-05 17:19:27,729 - INFO - Time: 6027272.7; timestep: 442
2024-08-05 17:19:27,973 - INFO - Time: 6040909.1; timestep: 443
2024-08-05 17:19:28,196 - INFO - Time: 6054545.5; timestep: 444
2024-08-05 17:19:28,408 - INFO - Time: 6068181.8; timestep: 445
2024-08-05 17:19:28,621 - INFO - Time: 6081818.2; timestep: 446
2024-08-05 17:19:28,844 - INFO - Time: 6095454.5; timestep: 447
2024-08-05 17:19:29,065 - INFO - Time: 6109090.9; timestep: 448
2024-08-05 17:19:29,066 - INFO - Saving data to output file: 00064
2024-08-05 17:19:29,316 - INFO - Saving checkpoint
2024-08-05 17:19:29,549 - INFO - Time: 6122727.3; timestep: 449
2024-08-05 17:19:29,758 - INFO - Time: 6136363.6; timestep: 450
2024-08-05 17:19:29,963 - INFO - Time: 6150000.0; timestep: 451
2024-08-05 17:19:30,188 - INFO - Time: 6163636.4; timestep: 452
2024-08-05 17:19:30,391 - INFO - Time: 6177272.7; timestep: 453
2024-08-05 17:19:30,588 - INFO - Time: 6190909.1; timestep: 454
2024-08-05 17:19:30,796 - INFO - Time: 6204545.5; timestep: 455
2024-08-05 17:19:30,796 - INFO - Saving data to output file: 00065
2024-08-05 17:19:31,025 - INFO - Saving checkpoint
2024-08-05 17:19:31,274 - INFO - Time: 6218181.8; timestep: 456
2024-08-05 17:19:31,468 - INFO - Time: 6231818.2; timestep: 457
2024-08-05 17:19:31,697 - INFO - Time: 6245454.5; timestep: 458
2024-08-05 17:19:31,926 - INFO - Time: 6259090.9; timestep: 459
2024-08-05 17:19:32,151 - INFO - Time: 6272727.3; timestep: 460
2024-08-05 17:19:32,371 - INFO - Time: 6286363.6; timestep: 461
2024-08-05 17:19:32,664 - INFO - Time: 6300000.0; timestep: 462
2024-08-05 17:19:32,673 - INFO - Saving data to output file: 00066
2024-08-05 17:19:33,323 - INFO - Saving checkpoint
2024-08-05 17:19:33,618 - INFO - Time: 6313636.4; timestep: 463
2024-08-05 17:19:33,854 - INFO - Time: 6327272.7; timestep: 464
2024-08-05 17:19:34,106 - INFO - Time: 6340909.1; timestep: 465
2024-08-05 17:19:34,327 - INFO - Time: 6354545.5; timestep: 466
2024-08-05 17:19:34,537 - INFO - Time: 6368181.8; timestep: 467
2024-08-05 17:19:34,748 - INFO - Time: 6381818.2; timestep: 468
2024-08-05 17:19:34,950 - INFO - Time: 6395454.5; timestep: 469
2024-08-05 17:19:34,950 - INFO - Saving data to output file: 00067
2024-08-05 17:19:35,185 - INFO - Saving checkpoint
2024-08-05 17:19:35,401 - INFO - Time: 6409090.9; timestep: 470
2024-08-05 17:19:35,604 - INFO - Time: 6422727.3; timestep: 471
2024-08-05 17:19:35,817 - INFO - Time: 6436363.6; timestep: 472
2024-08-05 17:19:36,027 - INFO - Time: 6450000.0; timestep: 473
2024-08-05 17:19:36,238 - INFO - Time: 6463636.4; timestep: 474
2024-08-05 17:19:36,446 - INFO - Time: 6477272.7; timestep: 475
2024-08-05 17:19:36,668 - INFO - Time: 6490909.1; timestep: 476
2024-08-05 17:19:36,669 - INFO - Saving data to output file: 00068
2024-08-05 17:19:36,826 - INFO - Saving checkpoint
2024-08-05 17:19:37,093 - INFO - Time: 6504545.5; timestep: 477
2024-08-05 17:19:37,328 - INFO - Time: 6518181.8; timestep: 478
2024-08-05 17:19:37,548 - INFO - Time: 6531818.2; timestep: 479
2024-08-05 17:19:37,786 - INFO - Time: 6545454.5; timestep: 480
2024-08-05 17:19:38,000 - INFO - Time: 6559090.9; timestep: 481
2024-08-05 17:19:38,218 - INFO - Time: 6572727.3; timestep: 482
2024-08-05 17:19:38,425 - INFO - Time: 6586363.6; timestep: 483
2024-08-05 17:19:38,425 - INFO - Saving data to output file: 00069
2024-08-05 17:19:38,795 - INFO - Saving checkpoint
2024-08-05 17:19:39,120 - INFO - Time: 6600000.0; timestep: 484
2024-08-05 17:19:39,362 - INFO - Time: 6613636.4; timestep: 485
2024-08-05 17:19:39,635 - INFO - Time: 6627272.7; timestep: 486
2024-08-05 17:19:39,904 - INFO - Time: 6640909.1; timestep: 487
2024-08-05 17:19:40,757 - INFO - Time: 6654545.5; timestep: 488
2024-08-05 17:19:41,038 - INFO - Time: 6668181.8; timestep: 489
2024-08-05 17:19:41,254 - INFO - Time: 6681818.2; timestep: 490
2024-08-05 17:19:41,254 - INFO - Saving data to output file: 00070
2024-08-05 17:19:41,509 - INFO - Saving checkpoint
2024-08-05 17:19:41,737 - INFO - Time: 6695454.5; timestep: 491
2024-08-05 17:19:42,131 - INFO - Time: 6709090.9; timestep: 492
2024-08-05 17:19:42,494 - INFO - Time: 6722727.3; timestep: 493
2024-08-05 17:19:42,717 - INFO - Time: 6736363.6; timestep: 494
2024-08-05 17:19:43,003 - INFO - Time: 6750000.0; timestep: 495
2024-08-05 17:19:43,297 - INFO - Time: 6763636.4; timestep: 496
2024-08-05 17:19:43,561 - INFO - Time: 6777272.7; timestep: 497
2024-08-05 17:19:43,566 - INFO - Saving data to output file: 00071
2024-08-05 17:19:45,789 - INFO - Saving checkpoint
2024-08-05 17:19:46,126 - INFO - Time: 6790909.1; timestep: 498
2024-08-05 17:19:46,775 - INFO - Time: 6804545.5; timestep: 499
2024-08-05 17:19:47,382 - INFO - Time: 6818181.8; timestep: 500
2024-08-05 17:19:47,697 - INFO - Time: 6831818.2; timestep: 501
2024-08-05 17:19:47,952 - INFO - Time: 6845454.5; timestep: 502
2024-08-05 17:19:48,158 - INFO - Time: 6859090.9; timestep: 503
2024-08-05 17:19:48,414 - INFO - Time: 6872727.3; timestep: 504
2024-08-05 17:19:48,541 - INFO - Saving data to output file: 00072
2024-08-05 17:19:52,845 - INFO - Saving checkpoint
2024-08-05 17:19:53,090 - INFO - Time: 6886363.6; timestep: 505
2024-08-05 17:19:53,305 - INFO - Time: 6900000.0; timestep: 506
2024-08-05 17:19:53,532 - INFO - Time: 6913636.4; timestep: 507
2024-08-05 17:19:53,763 - INFO - Time: 6927272.7; timestep: 508
2024-08-05 17:19:53,987 - INFO - Time: 6940909.1; timestep: 509
2024-08-05 17:19:54,211 - INFO - Time: 6954545.5; timestep: 510
2024-08-05 17:19:54,432 - INFO - Time: 6968181.8; timestep: 511
2024-08-05 17:19:54,432 - INFO - Saving data to output file: 00073
2024-08-05 17:19:54,608 - INFO - Saving checkpoint
2024-08-05 17:19:54,859 - INFO - Time: 6981818.2; timestep: 512
2024-08-05 17:19:55,098 - INFO - Time: 6995454.5; timestep: 513
2024-08-05 17:19:55,333 - INFO - Time: 7009090.9; timestep: 514
2024-08-05 17:19:55,548 - INFO - Time: 7022727.3; timestep: 515
2024-08-05 17:19:55,763 - INFO - Time: 7036363.6; timestep: 516
2024-08-05 17:19:55,980 - INFO - Time: 7050000.0; timestep: 517
2024-08-05 17:19:56,194 - INFO - Time: 7063636.4; timestep: 518
2024-08-05 17:19:56,194 - INFO - Saving data to output file: 00074
2024-08-05 17:19:56,375 - INFO - Saving checkpoint
2024-08-05 17:19:56,607 - INFO - Time: 7077272.7; timestep: 519
2024-08-05 17:19:56,825 - INFO - Time: 7090909.1; timestep: 520
2024-08-05 17:19:57,056 - INFO - Time: 7104545.5; timestep: 521
2024-08-05 17:19:57,272 - INFO - Time: 7118181.8; timestep: 522
2024-08-05 17:19:57,483 - INFO - Time: 7131818.2; timestep: 523
2024-08-05 17:19:57,696 - INFO - Time: 7145454.5; timestep: 524
2024-08-05 17:19:57,917 - INFO - Time: 7159090.9; timestep: 525
2024-08-05 17:19:57,917 - INFO - Saving data to output file: 00075
2024-08-05 17:19:58,117 - INFO - Saving checkpoint
2024-08-05 17:19:58,358 - INFO - Time: 7172727.3; timestep: 526
2024-08-05 17:19:58,578 - INFO - Time: 7186363.6; timestep: 527
2024-08-05 17:19:58,782 - INFO - Time: 7200000.0; timestep: 528
2024-08-05 17:19:59,001 - INFO - Time: 7213636.4; timestep: 529
2024-08-05 17:19:59,216 - INFO - Time: 7227272.7; timestep: 530
2024-08-05 17:19:59,436 - INFO - Time: 7240909.1; timestep: 531
2024-08-05 17:19:59,640 - INFO - Time: 7254545.5; timestep: 532
2024-08-05 17:19:59,640 - INFO - Saving data to output file: 00076
2024-08-05 17:19:59,813 - INFO - Saving checkpoint
2024-08-05 17:20:00,061 - INFO - Time: 7268181.8; timestep: 533
2024-08-05 17:20:00,283 - INFO - Time: 7281818.2; timestep: 534
2024-08-05 17:20:00,507 - INFO - Time: 7295454.5; timestep: 535
2024-08-05 17:20:00,739 - INFO - Time: 7309090.9; timestep: 536
2024-08-05 17:20:01,007 - INFO - Time: 7322727.3; timestep: 537
2024-08-05 17:20:01,265 - INFO - Time: 7336363.6; timestep: 538
2024-08-05 17:20:01,505 - INFO - Time: 7350000.0; timestep: 539
2024-08-05 17:20:01,506 - INFO - Saving data to output file: 00077
2024-08-05 17:20:01,683 - INFO - Saving checkpoint
2024-08-05 17:20:01,927 - INFO - Time: 7363636.4; timestep: 540
2024-08-05 17:20:02,170 - INFO - Time: 7377272.7; timestep: 541
2024-08-05 17:20:02,403 - INFO - Time: 7390909.1; timestep: 542
2024-08-05 17:20:02,620 - INFO - Time: 7404545.5; timestep: 543
2024-08-05 17:20:02,828 - INFO - Time: 7418181.8; timestep: 544
2024-08-05 17:20:03,058 - INFO - Time: 7431818.2; timestep: 545
2024-08-05 17:20:03,285 - INFO - Time: 7445454.5; timestep: 546
2024-08-05 17:20:03,285 - INFO - Saving data to output file: 00078
2024-08-05 17:20:03,473 - INFO - Saving checkpoint
2024-08-05 17:20:03,692 - INFO - Time: 7459090.9; timestep: 547
2024-08-05 17:20:03,905 - INFO - Time: 7472727.3; timestep: 548
2024-08-05 17:20:04,103 - INFO - Time: 7486363.6; timestep: 549
2024-08-05 17:20:04,313 - INFO - Time: 7500000.0; timestep: 550
2024-08-05 17:20:04,512 - INFO - Time: 7513636.4; timestep: 551
2024-08-05 17:20:04,710 - INFO - Time: 7527272.7; timestep: 552
2024-08-05 17:20:04,907 - INFO - Time: 7540909.1; timestep: 553
2024-08-05 17:20:04,907 - INFO - Saving data to output file: 00079
2024-08-05 17:20:05,080 - INFO - Saving checkpoint
2024-08-05 17:20:05,307 - INFO - Time: 7554545.5; timestep: 554
2024-08-05 17:20:05,511 - INFO - Time: 7568181.8; timestep: 555
2024-08-05 17:20:05,717 - INFO - Time: 7581818.2; timestep: 556
2024-08-05 17:20:05,938 - INFO - Time: 7595454.5; timestep: 557
2024-08-05 17:20:06,138 - INFO - Time: 7609090.9; timestep: 558
2024-08-05 17:20:06,346 - INFO - Time: 7622727.3; timestep: 559
2024-08-05 17:20:06,551 - INFO - Time: 7636363.6; timestep: 560
2024-08-05 17:20:06,551 - INFO - Saving data to output file: 00080
2024-08-05 17:20:06,721 - INFO - Saving checkpoint
2024-08-05 17:20:06,975 - INFO - Time: 7650000.0; timestep: 561
2024-08-05 17:20:07,184 - INFO - Time: 7663636.4; timestep: 562
2024-08-05 17:20:07,397 - INFO - Time: 7677272.7; timestep: 563
2024-08-05 17:20:07,597 - INFO - Time: 7690909.1; timestep: 564
2024-08-05 17:20:07,797 - INFO - Time: 7704545.5; timestep: 565
2024-08-05 17:20:08,000 - INFO - Time: 7718181.8; timestep: 566
2024-08-05 17:20:08,200 - INFO - Time: 7731818.2; timestep: 567
2024-08-05 17:20:08,200 - INFO - Saving data to output file: 00081
2024-08-05 17:20:08,374 - INFO - Saving checkpoint
2024-08-05 17:20:08,581 - INFO - Time: 7745454.5; timestep: 568
2024-08-05 17:20:08,788 - INFO - Time: 7759090.9; timestep: 569
2024-08-05 17:20:08,997 - INFO - Time: 7772727.3; timestep: 570
2024-08-05 17:20:09,187 - INFO - Time: 7786363.6; timestep: 571
2024-08-05 17:20:09,397 - INFO - Time: 7800000.0; timestep: 572
2024-08-05 17:20:09,595 - INFO - Time: 7813636.4; timestep: 573
2024-08-05 17:20:09,796 - INFO - Time: 7827272.7; timestep: 574
2024-08-05 17:20:09,796 - INFO - Saving data to output file: 00082
2024-08-05 17:20:09,972 - INFO - Saving checkpoint
2024-08-05 17:20:10,186 - INFO - Time: 7840909.1; timestep: 575
2024-08-05 17:20:10,390 - INFO - Time: 7854545.5; timestep: 576
2024-08-05 17:20:10,600 - INFO - Time: 7868181.8; timestep: 577
2024-08-05 17:20:10,815 - INFO - Time: 7881818.2; timestep: 578
2024-08-05 17:20:11,021 - INFO - Time: 7895454.5; timestep: 579
2024-08-05 17:20:11,218 - INFO - Time: 7909090.9; timestep: 580
2024-08-05 17:20:11,415 - INFO - Time: 7922727.3; timestep: 581
2024-08-05 17:20:11,415 - INFO - Saving data to output file: 00083
2024-08-05 17:20:12,032 - INFO - Saving checkpoint
2024-08-05 17:20:12,238 - INFO - Time: 7936363.6; timestep: 582
2024-08-05 17:20:12,438 - INFO - Time: 7950000.0; timestep: 583
2024-08-05 17:20:12,633 - INFO - Time: 7963636.4; timestep: 584
2024-08-05 17:20:12,838 - INFO - Time: 7977272.7; timestep: 585
2024-08-05 17:20:13,059 - INFO - Time: 7990909.1; timestep: 586
2024-08-05 17:20:13,289 - INFO - Time: 8004545.5; timestep: 587
2024-08-05 17:20:13,501 - INFO - Time: 8018181.8; timestep: 588
2024-08-05 17:20:13,501 - INFO - Saving data to output file: 00084
2024-08-05 17:20:13,672 - INFO - Saving checkpoint
2024-08-05 17:20:13,872 - INFO - Time: 8031818.2; timestep: 589
2024-08-05 17:20:14,070 - INFO - Time: 8045454.5; timestep: 590
2024-08-05 17:20:14,272 - INFO - Time: 8059090.9; timestep: 591
2024-08-05 17:20:14,468 - INFO - Time: 8072727.3; timestep: 592
2024-08-05 17:20:14,665 - INFO - Time: 8086363.6; timestep: 593
2024-08-05 17:20:14,859 - INFO - Time: 8100000.0; timestep: 594
2024-08-05 17:20:15,068 - INFO - Time: 8113636.4; timestep: 595
2024-08-05 17:20:15,068 - INFO - Saving data to output file: 00085
2024-08-05 17:20:15,225 - INFO - Saving checkpoint
2024-08-05 17:20:15,476 - INFO - Time: 8127272.7; timestep: 596
2024-08-05 17:20:15,682 - INFO - Time: 8140909.1; timestep: 597
2024-08-05 17:20:15,889 - INFO - Time: 8154545.5; timestep: 598
2024-08-05 17:20:16,101 - INFO - Time: 8168181.8; timestep: 599
2024-08-05 17:20:16,300 - INFO - Time: 8181818.2; timestep: 600
2024-08-05 17:20:16,512 - INFO - Time: 8195454.5; timestep: 601
2024-08-05 17:20:16,724 - INFO - Time: 8209090.9; timestep: 602
2024-08-05 17:20:16,724 - INFO - Saving data to output file: 00086
2024-08-05 17:20:16,898 - INFO - Saving checkpoint
2024-08-05 17:20:17,113 - INFO - Time: 8222727.3; timestep: 603
2024-08-05 17:20:17,313 - INFO - Time: 8236363.6; timestep: 604
2024-08-05 17:20:17,518 - INFO - Time: 8250000.0; timestep: 605
2024-08-05 17:20:17,725 - INFO - Time: 8263636.4; timestep: 606
2024-08-05 17:20:17,923 - INFO - Time: 8277272.7; timestep: 607
2024-08-05 17:20:18,127 - INFO - Time: 8290909.1; timestep: 608
2024-08-05 17:20:18,330 - INFO - Time: 8304545.5; timestep: 609
2024-08-05 17:20:18,331 - INFO - Saving data to output file: 00087
2024-08-05 17:20:18,510 - INFO - Saving checkpoint
2024-08-05 17:20:18,728 - INFO - Time: 8318181.8; timestep: 610
2024-08-05 17:20:18,921 - INFO - Time: 8331818.2; timestep: 611
2024-08-05 17:20:19,132 - INFO - Time: 8345454.5; timestep: 612
2024-08-05 17:20:19,338 - INFO - Time: 8359090.9; timestep: 613
2024-08-05 17:20:19,550 - INFO - Time: 8372727.3; timestep: 614
2024-08-05 17:20:19,765 - INFO - Time: 8386363.6; timestep: 615
2024-08-05 17:20:19,972 - INFO - Time: 8400000.0; timestep: 616
2024-08-05 17:20:19,972 - INFO - Saving data to output file: 00088
2024-08-05 17:20:20,166 - INFO - Saving checkpoint
2024-08-05 17:20:20,391 - INFO - Time: 8413636.4; timestep: 617
2024-08-05 17:20:20,600 - INFO - Time: 8427272.7; timestep: 618
2024-08-05 17:20:20,812 - INFO - Time: 8440909.1; timestep: 619
2024-08-05 17:20:21,010 - INFO - Time: 8454545.5; timestep: 620
2024-08-05 17:20:21,227 - INFO - Time: 8468181.8; timestep: 621
2024-08-05 17:20:21,443 - INFO - Time: 8481818.2; timestep: 622
2024-08-05 17:20:21,663 - INFO - Time: 8495454.5; timestep: 623
2024-08-05 17:20:21,663 - INFO - Saving data to output file: 00089
2024-08-05 17:20:21,825 - INFO - Saving checkpoint
2024-08-05 17:20:22,082 - INFO - Time: 8509090.9; timestep: 624
2024-08-05 17:20:22,288 - INFO - Time: 8522727.3; timestep: 625
2024-08-05 17:20:22,491 - INFO - Time: 8536363.6; timestep: 626
2024-08-05 17:20:22,701 - INFO - Time: 8550000.0; timestep: 627
2024-08-05 17:20:22,913 - INFO - Time: 8563636.4; timestep: 628
2024-08-05 17:20:23,124 - INFO - Time: 8577272.7; timestep: 629
2024-08-05 17:20:23,327 - INFO - Time: 8590909.1; timestep: 630
2024-08-05 17:20:23,327 - INFO - Saving data to output file: 00090
2024-08-05 17:20:23,527 - INFO - Saving checkpoint
2024-08-05 17:20:23,754 - INFO - Time: 8604545.5; timestep: 631
2024-08-05 17:20:23,961 - INFO - Time: 8618181.8; timestep: 632
2024-08-05 17:20:24,170 - INFO - Time: 8631818.2; timestep: 633
2024-08-05 17:20:24,388 - INFO - Time: 8645454.5; timestep: 634
2024-08-05 17:20:24,602 - INFO - Time: 8659090.9; timestep: 635
2024-08-05 17:20:24,821 - INFO - Time: 8672727.3; timestep: 636
2024-08-05 17:20:25,035 - INFO - Time: 8686363.6; timestep: 637
2024-08-05 17:20:25,035 - INFO - Saving data to output file: 00091
2024-08-05 17:20:25,211 - INFO - Saving checkpoint
2024-08-05 17:20:25,445 - INFO - Time: 8700000.0; timestep: 638
2024-08-05 17:20:25,659 - INFO - Time: 8713636.4; timestep: 639
2024-08-05 17:20:25,868 - INFO - Time: 8727272.7; timestep: 640
2024-08-05 17:20:26,079 - INFO - Time: 8740909.1; timestep: 641
2024-08-05 17:20:26,298 - INFO - Time: 8754545.5; timestep: 642
2024-08-05 17:20:26,504 - INFO - Time: 8768181.8; timestep: 643
2024-08-05 17:20:26,718 - INFO - Time: 8781818.2; timestep: 644
2024-08-05 17:20:26,718 - INFO - Saving data to output file: 00092
2024-08-05 17:20:26,896 - INFO - Saving checkpoint
2024-08-05 17:20:27,118 - INFO - Time: 8795454.5; timestep: 645
2024-08-05 17:20:27,320 - INFO - Time: 8809090.9; timestep: 646
2024-08-05 17:20:27,527 - INFO - Time: 8822727.3; timestep: 647
2024-08-05 17:20:27,734 - INFO - Time: 8836363.6; timestep: 648
2024-08-05 17:20:27,951 - INFO - Time: 8850000.0; timestep: 649
2024-08-05 17:20:28,166 - INFO - Time: 8863636.4; timestep: 650
2024-08-05 17:20:28,376 - INFO - Time: 8877272.7; timestep: 651
2024-08-05 17:20:28,376 - INFO - Saving data to output file: 00093
2024-08-05 17:20:28,574 - INFO - Saving checkpoint
2024-08-05 17:20:28,810 - INFO - Time: 8890909.1; timestep: 652
2024-08-05 17:20:29,036 - INFO - Time: 8904545.5; timestep: 653
2024-08-05 17:20:29,257 - INFO - Time: 8918181.8; timestep: 654
2024-08-05 17:20:29,472 - INFO - Time: 8931818.2; timestep: 655
2024-08-05 17:20:29,693 - INFO - Time: 8945454.5; timestep: 656
2024-08-05 17:20:29,902 - INFO - Time: 8959090.9; timestep: 657
2024-08-05 17:20:30,122 - INFO - Time: 8972727.3; timestep: 658
2024-08-05 17:20:30,122 - INFO - Saving data to output file: 00094
2024-08-05 17:20:30,293 - INFO - Saving checkpoint
2024-08-05 17:20:30,518 - INFO - Time: 8986363.6; timestep: 659
2024-08-05 17:20:30,728 - INFO - Time: 9000000.0; timestep: 660
2024-08-05 17:20:30,934 - INFO - Time: 9013636.4; timestep: 661
2024-08-05 17:20:31,145 - INFO - Time: 9027272.7; timestep: 662
2024-08-05 17:20:31,354 - INFO - Time: 9040909.1; timestep: 663
2024-08-05 17:20:31,577 - INFO - Time: 9054545.5; timestep: 664
2024-08-05 17:20:31,790 - INFO - Time: 9068181.8; timestep: 665
2024-08-05 17:20:31,790 - INFO - Saving data to output file: 00095
2024-08-05 17:20:32,001 - INFO - Saving checkpoint
2024-08-05 17:20:32,219 - INFO - Time: 9081818.2; timestep: 666
2024-08-05 17:20:32,428 - INFO - Time: 9095454.5; timestep: 667
2024-08-05 17:20:32,643 - INFO - Time: 9109090.9; timestep: 668
2024-08-05 17:20:32,851 - INFO - Time: 9122727.3; timestep: 669
2024-08-05 17:20:33,059 - INFO - Time: 9136363.6; timestep: 670
2024-08-05 17:20:33,277 - INFO - Time: 9150000.0; timestep: 671
2024-08-05 17:20:33,497 - INFO - Time: 9163636.4; timestep: 672
2024-08-05 17:20:33,497 - INFO - Saving data to output file: 00096
2024-08-05 17:20:33,675 - INFO - Saving checkpoint
2024-08-05 17:20:33,889 - INFO - Time: 9177272.7; timestep: 673
2024-08-05 17:20:34,102 - INFO - Time: 9190909.1; timestep: 674
2024-08-05 17:20:34,310 - INFO - Time: 9204545.5; timestep: 675
2024-08-05 17:20:34,530 - INFO - Time: 9218181.8; timestep: 676
2024-08-05 17:20:34,751 - INFO - Time: 9231818.2; timestep: 677
2024-08-05 17:20:34,973 - INFO - Time: 9245454.5; timestep: 678
2024-08-05 17:20:35,184 - INFO - Time: 9259090.9; timestep: 679
2024-08-05 17:20:35,184 - INFO - Saving data to output file: 00097
2024-08-05 17:20:35,363 - INFO - Saving checkpoint
2024-08-05 17:20:35,588 - INFO - Time: 9272727.3; timestep: 680
2024-08-05 17:20:35,796 - INFO - Time: 9286363.6; timestep: 681
2024-08-05 17:20:36,016 - INFO - Time: 9300000.0; timestep: 682
2024-08-05 17:20:36,254 - INFO - Time: 9313636.4; timestep: 683
2024-08-05 17:20:36,474 - INFO - Time: 9327272.7; timestep: 684
2024-08-05 17:20:36,689 - INFO - Time: 9340909.1; timestep: 685
2024-08-05 17:20:36,907 - INFO - Time: 9354545.5; timestep: 686
2024-08-05 17:20:36,907 - INFO - Saving data to output file: 00098
2024-08-05 17:20:37,078 - INFO - Saving checkpoint
2024-08-05 17:20:37,309 - INFO - Time: 9368181.8; timestep: 687
2024-08-05 17:20:37,517 - INFO - Time: 9381818.2; timestep: 688
2024-08-05 17:20:37,737 - INFO - Time: 9395454.5; timestep: 689
2024-08-05 17:20:37,954 - INFO - Time: 9409090.9; timestep: 690
2024-08-05 17:20:38,167 - INFO - Time: 9422727.3; timestep: 691
2024-08-05 17:20:38,388 - INFO - Time: 9436363.6; timestep: 692
2024-08-05 17:20:38,605 - INFO - Time: 9450000.0; timestep: 693
2024-08-05 17:20:38,606 - INFO - Saving data to output file: 00099
2024-08-05 17:20:38,791 - INFO - Saving checkpoint
2024-08-05 17:20:39,017 - INFO - Time: 9463636.4; timestep: 694
2024-08-05 17:20:39,236 - INFO - Time: 9477272.7; timestep: 695
2024-08-05 17:20:39,452 - INFO - Time: 9490909.1; timestep: 696
2024-08-05 17:20:39,667 - INFO - Time: 9504545.5; timestep: 697
2024-08-05 17:20:39,876 - INFO - Time: 9518181.8; timestep: 698
2024-08-05 17:20:40,098 - INFO - Time: 9531818.2; timestep: 699
2024-08-05 17:20:40,317 - INFO - Time: 9545454.5; timestep: 700
2024-08-05 17:20:40,317 - INFO - Saving data to output file: 00100
2024-08-05 17:20:40,499 - INFO - Saving checkpoint
2024-08-05 17:20:40,727 - INFO - Time: 9559090.9; timestep: 701
2024-08-05 17:20:40,945 - INFO - Time: 9572727.3; timestep: 702
2024-08-05 17:20:41,162 - INFO - Time: 9586363.6; timestep: 703
2024-08-05 17:20:41,377 - INFO - Time: 9600000.0; timestep: 704
2024-08-05 17:20:41,586 - INFO - Time: 9613636.4; timestep: 705
2024-08-05 17:20:41,795 - INFO - Time: 9627272.7; timestep: 706
2024-08-05 17:20:42,012 - INFO - Time: 9640909.1; timestep: 707
2024-08-05 17:20:42,012 - INFO - Saving data to output file: 00101
2024-08-05 17:20:42,185 - INFO - Saving checkpoint
2024-08-05 17:20:42,406 - INFO - Time: 9654545.5; timestep: 708
2024-08-05 17:20:42,618 - INFO - Time: 9668181.8; timestep: 709
2024-08-05 17:20:42,838 - INFO - Time: 9681818.2; timestep: 710
2024-08-05 17:20:43,061 - INFO - Time: 9695454.5; timestep: 711
2024-08-05 17:20:43,293 - INFO - Time: 9709090.9; timestep: 712
2024-08-05 17:20:43,524 - INFO - Time: 9722727.3; timestep: 713
2024-08-05 17:20:43,745 - INFO - Time: 9736363.6; timestep: 714
2024-08-05 17:20:43,745 - INFO - Saving data to output file: 00102
2024-08-05 17:20:43,922 - INFO - Saving checkpoint
2024-08-05 17:20:44,205 - INFO - Time: 9750000.0; timestep: 715
2024-08-05 17:20:44,428 - INFO - Time: 9763636.4; timestep: 716
2024-08-05 17:20:44,652 - INFO - Time: 9777272.7; timestep: 717
2024-08-05 17:20:44,875 - INFO - Time: 9790909.1; timestep: 718
2024-08-05 17:20:45,105 - INFO - Time: 9804545.5; timestep: 719
2024-08-05 17:20:45,326 - INFO - Time: 9818181.8; timestep: 720
2024-08-05 17:20:45,548 - INFO - Time: 9831818.2; timestep: 721
2024-08-05 17:20:45,549 - INFO - Saving data to output file: 00103
2024-08-05 17:20:45,726 - INFO - Saving checkpoint
2024-08-05 17:20:45,987 - INFO - Time: 9845454.5; timestep: 722
2024-08-05 17:20:46,215 - INFO - Time: 9859090.9; timestep: 723
2024-08-05 17:20:46,434 - INFO - Time: 9872727.3; timestep: 724
2024-08-05 17:20:46,660 - INFO - Time: 9886363.6; timestep: 725
2024-08-05 17:20:46,882 - INFO - Time: 9900000.0; timestep: 726
2024-08-05 17:20:47,111 - INFO - Time: 9913636.4; timestep: 727
2024-08-05 17:20:47,325 - INFO - Time: 9927272.7; timestep: 728
2024-08-05 17:20:47,325 - INFO - Saving data to output file: 00104
2024-08-05 17:20:47,509 - INFO - Saving checkpoint
2024-08-05 17:20:47,732 - INFO - Time: 9940909.1; timestep: 729
2024-08-05 17:20:47,951 - INFO - Time: 9954545.5; timestep: 730
2024-08-05 17:20:48,180 - INFO - Time: 9968181.8; timestep: 731
2024-08-05 17:20:48,401 - INFO - Time: 9981818.2; timestep: 732
2024-08-05 17:20:48,634 - INFO - Time: 9995454.5; timestep: 733
2024-08-05 17:20:48,851 - INFO - Time: 10009090.9; timestep: 734
2024-08-05 17:20:49,090 - INFO - Time: 10022727.3; timestep: 735
2024-08-05 17:20:49,090 - INFO - Saving data to output file: 00105
2024-08-05 17:20:49,270 - INFO - Saving checkpoint
2024-08-05 17:20:49,501 - INFO - Time: 10036363.6; timestep: 736
2024-08-05 17:20:49,723 - INFO - Time: 10050000.0; timestep: 737
2024-08-05 17:20:49,948 - INFO - Time: 10063636.4; timestep: 738
2024-08-05 17:20:50,176 - INFO - Time: 10077272.7; timestep: 739
2024-08-05 17:20:50,399 - INFO - Time: 10090909.1; timestep: 740
2024-08-05 17:20:50,631 - INFO - Time: 10104545.5; timestep: 741
2024-08-05 17:20:50,857 - INFO - Time: 10118181.8; timestep: 742
2024-08-05 17:20:50,857 - INFO - Saving data to output file: 00106
2024-08-05 17:20:51,105 - INFO - Saving checkpoint
2024-08-05 17:20:51,344 - INFO - Time: 10131818.2; timestep: 743
2024-08-05 17:20:51,581 - INFO - Time: 10145454.5; timestep: 744
2024-08-05 17:20:51,815 - INFO - Time: 10159090.9; timestep: 745
2024-08-05 17:20:52,057 - INFO - Time: 10172727.3; timestep: 746
2024-08-05 17:20:52,288 - INFO - Time: 10186363.6; timestep: 747
2024-08-05 17:20:52,534 - INFO - Time: 10200000.0; timestep: 748
2024-08-05 17:20:52,774 - INFO - Time: 10213636.4; timestep: 749
2024-08-05 17:20:52,774 - INFO - Saving data to output file: 00107
2024-08-05 17:20:52,983 - INFO - Saving checkpoint
2024-08-05 17:20:53,217 - INFO - Time: 10227272.7; timestep: 750
2024-08-05 17:20:53,444 - INFO - Time: 10240909.1; timestep: 751
2024-08-05 17:20:53,677 - INFO - Time: 10254545.5; timestep: 752
2024-08-05 17:20:53,912 - INFO - Time: 10268181.8; timestep: 753
2024-08-05 17:20:54,140 - INFO - Time: 10281818.2; timestep: 754
2024-08-05 17:20:54,368 - INFO - Time: 10295454.5; timestep: 755
2024-08-05 17:20:54,602 - INFO - Time: 10309090.9; timestep: 756
2024-08-05 17:20:54,602 - INFO - Saving data to output file: 00108
2024-08-05 17:20:54,773 - INFO - Saving checkpoint
2024-08-05 17:20:55,007 - INFO - Time: 10322727.3; timestep: 757
2024-08-05 17:20:55,240 - INFO - Time: 10336363.6; timestep: 758
2024-08-05 17:20:55,468 - INFO - Time: 10350000.0; timestep: 759
2024-08-05 17:20:55,694 - INFO - Time: 10363636.4; timestep: 760
2024-08-05 17:20:55,907 - INFO - Time: 10377272.7; timestep: 761
2024-08-05 17:20:56,129 - INFO - Time: 10390909.1; timestep: 762
2024-08-05 17:20:56,344 - INFO - Time: 10404545.5; timestep: 763
2024-08-05 17:20:56,344 - INFO - Saving data to output file: 00109
2024-08-05 17:20:56,521 - INFO - Saving checkpoint
2024-08-05 17:20:56,790 - INFO - Time: 10418181.8; timestep: 764
2024-08-05 17:20:57,008 - INFO - Time: 10431818.2; timestep: 765
2024-08-05 17:20:57,232 - INFO - Time: 10445454.5; timestep: 766
2024-08-05 17:20:57,464 - INFO - Time: 10459090.9; timestep: 767
2024-08-05 17:20:57,686 - INFO - Time: 10472727.3; timestep: 768
2024-08-05 17:20:57,919 - INFO - Time: 10486363.6; timestep: 769
2024-08-05 17:20:58,155 - INFO - Time: 10500000.0; timestep: 770
2024-08-05 17:20:58,155 - INFO - Saving data to output file: 00110
2024-08-05 17:20:58,319 - INFO - Saving checkpoint
2024-08-05 17:20:58,584 - INFO - Time: 10513636.4; timestep: 771
2024-08-05 17:20:58,803 - INFO - Time: 10527272.7; timestep: 772
2024-08-05 17:20:59,045 - INFO - Time: 10540909.1; timestep: 773
2024-08-05 17:20:59,286 - INFO - Time: 10554545.5; timestep: 774
2024-08-05 17:20:59,551 - INFO - Time: 10568181.8; timestep: 775
2024-08-05 17:20:59,770 - INFO - Time: 10581818.2; timestep: 776
2024-08-05 17:20:59,991 - INFO - Time: 10595454.5; timestep: 777
2024-08-05 17:20:59,991 - INFO - Saving data to output file: 00111
2024-08-05 17:21:00,177 - INFO - Saving checkpoint
2024-08-05 17:21:00,406 - INFO - Time: 10609090.9; timestep: 778
2024-08-05 17:21:00,627 - INFO - Time: 10622727.3; timestep: 779
2024-08-05 17:21:00,857 - INFO - Time: 10636363.6; timestep: 780
2024-08-05 17:21:01,098 - INFO - Time: 10650000.0; timestep: 781
2024-08-05 17:21:01,361 - INFO - Time: 10663636.4; timestep: 782
2024-08-05 17:21:01,610 - INFO - Time: 10677272.7; timestep: 783
2024-08-05 17:21:01,838 - INFO - Time: 10690909.1; timestep: 784
2024-08-05 17:21:01,838 - INFO - Saving data to output file: 00112
2024-08-05 17:21:02,636 - INFO - Saving checkpoint
2024-08-05 17:21:02,924 - INFO - Time: 10704545.5; timestep: 785
2024-08-05 17:21:03,155 - INFO - Time: 10718181.8; timestep: 786
2024-08-05 17:21:03,383 - INFO - Time: 10731818.2; timestep: 787
2024-08-05 17:21:03,624 - INFO - Time: 10745454.5; timestep: 788
2024-08-05 17:21:03,858 - INFO - Time: 10759090.9; timestep: 789
2024-08-05 17:21:04,100 - INFO - Time: 10772727.3; timestep: 790
2024-08-05 17:21:04,350 - INFO - Time: 10786363.6; timestep: 791
2024-08-05 17:21:04,351 - INFO - Saving data to output file: 00113
2024-08-05 17:21:04,566 - INFO - Saving checkpoint
2024-08-05 17:21:04,812 - INFO - Time: 10800000.0; timestep: 792
2024-08-05 17:21:05,048 - INFO - Time: 10813636.4; timestep: 793
2024-08-05 17:21:05,283 - INFO - Time: 10827272.7; timestep: 794
2024-08-05 17:21:05,522 - INFO - Time: 10840909.1; timestep: 795
2024-08-05 17:21:05,752 - INFO - Time: 10854545.5; timestep: 796
2024-08-05 17:21:05,980 - INFO - Time: 10868181.8; timestep: 797
2024-08-05 17:21:06,231 - INFO - Time: 10881818.2; timestep: 798
2024-08-05 17:21:06,231 - INFO - Saving data to output file: 00114
2024-08-05 17:21:06,524 - INFO - Saving checkpoint
2024-08-05 17:21:06,762 - INFO - Time: 10895454.5; timestep: 799
2024-08-05 17:21:07,004 - INFO - Time: 10909090.9; timestep: 800
2024-08-05 17:21:07,267 - INFO - Time: 10922727.3; timestep: 801
2024-08-05 17:21:07,494 - INFO - Time: 10936363.6; timestep: 802
2024-08-05 17:21:07,714 - INFO - Time: 10950000.0; timestep: 803
2024-08-05 17:21:07,945 - INFO - Time: 10963636.4; timestep: 804
2024-08-05 17:21:08,168 - INFO - Time: 10977272.7; timestep: 805
2024-08-05 17:21:08,168 - INFO - Saving data to output file: 00115
2024-08-05 17:21:08,371 - INFO - Saving checkpoint
2024-08-05 17:21:08,613 - INFO - Time: 10990909.1; timestep: 806
2024-08-05 17:21:08,864 - INFO - Time: 11004545.5; timestep: 807
2024-08-05 17:21:09,117 - INFO - Time: 11018181.8; timestep: 808
2024-08-05 17:21:09,363 - INFO - Time: 11031818.2; timestep: 809
2024-08-05 17:21:09,613 - INFO - Time: 11045454.5; timestep: 810
2024-08-05 17:21:09,883 - INFO - Time: 11059090.9; timestep: 811
2024-08-05 17:21:10,165 - INFO - Time: 11072727.3; timestep: 812
2024-08-05 17:21:10,165 - INFO - Saving data to output file: 00116
2024-08-05 17:21:10,404 - INFO - Saving checkpoint
2024-08-05 17:21:10,642 - INFO - Time: 11086363.6; timestep: 813
2024-08-05 17:21:10,879 - INFO - Time: 11100000.0; timestep: 814
2024-08-05 17:21:11,109 - INFO - Time: 11113636.4; timestep: 815
2024-08-05 17:21:11,332 - INFO - Time: 11127272.7; timestep: 816
2024-08-05 17:21:11,552 - INFO - Time: 11140909.1; timestep: 817
2024-08-05 17:21:11,773 - INFO - Time: 11154545.5; timestep: 818
2024-08-05 17:21:12,016 - INFO - Time: 11168181.8; timestep: 819
2024-08-05 17:21:12,016 - INFO - Saving data to output file: 00117
2024-08-05 17:21:12,274 - INFO - Saving checkpoint
2024-08-05 17:21:12,526 - INFO - Time: 11181818.2; timestep: 820
2024-08-05 17:21:12,755 - INFO - Time: 11195454.5; timestep: 821
2024-08-05 17:21:12,983 - INFO - Time: 11209090.9; timestep: 822
2024-08-05 17:21:13,209 - INFO - Time: 11222727.3; timestep: 823
2024-08-05 17:21:13,444 - INFO - Time: 11236363.6; timestep: 824
2024-08-05 17:21:13,678 - INFO - Time: 11250000.0; timestep: 825
2024-08-05 17:21:13,904 - INFO - Time: 11263636.4; timestep: 826
2024-08-05 17:21:13,907 - INFO - Saving data to output file: 00118
2024-08-05 17:21:14,181 - INFO - Saving checkpoint
2024-08-05 17:21:14,429 - INFO - Time: 11277272.7; timestep: 827
2024-08-05 17:21:14,690 - INFO - Time: 11290909.1; timestep: 828
2024-08-05 17:21:14,971 - INFO - Time: 11304545.5; timestep: 829
2024-08-05 17:21:15,256 - INFO - Time: 11318181.8; timestep: 830
2024-08-05 17:21:15,503 - INFO - Time: 11331818.2; timestep: 831
2024-08-05 17:21:15,793 - INFO - Time: 11345454.5; timestep: 832
2024-08-05 17:21:16,069 - INFO - Time: 11359090.9; timestep: 833
2024-08-05 17:21:16,078 - INFO - Saving data to output file: 00119
2024-08-05 17:21:16,933 - INFO - Saving checkpoint
2024-08-05 17:21:17,313 - INFO - Time: 11372727.3; timestep: 834
2024-08-05 17:21:17,574 - INFO - Time: 11386363.6; timestep: 835
2024-08-05 17:21:17,816 - INFO - Time: 11400000.0; timestep: 836
2024-08-05 17:21:18,055 - INFO - Time: 11413636.4; timestep: 837
2024-08-05 17:21:18,418 - INFO - Time: 11427272.7; timestep: 838
2024-08-05 17:21:18,697 - INFO - Time: 11440909.1; timestep: 839
2024-08-05 17:21:18,936 - INFO - Time: 11454545.5; timestep: 840
2024-08-05 17:21:18,944 - INFO - Saving data to output file: 00120
2024-08-05 17:21:21,925 - INFO - Saving checkpoint
2024-08-05 17:21:22,229 - INFO - Time: 11468181.8; timestep: 841
2024-08-05 17:21:22,555 - INFO - Time: 11481818.2; timestep: 842
2024-08-05 17:21:22,967 - INFO - Time: 11495454.5; timestep: 843
2024-08-05 17:21:23,335 - INFO - Time: 11509090.9; timestep: 844
2024-08-05 17:21:23,630 - INFO - Time: 11522727.3; timestep: 845
2024-08-05 17:21:23,881 - INFO - Time: 11536363.6; timestep: 846
2024-08-05 17:21:24,114 - INFO - Time: 11550000.0; timestep: 847
2024-08-05 17:21:24,114 - INFO - Saving data to output file: 00121
